2020-03-06 03:38:03	INFO	hifv_fluxboot::pipeline.infrastructure.basetask::	Starting execution for stage 13
2020-03-06 03:38:03	INFO	hifv_fluxboot::pipeline.infrastructure.basetask::	Equivalent CASA call: hifv_fluxboot(pipelinemode="automatic")
2020-03-06 03:38:03	INFO	hifv_fluxboot::pipeline.hifv.tasks.fluxscale.fluxboot::	Setting models for standard primary calibrators
2020-03-06 03:38:03	INFO	pipeline.hifv.tasks.fluxscale.fluxboot::msmetadata_cmpt.cc::open	Performing internal consistency checks on /data/scratch/idchiang/EveryTHINGS/blocks/IC342.01/14B-396.sb29809142.eb30014592.56987.35765355324.ms...
2020-03-06 03:38:04	INFO	pipeline.hifv.tasks.fluxscale.fluxboot::MSMetaData::_computeScanAndSubScanProperties 	Computing scan and subscan properties...
2020-03-06 03:38:06	INFO	hifv_fluxboot::pipeline.hifv.tasks.fluxscale.fluxboot::	Center freq for spw 0 = 1052000000.0, observing band = L
2020-03-06 03:38:06	INFO	hifv_fluxboot::pipeline.hifv.tasks.fluxscale.fluxboot::	Setting model for field 0 spw 0 using 3C48_L.im
2020-03-06 03:38:06	INFO	hifv_fluxboot::pipeline.hifv.tasks.fluxscale.fluxboot::	Center freq for spw 1 = 1180000000.0, observing band = L
2020-03-06 03:38:06	INFO	hifv_fluxboot::pipeline.hifv.tasks.fluxscale.fluxboot::	Setting model for field 0 spw 1 using 3C48_L.im
2020-03-06 03:38:06	INFO	hifv_fluxboot::pipeline.hifv.tasks.fluxscale.fluxboot::	Center freq for spw 2 = 1308000000.0, observing band = L
2020-03-06 03:38:06	INFO	hifv_fluxboot::pipeline.hifv.tasks.fluxscale.fluxboot::	Setting model for field 0 spw 2 using 3C48_L.im
2020-03-06 03:38:06	INFO	hifv_fluxboot::pipeline.hifv.tasks.fluxscale.fluxboot::	Center freq for spw 3 = 1436000000.0, observing band = L
2020-03-06 03:38:06	INFO	hifv_fluxboot::pipeline.hifv.tasks.fluxscale.fluxboot::	Setting model for field 0 spw 3 using 3C48_L.im
2020-03-06 03:38:06	INFO	hifv_fluxboot::pipeline.hifv.tasks.fluxscale.fluxboot::	Center freq for spw 4 = 1564000000.0, observing band = L
2020-03-06 03:38:06	INFO	hifv_fluxboot::pipeline.hifv.tasks.fluxscale.fluxboot::	Setting model for field 0 spw 4 using 3C48_L.im
2020-03-06 03:38:06	INFO	hifv_fluxboot::pipeline.hifv.tasks.fluxscale.fluxboot::	Center freq for spw 5 = 1692000000.0, observing band = L
2020-03-06 03:38:06	INFO	hifv_fluxboot::pipeline.hifv.tasks.fluxscale.fluxboot::	Setting model for field 0 spw 5 using 3C48_L.im
2020-03-06 03:38:06	INFO	hifv_fluxboot::pipeline.hifv.tasks.fluxscale.fluxboot::	Center freq for spw 6 = 1820000000.0, observing band = L
2020-03-06 03:38:06	INFO	hifv_fluxboot::pipeline.hifv.tasks.fluxscale.fluxboot::	Setting model for field 0 spw 6 using 3C48_L.im
2020-03-06 03:38:06	INFO	hifv_fluxboot::pipeline.hifv.tasks.fluxscale.fluxboot::	Center freq for spw 7 = 1948000000.0, observing band = L
2020-03-06 03:38:06	INFO	hifv_fluxboot::pipeline.hifv.tasks.fluxscale.fluxboot::	Setting model for field 0 spw 7 using 3C48_L.im
2020-03-06 03:38:06	INFO	hifv_fluxboot::pipeline.hifv.tasks.fluxscale.fluxboot::	Center freq for spw 8 = 1420207966.0, observing band = L
2020-03-06 03:38:06	INFO	hifv_fluxboot::pipeline.hifv.tasks.fluxscale.fluxboot::	Setting model for field 0 spw 8 using 3C48_L.im
2020-03-06 03:38:06	INFO	hifv_fluxboot::pipeline.hifv.tasks.fluxscale.fluxboot::	Center freq for spw 9 = 1612005503.0, observing band = L
2020-03-06 03:38:06	INFO	hifv_fluxboot::pipeline.hifv.tasks.fluxscale.fluxboot::	Setting model for field 0 spw 9 using 3C48_L.im
2020-03-06 03:38:06	INFO	hifv_fluxboot::pipeline.hifv.tasks.fluxscale.fluxboot::	Center freq for spw 10 = 1665168099.0, observing band = L
2020-03-06 03:38:06	INFO	hifv_fluxboot::pipeline.hifv.tasks.fluxscale.fluxboot::	Setting model for field 0 spw 10 using 3C48_L.im
2020-03-06 03:38:06	INFO	hifv_fluxboot::pipeline.hifv.tasks.fluxscale.fluxboot::	Center freq for spw 11 = 1667127827.0, observing band = L
2020-03-06 03:38:06	INFO	hifv_fluxboot::pipeline.hifv.tasks.fluxscale.fluxboot::	Setting model for field 0 spw 11 using 3C48_L.im
2020-03-06 03:38:06	INFO	hifv_fluxboot::pipeline.hifv.tasks.fluxscale.fluxboot::	Center freq for spw 12 = 1720290423.0, observing band = L
2020-03-06 03:38:06	INFO	hifv_fluxboot::pipeline.hifv.tasks.fluxscale.fluxboot::	Setting model for field 0 spw 12 using 3C48_L.im
2020-03-06 03:38:06	INFO	hifv_fluxboot::pipeline.hifv.tasks.fluxscale.fluxboot::	Merging flux scaling operation for setjy jobs for /data/scratch/idchiang/EveryTHINGS/blocks/IC342.01/14B-396.sb29809142.eb30014592.56987.35765355324.ms
2020-03-06 03:38:06	INFO	hifv_fluxboot::pipeline.infrastructure.jobrequest::	Executing setjy(vis='calibrators.ms', field='0', spw='0,1,2,3,4,5,6,7,8,9,10,11,12', selectdata=False, scalebychan=True, standard='Perley-Butler 2017', model='3C48_L.im', listmodels=False, fluxdensity=-1, usescratch=True)
2020-03-06 03:38:06	INFO	setjy::::	
2020-03-06 03:38:06	INFO	setjy::::	##########################################
2020-03-06 03:38:06	INFO	setjy::::	##### Begin Task: setjy           #####
2020-03-06 03:38:06	INFO	setjy::::	
2020-03-06 03:38:07	INFO	setjy::::	{'field': '0', 'spw': '0,1,2,3,4,5,6,7,8,9,10,11,12'}
2020-03-06 03:38:07	INFO	Imager::open() 	Opening MeasurementSet /data/scratch/idchiang/EveryTHINGS/blocks/IC342.01/calibrators.ms
2020-03-06 03:38:07	INFO		Clearing all model records in MS header.
2020-03-06 03:38:07	INFO	VisSetUtil::addScrCols	Adding MODEL_DATA column(s).
2020-03-06 03:38:35	INFO	VisSetUtil::initScrCols	Initializing MODEL_DATA to (unity).
2020-03-06 03:39:53	INFO	VisSetUtil::initScrCols	Initialized 1503103 rows.
2020-03-06 03:39:53	INFO		Clearing all model records in MS header.
2020-03-06 03:39:55	INFO	setjy::::	Using /home/idchiang/bin/casa-release-5.4.1-31.el7/data/nrao/VLA/CalModels/3C48_L.im for modimage.
2020-03-06 03:39:55	INFO	setjy::::	CASA Version 5.4.1-31  
2020-03-06 03:39:55	INFO	setjy::::	
2020-03-06 03:39:56	INFO	imager::setjy()	Using channel dependent flux densities
2020-03-06 03:39:56	INFO		Clearing all model records in MS header.
2020-03-06 03:39:57	INFO	imager::data selection	Selected 724875 out of 1503103 rows.
2020-03-06 03:39:59	INFO	imager::setjy()	0137+331=3C48 (fld ind 0) spw 0  [I=21.698, Q=0, U=0, V=0] Jy @ 9.88e+08Hz, (Perley-Butler 2017)
2020-03-06 03:39:59	INFO	imager::setjy()	0137+331=3C48 (fld ind 0) spw 1  [I=19.738, Q=0, U=0, V=0] Jy @ 1.116e+09Hz, (Perley-Butler 2017)
2020-03-06 03:39:59	INFO	imager::setjy()	0137+331=3C48 (fld ind 0) spw 2  [I=18.104, Q=0, U=0, V=0] Jy @ 1.244e+09Hz, (Perley-Butler 2017)
2020-03-06 03:39:59	INFO	imager::setjy()	0137+331=3C48 (fld ind 0) spw 3  [I=16.72, Q=0, U=0, V=0] Jy @ 1.372e+09Hz, (Perley-Butler 2017)
2020-03-06 03:39:59	INFO	imager::setjy()	0137+331=3C48 (fld ind 0) spw 4  [I=15.533, Q=0, U=0, V=0] Jy @ 1.5e+09Hz, (Perley-Butler 2017)
2020-03-06 03:39:59	INFO	imager::setjy()	0137+331=3C48 (fld ind 0) spw 5  [I=14.503, Q=0, U=0, V=0] Jy @ 1.628e+09Hz, (Perley-Butler 2017)
2020-03-06 03:39:59	INFO	imager::setjy()	0137+331=3C48 (fld ind 0) spw 6  [I=13.601, Q=0, U=0, V=0] Jy @ 1.756e+09Hz, (Perley-Butler 2017)
2020-03-06 03:39:59	INFO	imager::setjy()	0137+331=3C48 (fld ind 0) spw 7  [I=12.804, Q=0, U=0, V=0] Jy @ 1.884e+09Hz, (Perley-Butler 2017)
2020-03-06 03:39:59	INFO	imager::setjy()	0137+331=3C48 (fld ind 0) spw 8  [I=16.29, Q=0, U=0, V=0] Jy @ 1.4162e+09Hz, (Perley-Butler 2017)
2020-03-06 03:39:59	INFO	imager::setjy()	0137+331=3C48 (fld ind 0) spw 9  [I=14.655, Q=0, U=0, V=0] Jy @ 1.608e+09Hz, (Perley-Butler 2017)
2020-03-06 03:39:59	INFO	imager::setjy()	0137+331=3C48 (fld ind 0) spw 10  [I=14.258, Q=0, U=0, V=0] Jy @ 1.6612e+09Hz, (Perley-Butler 2017)
2020-03-06 03:40:00	INFO	imager::setjy()	0137+331=3C48 (fld ind 0) spw 11  [I=14.244, Q=0, U=0, V=0] Jy @ 1.6631e+09Hz, (Perley-Butler 2017)
2020-03-06 03:40:00	INFO	imager::setjy()	0137+331=3C48 (fld ind 0) spw 12  [I=13.869, Q=0, U=0, V=0] Jy @ 1.7163e+09Hz, (Perley-Butler 2017)
2020-03-06 04:15:59	INFO	imager::setjy()	Using model image /home/idchiang/bin/casa-release-5.4.1-31.el7/data/nrao/VLA/CalModels/3C48_L.im
2020-03-06 04:15:59	INFO	imager::setjy()	Scaling spw(s) [0, 1, 2, 3, 4, 5, 6, 7, 8, 9, 10, 11, 12]'s model image by channel to  I = 19.7445, 15.004, 12.0965 Jy @(1.11555e+09, 1.56357e+09, 2.0116e+09)Hz (LSRK) for visibility prediction (a few representative values are shown).
2020-03-06 04:15:59	INFO	imager::setjy()	The model image's reference pixel is 0.00132543 arcsec from 0137+331=3C48's phase center.
2020-03-06 04:16:00	INFO		Clearing all model records in MS header.
2020-03-06 04:16:02	INFO		Clearing all model records in MS header.
2020-03-06 04:16:02	INFO	imager::data selection	Selected 65882 out of 1503103 rows.
2020-03-06 04:16:07	INFO		Clearing all model records in MS header.
2020-03-06 04:16:07	INFO	imager::data selection	Selected 65820 out of 1503103 rows.
2020-03-06 04:16:12	INFO		Clearing all model records in MS header.
2020-03-06 04:16:12	INFO	imager::data selection	Selected 65970 out of 1503103 rows.
2020-03-06 04:16:17	INFO		Clearing all model records in MS header.
2020-03-06 04:16:19	INFO		Clearing all model records in MS header.
2020-03-06 04:16:19	INFO	imager::data selection	Selected 65903 out of 1503103 rows.
2020-03-06 04:16:24	INFO		Clearing all model records in MS header.
2020-03-06 04:16:24	INFO	imager::data selection	Selected 65993 out of 1503103 rows.
2020-03-06 04:16:30	INFO		Clearing all model records in MS header.
2020-03-06 04:16:30	INFO	imager::data selection	Selected 65901 out of 1503103 rows.
2020-03-06 04:16:35	INFO		Clearing all model records in MS header.
2020-03-06 04:16:35	INFO	imager::data selection	Selected 65970 out of 1503103 rows.
2020-03-06 04:18:32	INFO		Clearing all model records in MS header.
2020-03-06 04:18:32	INFO	imager::data selection	Selected 65820 out of 1503103 rows.
2020-03-06 04:18:49	INFO		Clearing all model records in MS header.
2020-03-06 04:18:49	INFO	imager::data selection	Selected 65818 out of 1503103 rows.
2020-03-06 04:19:06	INFO		Clearing all model records in MS header.
2020-03-06 04:19:06	INFO	imager::data selection	Selected 65974 out of 1503103 rows.
2020-03-06 04:19:22	INFO		Clearing all model records in MS header.
2020-03-06 04:19:23	INFO	imager::data selection	Selected 65824 out of 1503103 rows.
2020-03-06 04:19:40	INFO	setjy::::	
2020-03-06 04:19:40	INFO	setjy::::	##### End Task: setjy           #####
2020-03-06 04:19:40	INFO	setjy::::	##########################################
2020-03-06 04:19:40	INFO	pipeline.hifv.tasks.fluxscale.fluxboot::pipeline.hifv.tasks.fluxscale.fluxboot::	Making gain tables for flux density bootstrapping
2020-03-06 04:19:40	INFO	pipeline.hifv.tasks.fluxscale.fluxboot::pipeline.hifv.tasks.fluxscale.fluxboot::	Short solint = 3.0s
2020-03-06 04:19:40	INFO	pipeline.hifv.tasks.fluxscale.fluxboot::pipeline.hifv.tasks.fluxscale.fluxboot::	Long solint = 206.03999991s
2020-03-06 04:19:40	INFO	pipeline.infrastructure.jobrequest::pipeline.infrastructure.jobrequest::	Executing flagdata(vis='calibrators.ms', mode='summary', field='0,1', flagbackup=False, savepars=False)
2020-03-06 04:19:40	INFO	flagdata::::	
2020-03-06 04:19:40	INFO	flagdata::::	##########################################
2020-03-06 04:19:40	INFO	flagdata::::	##### Begin Task: flagdata           #####
2020-03-06 04:19:40	INFO	flagdata::::	
2020-03-06 04:19:40	INFO	AgentFlagger::open	Table type is Measurement Set
2020-03-06 04:19:40	INFO	flagdata::::	Summary mode is active
2020-03-06 04:19:41	INFO	flagdata::::	Initializing the agents
2020-03-06 04:19:41	INFO	Summary::setAgentParameters 	 display is: 
2020-03-06 04:19:41	INFO	AgentFlagger::initAgents	There are 1 valid agents in list
2020-03-06 04:19:41	INFO	flagdata::::	Running the agentflagger tool
2020-03-06 04:19:42	INFO	FlagMSHandler::	------------------------------------------------------------------------------------ 
2020-03-06 04:19:42	INFO	FlagMSHandler::	Chunk = 1 [progress: 4%], Observation = 0, Array = 0, Scan = 3, Field = 0 (0137+331=3C48), Spw = 1, Channels = 128, Corrs = [ RR LL ], Total Rows = 65882
2020-03-06 04:19:44	INFO	FlagMSHandler::	------------------------------------------------------------------------------------ 
2020-03-06 04:19:44	INFO	FlagMSHandler::	Chunk = 2 [progress: 8%], Observation = 0, Array = 0, Scan = 3, Field = 0 (0137+331=3C48), Spw = 2, Channels = 128, Corrs = [ RR LL ], Total Rows = 65820
2020-03-06 04:19:45	INFO	FlagMSHandler::	------------------------------------------------------------------------------------ 
2020-03-06 04:19:45	INFO	FlagMSHandler::	Chunk = 3 [progress: 13%], Observation = 0, Array = 0, Scan = 3, Field = 0 (0137+331=3C48), Spw = 3, Channels = 128, Corrs = [ RR LL ], Total Rows = 65970
2020-03-06 04:19:46	INFO	FlagMSHandler::	------------------------------------------------------------------------------------ 
2020-03-06 04:19:46	INFO	FlagMSHandler::	Chunk = 4 [progress: 17%], Observation = 0, Array = 0, Scan = 3, Field = 0 (0137+331=3C48), Spw = 5, Channels = 128, Corrs = [ RR LL ], Total Rows = 65903
2020-03-06 04:19:48	INFO	FlagMSHandler::	------------------------------------------------------------------------------------ 
2020-03-06 04:19:48	INFO	FlagMSHandler::	Chunk = 5 [progress: 21%], Observation = 0, Array = 0, Scan = 3, Field = 0 (0137+331=3C48), Spw = 6, Channels = 128, Corrs = [ RR LL ], Total Rows = 65993
2020-03-06 04:19:49	INFO	FlagMSHandler::	------------------------------------------------------------------------------------ 
2020-03-06 04:19:49	INFO	FlagMSHandler::	Chunk = 6 [progress: 26%], Observation = 0, Array = 0, Scan = 3, Field = 0 (0137+331=3C48), Spw = 7, Channels = 128, Corrs = [ RR LL ], Total Rows = 65901
2020-03-06 04:19:50	INFO	FlagMSHandler::	------------------------------------------------------------------------------------ 
2020-03-06 04:19:50	INFO	FlagMSHandler::	Chunk = 7 [progress: 30%], Observation = 0, Array = 0, Scan = 3, Field = 0 (0137+331=3C48), Spw = 8, Channels = 4096, Corrs = [ RR LL ], Total Rows = 65970
2020-03-06 04:20:03	INFO	FlagMSHandler::	------------------------------------------------------------------------------------ 
2020-03-06 04:20:03	INFO	FlagMSHandler::	Chunk = 8 [progress: 35%], Observation = 0, Array = 0, Scan = 3, Field = 0 (0137+331=3C48), Spw = 9, Channels = 512, Corrs = [ RR LL ], Total Rows = 65820
2020-03-06 04:20:06	INFO	FlagMSHandler::	------------------------------------------------------------------------------------ 
2020-03-06 04:20:06	INFO	FlagMSHandler::	Chunk = 9 [progress: 39%], Observation = 0, Array = 0, Scan = 3, Field = 0 (0137+331=3C48), Spw = 10, Channels = 512, Corrs = [ RR LL ], Total Rows = 65818
2020-03-06 04:20:08	INFO	FlagMSHandler::	------------------------------------------------------------------------------------ 
2020-03-06 04:20:08	INFO	FlagMSHandler::	Chunk = 10 [progress: 43%], Observation = 0, Array = 0, Scan = 3, Field = 0 (0137+331=3C48), Spw = 11, Channels = 512, Corrs = [ RR LL ], Total Rows = 65974
2020-03-06 04:20:11	INFO	FlagMSHandler::	------------------------------------------------------------------------------------ 
2020-03-06 04:20:11	INFO	FlagMSHandler::	Chunk = 11 [progress: 48%], Observation = 0, Array = 0, Scan = 3, Field = 0 (0137+331=3C48), Spw = 12, Channels = 512, Corrs = [ RR LL ], Total Rows = 65824
2020-03-06 04:20:14	INFO	FlagMSHandler::	------------------------------------------------------------------------------------ 
2020-03-06 04:20:14	INFO	FlagMSHandler::	Chunk = 12 [progress: 49%], Observation = 0, Array = 0, Scan = 4, Field = 1 (J0410+7656), Spw = 1, Channels = 128, Corrs = [ RR LL ], Total Rows = 21432
2020-03-06 04:20:14	INFO	FlagMSHandler::	------------------------------------------------------------------------------------ 
2020-03-06 04:20:14	INFO	FlagMSHandler::	Chunk = 13 [progress: 51%], Observation = 0, Array = 0, Scan = 4, Field = 1 (J0410+7656), Spw = 2, Channels = 128, Corrs = [ RR LL ], Total Rows = 21432
2020-03-06 04:20:14	INFO	FlagMSHandler::	------------------------------------------------------------------------------------ 
2020-03-06 04:20:14	INFO	FlagMSHandler::	Chunk = 14 [progress: 52%], Observation = 0, Array = 0, Scan = 4, Field = 1 (J0410+7656), Spw = 3, Channels = 128, Corrs = [ RR LL ], Total Rows = 21432
2020-03-06 04:20:15	INFO	FlagMSHandler::	------------------------------------------------------------------------------------ 
2020-03-06 04:20:15	INFO	FlagMSHandler::	Chunk = 15 [progress: 53%], Observation = 0, Array = 0, Scan = 4, Field = 1 (J0410+7656), Spw = 5, Channels = 128, Corrs = [ RR LL ], Total Rows = 21432
2020-03-06 04:20:15	INFO	FlagMSHandler::	------------------------------------------------------------------------------------ 
2020-03-06 04:20:15	INFO	FlagMSHandler::	Chunk = 16 [progress: 55%], Observation = 0, Array = 0, Scan = 4, Field = 1 (J0410+7656), Spw = 6, Channels = 128, Corrs = [ RR LL ], Total Rows = 21432
2020-03-06 04:20:16	INFO	FlagMSHandler::	------------------------------------------------------------------------------------ 
2020-03-06 04:20:16	INFO	FlagMSHandler::	Chunk = 17 [progress: 56%], Observation = 0, Array = 0, Scan = 4, Field = 1 (J0410+7656), Spw = 7, Channels = 128, Corrs = [ RR LL ], Total Rows = 21432
2020-03-06 04:20:16	INFO	FlagMSHandler::	------------------------------------------------------------------------------------ 
2020-03-06 04:20:16	INFO	FlagMSHandler::	Chunk = 18 [progress: 58%], Observation = 0, Array = 0, Scan = 4, Field = 1 (J0410+7656), Spw = 8, Channels = 4096, Corrs = [ RR LL ], Total Rows = 21432
2020-03-06 04:20:20	INFO	FlagMSHandler::	------------------------------------------------------------------------------------ 
2020-03-06 04:20:20	INFO	FlagMSHandler::	Chunk = 19 [progress: 59%], Observation = 0, Array = 0, Scan = 4, Field = 1 (J0410+7656), Spw = 9, Channels = 512, Corrs = [ RR LL ], Total Rows = 21432
2020-03-06 04:20:21	INFO	FlagMSHandler::	------------------------------------------------------------------------------------ 
2020-03-06 04:20:21	INFO	FlagMSHandler::	Chunk = 20 [progress: 61%], Observation = 0, Array = 0, Scan = 4, Field = 1 (J0410+7656), Spw = 10, Channels = 512, Corrs = [ RR LL ], Total Rows = 21432
2020-03-06 04:20:22	INFO	FlagMSHandler::	------------------------------------------------------------------------------------ 
2020-03-06 04:20:22	INFO	FlagMSHandler::	Chunk = 21 [progress: 62%], Observation = 0, Array = 0, Scan = 4, Field = 1 (J0410+7656), Spw = 11, Channels = 512, Corrs = [ RR LL ], Total Rows = 21432
2020-03-06 04:20:23	INFO	FlagMSHandler::	------------------------------------------------------------------------------------ 
2020-03-06 04:20:23	INFO	FlagMSHandler::	Chunk = 22 [progress: 63%], Observation = 0, Array = 0, Scan = 4, Field = 1 (J0410+7656), Spw = 12, Channels = 512, Corrs = [ RR LL ], Total Rows = 21432
2020-03-06 04:20:24	INFO	FlagMSHandler::	------------------------------------------------------------------------------------ 
2020-03-06 04:20:24	INFO	FlagMSHandler::	Chunk = 23 [progress: 64%], Observation = 0, Array = 0, Scan = 8, Field = 1 (J0410+7656), Spw = 1, Channels = 128, Corrs = [ RR LL ], Total Rows = 11581
2020-03-06 04:20:24	INFO	FlagMSHandler::	------------------------------------------------------------------------------------ 
2020-03-06 04:20:24	INFO	FlagMSHandler::	Chunk = 24 [progress: 65%], Observation = 0, Array = 0, Scan = 8, Field = 1 (J0410+7656), Spw = 2, Channels = 128, Corrs = [ RR LL ], Total Rows = 11581
2020-03-06 04:20:24	INFO	FlagMSHandler::	------------------------------------------------------------------------------------ 
2020-03-06 04:20:24	INFO	FlagMSHandler::	Chunk = 25 [progress: 66%], Observation = 0, Array = 0, Scan = 8, Field = 1 (J0410+7656), Spw = 3, Channels = 128, Corrs = [ RR LL ], Total Rows = 11581
2020-03-06 04:20:24	INFO	FlagMSHandler::	------------------------------------------------------------------------------------ 
2020-03-06 04:20:24	INFO	FlagMSHandler::	Chunk = 26 [progress: 66%], Observation = 0, Array = 0, Scan = 8, Field = 1 (J0410+7656), Spw = 5, Channels = 128, Corrs = [ RR LL ], Total Rows = 11581
2020-03-06 04:20:25	INFO	FlagMSHandler::	------------------------------------------------------------------------------------ 
2020-03-06 04:20:25	INFO	FlagMSHandler::	Chunk = 27 [progress: 67%], Observation = 0, Array = 0, Scan = 8, Field = 1 (J0410+7656), Spw = 6, Channels = 128, Corrs = [ RR LL ], Total Rows = 11581
2020-03-06 04:20:25	INFO	FlagMSHandler::	------------------------------------------------------------------------------------ 
2020-03-06 04:20:25	INFO	FlagMSHandler::	Chunk = 28 [progress: 68%], Observation = 0, Array = 0, Scan = 8, Field = 1 (J0410+7656), Spw = 7, Channels = 128, Corrs = [ RR LL ], Total Rows = 11581
2020-03-06 04:20:25	INFO	FlagMSHandler::	------------------------------------------------------------------------------------ 
2020-03-06 04:20:25	INFO	FlagMSHandler::	Chunk = 29 [progress: 69%], Observation = 0, Array = 0, Scan = 8, Field = 1 (J0410+7656), Spw = 8, Channels = 4096, Corrs = [ RR LL ], Total Rows = 11581
2020-03-06 04:20:27	INFO	FlagMSHandler::	------------------------------------------------------------------------------------ 
2020-03-06 04:20:27	INFO	FlagMSHandler::	Chunk = 30 [progress: 70%], Observation = 0, Array = 0, Scan = 8, Field = 1 (J0410+7656), Spw = 9, Channels = 512, Corrs = [ RR LL ], Total Rows = 11581
2020-03-06 04:20:28	INFO	FlagMSHandler::	------------------------------------------------------------------------------------ 
2020-03-06 04:20:28	INFO	FlagMSHandler::	Chunk = 31 [progress: 70%], Observation = 0, Array = 0, Scan = 8, Field = 1 (J0410+7656), Spw = 10, Channels = 512, Corrs = [ RR LL ], Total Rows = 11581
2020-03-06 04:20:28	INFO	FlagMSHandler::	------------------------------------------------------------------------------------ 
2020-03-06 04:20:28	INFO	FlagMSHandler::	Chunk = 32 [progress: 71%], Observation = 0, Array = 0, Scan = 8, Field = 1 (J0410+7656), Spw = 11, Channels = 512, Corrs = [ RR LL ], Total Rows = 11581
2020-03-06 04:20:28	INFO	FlagMSHandler::	------------------------------------------------------------------------------------ 
2020-03-06 04:20:28	INFO	FlagMSHandler::	Chunk = 33 [progress: 72%], Observation = 0, Array = 0, Scan = 8, Field = 1 (J0410+7656), Spw = 12, Channels = 512, Corrs = [ RR LL ], Total Rows = 11581
2020-03-06 04:20:29	INFO	FlagMSHandler::	------------------------------------------------------------------------------------ 
2020-03-06 04:20:29	INFO	FlagMSHandler::	Chunk = 34 [progress: 73%], Observation = 0, Array = 0, Scan = 13, Field = 1 (J0410+7656), Spw = 1, Channels = 128, Corrs = [ RR LL ], Total Rows = 12611
2020-03-06 04:20:29	INFO	FlagMSHandler::	------------------------------------------------------------------------------------ 
2020-03-06 04:20:29	INFO	FlagMSHandler::	Chunk = 35 [progress: 74%], Observation = 0, Array = 0, Scan = 13, Field = 1 (J0410+7656), Spw = 2, Channels = 128, Corrs = [ RR LL ], Total Rows = 12611
2020-03-06 04:20:29	INFO	FlagMSHandler::	------------------------------------------------------------------------------------ 
2020-03-06 04:20:29	INFO	FlagMSHandler::	Chunk = 36 [progress: 74%], Observation = 0, Array = 0, Scan = 13, Field = 1 (J0410+7656), Spw = 3, Channels = 128, Corrs = [ RR LL ], Total Rows = 12611
2020-03-06 04:20:30	INFO	FlagMSHandler::	------------------------------------------------------------------------------------ 
2020-03-06 04:20:30	INFO	FlagMSHandler::	Chunk = 37 [progress: 75%], Observation = 0, Array = 0, Scan = 13, Field = 1 (J0410+7656), Spw = 5, Channels = 128, Corrs = [ RR LL ], Total Rows = 12611
2020-03-06 04:20:30	INFO	FlagMSHandler::	------------------------------------------------------------------------------------ 
2020-03-06 04:20:30	INFO	FlagMSHandler::	Chunk = 38 [progress: 76%], Observation = 0, Array = 0, Scan = 13, Field = 1 (J0410+7656), Spw = 6, Channels = 128, Corrs = [ RR LL ], Total Rows = 12611
2020-03-06 04:20:30	INFO	FlagMSHandler::	------------------------------------------------------------------------------------ 
2020-03-06 04:20:30	INFO	FlagMSHandler::	Chunk = 39 [progress: 77%], Observation = 0, Array = 0, Scan = 13, Field = 1 (J0410+7656), Spw = 7, Channels = 128, Corrs = [ RR LL ], Total Rows = 12611
2020-03-06 04:20:30	INFO	FlagMSHandler::	------------------------------------------------------------------------------------ 
2020-03-06 04:20:30	INFO	FlagMSHandler::	Chunk = 40 [progress: 78%], Observation = 0, Array = 0, Scan = 13, Field = 1 (J0410+7656), Spw = 8, Channels = 4096, Corrs = [ RR LL ], Total Rows = 12611
2020-03-06 04:20:33	INFO	FlagMSHandler::	------------------------------------------------------------------------------------ 
2020-03-06 04:20:33	INFO	FlagMSHandler::	Chunk = 41 [progress: 79%], Observation = 0, Array = 0, Scan = 13, Field = 1 (J0410+7656), Spw = 9, Channels = 512, Corrs = [ RR LL ], Total Rows = 12611
2020-03-06 04:20:33	INFO	FlagMSHandler::	------------------------------------------------------------------------------------ 
2020-03-06 04:20:33	INFO	FlagMSHandler::	Chunk = 42 [progress: 79%], Observation = 0, Array = 0, Scan = 13, Field = 1 (J0410+7656), Spw = 10, Channels = 512, Corrs = [ RR LL ], Total Rows = 12611
2020-03-06 04:20:34	INFO	FlagMSHandler::	------------------------------------------------------------------------------------ 
2020-03-06 04:20:34	INFO	FlagMSHandler::	Chunk = 43 [progress: 80%], Observation = 0, Array = 0, Scan = 13, Field = 1 (J0410+7656), Spw = 11, Channels = 512, Corrs = [ RR LL ], Total Rows = 12611
2020-03-06 04:20:34	INFO	FlagMSHandler::	------------------------------------------------------------------------------------ 
2020-03-06 04:20:34	INFO	FlagMSHandler::	Chunk = 44 [progress: 81%], Observation = 0, Array = 0, Scan = 13, Field = 1 (J0410+7656), Spw = 12, Channels = 512, Corrs = [ RR LL ], Total Rows = 12611
2020-03-06 04:20:35	INFO	FlagMSHandler::	------------------------------------------------------------------------------------ 
2020-03-06 04:20:35	INFO	FlagMSHandler::	Chunk = 45 [progress: 82%], Observation = 0, Array = 0, Scan = 17, Field = 1 (J0410+7656), Spw = 1, Channels = 128, Corrs = [ RR LL ], Total Rows = 12235
2020-03-06 04:20:35	INFO	FlagMSHandler::	------------------------------------------------------------------------------------ 
2020-03-06 04:20:35	INFO	FlagMSHandler::	Chunk = 46 [progress: 83%], Observation = 0, Array = 0, Scan = 17, Field = 1 (J0410+7656), Spw = 2, Channels = 128, Corrs = [ RR LL ], Total Rows = 12235
2020-03-06 04:20:35	INFO	FlagMSHandler::	------------------------------------------------------------------------------------ 
2020-03-06 04:20:35	INFO	FlagMSHandler::	Chunk = 47 [progress: 84%], Observation = 0, Array = 0, Scan = 17, Field = 1 (J0410+7656), Spw = 3, Channels = 128, Corrs = [ RR LL ], Total Rows = 12235
2020-03-06 04:20:35	INFO	FlagMSHandler::	------------------------------------------------------------------------------------ 
2020-03-06 04:20:35	INFO	FlagMSHandler::	Chunk = 48 [progress: 84%], Observation = 0, Array = 0, Scan = 17, Field = 1 (J0410+7656), Spw = 5, Channels = 128, Corrs = [ RR LL ], Total Rows = 12235
2020-03-06 04:20:35	INFO	FlagMSHandler::	------------------------------------------------------------------------------------ 
2020-03-06 04:20:35	INFO	FlagMSHandler::	Chunk = 49 [progress: 85%], Observation = 0, Array = 0, Scan = 17, Field = 1 (J0410+7656), Spw = 6, Channels = 128, Corrs = [ RR LL ], Total Rows = 12235
2020-03-06 04:20:36	INFO	FlagMSHandler::	------------------------------------------------------------------------------------ 
2020-03-06 04:20:36	INFO	FlagMSHandler::	Chunk = 50 [progress: 86%], Observation = 0, Array = 0, Scan = 17, Field = 1 (J0410+7656), Spw = 7, Channels = 128, Corrs = [ RR LL ], Total Rows = 12235
2020-03-06 04:20:36	INFO	FlagMSHandler::	------------------------------------------------------------------------------------ 
2020-03-06 04:20:36	INFO	FlagMSHandler::	Chunk = 51 [progress: 87%], Observation = 0, Array = 0, Scan = 17, Field = 1 (J0410+7656), Spw = 8, Channels = 4096, Corrs = [ RR LL ], Total Rows = 12235
2020-03-06 04:20:38	INFO	FlagMSHandler::	------------------------------------------------------------------------------------ 
2020-03-06 04:20:38	INFO	FlagMSHandler::	Chunk = 52 [progress: 88%], Observation = 0, Array = 0, Scan = 17, Field = 1 (J0410+7656), Spw = 9, Channels = 512, Corrs = [ RR LL ], Total Rows = 12235
2020-03-06 04:20:39	INFO	FlagMSHandler::	------------------------------------------------------------------------------------ 
2020-03-06 04:20:39	INFO	FlagMSHandler::	Chunk = 53 [progress: 88%], Observation = 0, Array = 0, Scan = 17, Field = 1 (J0410+7656), Spw = 10, Channels = 512, Corrs = [ RR LL ], Total Rows = 12235
2020-03-06 04:20:39	INFO	FlagMSHandler::	------------------------------------------------------------------------------------ 
2020-03-06 04:20:39	INFO	FlagMSHandler::	Chunk = 54 [progress: 89%], Observation = 0, Array = 0, Scan = 17, Field = 1 (J0410+7656), Spw = 11, Channels = 512, Corrs = [ RR LL ], Total Rows = 12235
2020-03-06 04:20:40	INFO	FlagMSHandler::	------------------------------------------------------------------------------------ 
2020-03-06 04:20:40	INFO	FlagMSHandler::	Chunk = 55 [progress: 90%], Observation = 0, Array = 0, Scan = 17, Field = 1 (J0410+7656), Spw = 12, Channels = 512, Corrs = [ RR LL ], Total Rows = 12235
2020-03-06 04:20:40	INFO	FlagMSHandler::	------------------------------------------------------------------------------------ 
2020-03-06 04:20:40	INFO	FlagMSHandler::	Chunk = 56 [progress: 91%], Observation = 0, Array = 0, Scan = 22, Field = 1 (J0410+7656), Spw = 1, Channels = 128, Corrs = [ RR LL ], Total Rows = 12889
2020-03-06 04:20:40	INFO	FlagMSHandler::	------------------------------------------------------------------------------------ 
2020-03-06 04:20:40	INFO	FlagMSHandler::	Chunk = 57 [progress: 92%], Observation = 0, Array = 0, Scan = 22, Field = 1 (J0410+7656), Spw = 2, Channels = 128, Corrs = [ RR LL ], Total Rows = 12889
2020-03-06 04:20:40	INFO	FlagMSHandler::	------------------------------------------------------------------------------------ 
2020-03-06 04:20:40	INFO	FlagMSHandler::	Chunk = 58 [progress: 93%], Observation = 0, Array = 0, Scan = 22, Field = 1 (J0410+7656), Spw = 3, Channels = 128, Corrs = [ RR LL ], Total Rows = 12889
2020-03-06 04:20:41	INFO	FlagMSHandler::	------------------------------------------------------------------------------------ 
2020-03-06 04:20:41	INFO	FlagMSHandler::	Chunk = 59 [progress: 93%], Observation = 0, Array = 0, Scan = 22, Field = 1 (J0410+7656), Spw = 5, Channels = 128, Corrs = [ RR LL ], Total Rows = 12889
2020-03-06 04:20:41	INFO	FlagMSHandler::	------------------------------------------------------------------------------------ 
2020-03-06 04:20:41	INFO	FlagMSHandler::	Chunk = 60 [progress: 94%], Observation = 0, Array = 0, Scan = 22, Field = 1 (J0410+7656), Spw = 6, Channels = 128, Corrs = [ RR LL ], Total Rows = 12889
2020-03-06 04:20:41	INFO	FlagMSHandler::	------------------------------------------------------------------------------------ 
2020-03-06 04:20:41	INFO	FlagMSHandler::	Chunk = 61 [progress: 95%], Observation = 0, Array = 0, Scan = 22, Field = 1 (J0410+7656), Spw = 7, Channels = 128, Corrs = [ RR LL ], Total Rows = 12889
2020-03-06 04:20:41	INFO	FlagMSHandler::	------------------------------------------------------------------------------------ 
2020-03-06 04:20:41	INFO	FlagMSHandler::	Chunk = 62 [progress: 96%], Observation = 0, Array = 0, Scan = 22, Field = 1 (J0410+7656), Spw = 8, Channels = 4096, Corrs = [ RR LL ], Total Rows = 12889
2020-03-06 04:20:44	INFO	FlagMSHandler::	------------------------------------------------------------------------------------ 
2020-03-06 04:20:44	INFO	FlagMSHandler::	Chunk = 63 [progress: 97%], Observation = 0, Array = 0, Scan = 22, Field = 1 (J0410+7656), Spw = 9, Channels = 512, Corrs = [ RR LL ], Total Rows = 12889
2020-03-06 04:20:45	INFO	FlagMSHandler::	------------------------------------------------------------------------------------ 
2020-03-06 04:20:45	INFO	FlagMSHandler::	Chunk = 64 [progress: 98%], Observation = 0, Array = 0, Scan = 22, Field = 1 (J0410+7656), Spw = 10, Channels = 512, Corrs = [ RR LL ], Total Rows = 12889
2020-03-06 04:20:45	INFO	FlagMSHandler::	------------------------------------------------------------------------------------ 
2020-03-06 04:20:45	INFO	FlagMSHandler::	Chunk = 65 [progress: 99%], Observation = 0, Array = 0, Scan = 22, Field = 1 (J0410+7656), Spw = 11, Channels = 512, Corrs = [ RR LL ], Total Rows = 12889
2020-03-06 04:20:46	INFO	FlagMSHandler::	------------------------------------------------------------------------------------ 
2020-03-06 04:20:46	INFO	FlagMSHandler::	Chunk = 66 [progress: 100%], Observation = 0, Array = 0, Scan = 22, Field = 1 (J0410+7656), Spw = 12, Channels = 512, Corrs = [ RR LL ], Total Rows = 12889
2020-03-06 04:20:46	INFO	FlagMSHandler::nextChunk 	==================================================================================== 
2020-03-06 04:20:46	INFO	Summary::getResult 	 antenna ea01 flagged: 2.21375e+07 total: 1.42191e+08 (15.6%)
2020-03-06 04:20:46	INFO	Summary::getResult 	 antenna ea02 flagged: 2.16654e+07 total: 1.42288e+08 (15.2%)
2020-03-06 04:20:46	INFO	Summary::getResult 	 antenna ea03 flagged: 2.12777e+07 total: 1.42288e+08 (15%)
2020-03-06 04:20:46	INFO	Summary::getResult 	 antenna ea04 flagged: 2.25344e+07 total: 1.42218e+08 (15.8%)
2020-03-06 04:20:46	INFO	Summary::getResult 	 antenna ea05 flagged: 2.1956e+07 total: 1.39121e+08 (15.8%)
2020-03-06 04:20:46	INFO	Summary::getResult 	 antenna ea06 flagged: 2.24608e+07 total: 1.41094e+08 (15.9%)
2020-03-06 04:20:46	INFO	Summary::getResult 	 antenna ea07 flagged: 2.15459e+07 total: 1.41548e+08 (15.2%)
2020-03-06 04:20:46	INFO	Summary::getResult 	 antenna ea08 flagged: 2.07848e+07 total: 1.36312e+08 (15.2%)
2020-03-06 04:20:46	INFO	Summary::getResult 	 antenna ea09 flagged: 2.19021e+07 total: 1.42149e+08 (15.4%)
2020-03-06 04:20:46	INFO	Summary::getResult 	 antenna ea10 flagged: 2.08938e+07 total: 1.40667e+08 (14.9%)
2020-03-06 04:20:46	INFO	Summary::getResult 	 antenna ea11 flagged: 1.8248e+07 total: 1.18091e+08 (15.5%)
2020-03-06 04:20:46	INFO	Summary::getResult 	 antenna ea12 flagged: 2.12345e+07 total: 1.40248e+08 (15.1%)
2020-03-06 04:20:46	INFO	Summary::getResult 	 antenna ea13 flagged: 2.23127e+07 total: 1.41769e+08 (15.7%)
2020-03-06 04:20:46	INFO	Summary::getResult 	 antenna ea14 flagged: 2.16057e+07 total: 1.39616e+08 (15.5%)
2020-03-06 04:20:46	INFO	Summary::getResult 	 antenna ea15 flagged: 2.19451e+07 total: 1.41769e+08 (15.5%)
2020-03-06 04:20:46	INFO	Summary::getResult 	 antenna ea16 flagged: 2.21873e+07 total: 1.41769e+08 (15.7%)
2020-03-06 04:20:46	INFO	Summary::getResult 	 antenna ea17 flagged: 1.99858e+07 total: 1.28871e+08 (15.5%)
2020-03-06 04:20:46	INFO	Summary::getResult 	 antenna ea18 flagged: 2.17339e+07 total: 1.42017e+08 (15.3%)
2020-03-06 04:20:46	INFO	Summary::getResult 	 antenna ea19 flagged: 2.2485e+07 total: 1.41924e+08 (15.8%)
2020-03-06 04:20:46	INFO	Summary::getResult 	 antenna ea20 flagged: 2.24749e+07 total: 1.41769e+08 (15.9%)
2020-03-06 04:20:46	INFO	Summary::getResult 	 antenna ea21 flagged: 2.12941e+07 total: 1.39616e+08 (15.3%)
2020-03-06 04:20:46	INFO	Summary::getResult 	 antenna ea22 flagged: 2.25961e+07 total: 1.41924e+08 (15.9%)
2020-03-06 04:20:46	INFO	Summary::getResult 	 antenna ea24 flagged: 2.16976e+07 total: 1.42094e+08 (15.3%)
2020-03-06 04:20:46	INFO	Summary::getResult 	 antenna ea25 flagged: 2.20039e+07 total: 1.41769e+08 (15.5%)
2020-03-06 04:20:46	INFO	Summary::getResult 	 antenna ea26 flagged: 2.12648e+07 total: 1.41924e+08 (15%)
2020-03-06 04:20:46	INFO	Summary::getResult 	 antenna ea27 flagged: 2.22972e+07 total: 1.41924e+08 (15.7%)
2020-03-06 04:20:46	INFO	Summary::getResult 	 antenna ea28 flagged: 2.26859e+07 total: 1.41924e+08 (16%)
2020-03-06 04:20:46	INFO	Summary::getResult 	 array 0 flagged: 2.92605e+08 total: 1.88945e+09 (15.5%)
2020-03-06 04:20:46	INFO	Summary::getResult 	 correlation LL flagged: 1.44758e+08 total: 9.44723e+08 (15.3%)
2020-03-06 04:20:46	INFO	Summary::getResult 	 correlation RR flagged: 1.47848e+08 total: 9.44723e+08 (15.6%)
2020-03-06 04:20:46	INFO	Summary::getResult 	 field 0137+331=3C48 flagged: 1.25709e+08 total: 9.11425e+08 (13.8%)
2020-03-06 04:20:46	INFO	Summary::getResult 	 field J0410+7656 flagged: 1.66897e+08 total: 9.7802e+08 (17.1%)
2020-03-06 04:20:46	INFO	Summary::getResult 	 observation 0 flagged: 2.92605e+08 total: 1.88945e+09 (15.5%)
2020-03-06 04:20:46	INFO	Summary::getResult 	 scan 13 flagged: 2.98467e+07 total: 1.74334e+08 (17.1%)
2020-03-06 04:20:46	INFO	Summary::getResult 	 scan 17 flagged: 2.82957e+07 total: 1.69137e+08 (16.7%)
2020-03-06 04:20:46	INFO	Summary::getResult 	 scan 22 flagged: 3.00597e+07 total: 1.78178e+08 (16.9%)
2020-03-06 04:20:46	INFO	Summary::getResult 	 scan 3 flagged: 1.25709e+08 total: 9.11425e+08 (13.8%)
2020-03-06 04:20:46	INFO	Summary::getResult 	 scan 4 flagged: 5.13031e+07 total: 2.96276e+08 (17.3%)
2020-03-06 04:20:46	INFO	Summary::getResult 	 scan 8 flagged: 2.73914e+07 total: 1.60096e+08 (17.1%)
2020-03-06 04:20:46	INFO	Summary::getResult 	 spw 1 flagged: 7.28574e+06 total: 3.49773e+07 (20.8%)
2020-03-06 04:20:46	INFO	Summary::getResult 	 spw 10 flagged: 1.42254e+07 total: 1.39844e+08 (10.2%)
2020-03-06 04:20:46	INFO	Summary::getResult 	 spw 11 flagged: 1.42528e+07 total: 1.40003e+08 (10.2%)
2020-03-06 04:20:46	INFO	Summary::getResult 	 spw 12 flagged: 1.4239e+07 total: 1.3985e+08 (10.2%)
2020-03-06 04:20:46	INFO	Summary::getResult 	 spw 2 flagged: 6.64969e+06 total: 3.49614e+07 (19%)
2020-03-06 04:20:46	INFO	Summary::getResult 	 spw 3 flagged: 3.59188e+06 total: 3.49998e+07 (10.3%)
2020-03-06 04:20:46	INFO	Summary::getResult 	 spw 5 flagged: 4.09139e+06 total: 3.49827e+07 (11.7%)
2020-03-06 04:20:46	INFO	Summary::getResult 	 spw 6 flagged: 3.45297e+06 total: 3.50057e+07 (9.86%)
2020-03-06 04:20:46	INFO	Summary::getResult 	 spw 7 flagged: 7.27186e+06 total: 3.49821e+07 (20.8%)
2020-03-06 04:20:46	INFO	Summary::getResult 	 spw 8 flagged: 1.99359e+08 total: 1.11999e+09 (17.8%)
2020-03-06 04:20:46	INFO	Summary::getResult 	 spw 9 flagged: 1.81861e+07 total: 1.39846e+08 (13%)
2020-03-06 04:20:46	INFO	Summary::getResult 	 Total Flagged: 2.92605e+08 Total Counts: 1.88945e+09 (15.5%)
2020-03-06 04:20:46	INFO	flagdata::::	Flags are not written to the MS. (action='calculate')
2020-03-06 04:20:46	INFO	flagdata::::	
2020-03-06 04:20:46	INFO	flagdata::::	##### End Task: flagdata           #####
2020-03-06 04:20:46	INFO	flagdata::::	##########################################
2020-03-06 04:20:46	INFO	pipeline.hif.heuristics.findrefant::pipeline.hif.heuristics.findrefant::	Get good antennas {'ea15': 119823613.0, 'ea14': 118010091.0, 'ea17': 108885101.0, 'ea16': 119581424.0, 'ea11': 99843038.0, 'ea10': 119773594.0, 'ea13': 119455993.0, 'ea12': 119013335.0, 'ea19': 119438580.0, 'ea18': 120283379.0, 'ea24': 120396442.0, 'ea25': 119764840.0, 'ea01': 120053356.0, 'ea20': 119293824.0, 'ea21': 118321608.0, 'ea08': 115527052.0, 'ea09': 120247270.0, 'ea28': 119237702.0, 'ea22': 119327528.0, 'ea02': 120622233.0, 'ea03': 121009914.0, 'ea26': 120658748.0, 'ea27': 119626389.0, 'ea06': 118633315.0, 'ea07': 120001571.0, 'ea04': 119684137.0, 'ea05': 117165441.0}
2020-03-06 04:20:46	INFO	pipeline.hif.heuristics.findrefant::pipeline.hif.heuristics.findrefant::	Get good antenna score {'ea15': 26.735309893700116, 'ea14': 26.330672848837825, 'ea17': 24.294684871852731, 'ea16': 26.681272147668828, 'ea11': 22.277199750757614, 'ea10': 26.724149543648135, 'ea13': 26.65328570516958, 'ea12': 26.554518871900033, 'ea19': 26.649400478046783, 'ea18': 26.837893901817004, 'ea24': 26.863120768766102, 'ea25': 26.722196331781543, 'ea27': 26.691304838048229, 'ea06': 26.469727967908479, 'ea07': 26.775016276765555, 'ea08': 25.776651688224486, 'ea09': 26.829837181770081, 'ea28': 26.604580133822754, 'ea04': 26.704189699696837, 'ea02': 26.913499756722409, 'ea03': 27.0, 'ea26': 26.921647064388459, 'ea01': 26.786570660648515, 'ea20': 26.617102198750427, 'ea21': 26.400179211762765, 'ea22': 26.624622309871238, 'ea05': 26.142212670277576}
2020-03-06 04:20:46	INFO	pipeline.hif.heuristics.findrefant::pipeline.hif.heuristics.findrefant::	Antenna ea01 flagging score 26.7865706606 total score 39.8744967562
2020-03-06 04:20:46	INFO	pipeline.hif.heuristics.findrefant::pipeline.hif.heuristics.findrefant::	Antenna ea02 flagging score 26.9134997567 total score 32.2112603049
2020-03-06 04:20:46	INFO	pipeline.hif.heuristics.findrefant::pipeline.hif.heuristics.findrefant::	Antenna ea03 flagging score 27.0 total score 31.956432846
2020-03-06 04:20:46	INFO	pipeline.hif.heuristics.findrefant::pipeline.hif.heuristics.findrefant::	Antenna ea04 flagging score 26.7041896997 total score 51.8678830257
2020-03-06 04:20:46	INFO	pipeline.hif.heuristics.findrefant::pipeline.hif.heuristics.findrefant::	Antenna ea05 flagging score 26.1422126703 total score 47.6580828628
2020-03-06 04:20:46	INFO	pipeline.hif.heuristics.findrefant::pipeline.hif.heuristics.findrefant::	Antenna ea06 flagging score 26.4697279679 total score 48.0219330099
2020-03-06 04:20:46	INFO	pipeline.hif.heuristics.findrefant::pipeline.hif.heuristics.findrefant::	Antenna ea07 flagging score 26.7750162768 total score 36.1692613873
2020-03-06 04:20:46	INFO	pipeline.hif.heuristics.findrefant::pipeline.hif.heuristics.findrefant::	Antenna ea08 flagging score 25.7766516882 total score 42.9454863109
2020-03-06 04:20:46	INFO	pipeline.hif.heuristics.findrefant::pipeline.hif.heuristics.findrefant::	Antenna ea09 flagging score 26.8298371818 total score 32.9807133211
2020-03-06 04:20:46	INFO	pipeline.hif.heuristics.findrefant::pipeline.hif.heuristics.findrefant::	Antenna ea10 flagging score 26.7241495436 total score 26.7241495436
2020-03-06 04:20:46	INFO	pipeline.hif.heuristics.findrefant::pipeline.hif.heuristics.findrefant::	Antenna ea11 flagging score 22.2771997508 total score 47.8830290983
2020-03-06 04:20:46	INFO	pipeline.hif.heuristics.findrefant::pipeline.hif.heuristics.findrefant::	Antenna ea12 flagging score 26.5545188719 total score 27.3702912785
2020-03-06 04:20:46	INFO	pipeline.hif.heuristics.findrefant::pipeline.hif.heuristics.findrefant::	Antenna ea13 flagging score 26.6532857052 total score 52.3250537465
2020-03-06 04:20:46	INFO	pipeline.hif.heuristics.findrefant::pipeline.hif.heuristics.findrefant::	Antenna ea14 flagging score 26.3306728488 total score 46.580615176
2020-03-06 04:20:46	INFO	pipeline.hif.heuristics.findrefant::pipeline.hif.heuristics.findrefant::	Antenna ea15 flagging score 26.7353098937 total score 49.4701226399
2020-03-06 04:20:46	INFO	pipeline.hif.heuristics.findrefant::pipeline.hif.heuristics.findrefant::	Antenna ea16 flagging score 26.6812721477 total score 50.72006752
2020-03-06 04:20:46	INFO	pipeline.hif.heuristics.findrefant::pipeline.hif.heuristics.findrefant::	Antenna ea17 flagging score 24.2946848719 total score 48.7507262094
2020-03-06 04:20:46	INFO	pipeline.hif.heuristics.findrefant::pipeline.hif.heuristics.findrefant::	Antenna ea18 flagging score 26.8378939018 total score 28.0165904791
2020-03-06 04:20:46	INFO	pipeline.hif.heuristics.findrefant::pipeline.hif.heuristics.findrefant::	Antenna ea19 flagging score 26.649400478 total score 45.0560101151
2020-03-06 04:20:46	INFO	pipeline.hif.heuristics.findrefant::pipeline.hif.heuristics.findrefant::	Antenna ea20 flagging score 26.6171021988 total score 49.9826540848
2020-03-06 04:20:46	INFO	pipeline.hif.heuristics.findrefant::pipeline.hif.heuristics.findrefant::	Antenna ea21 flagging score 26.4001792118 total score 35.8899102049
2020-03-06 04:20:46	INFO	pipeline.hif.heuristics.findrefant::pipeline.hif.heuristics.findrefant::	Antenna ea22 flagging score 26.6246223099 total score 51.0782535384
2020-03-06 04:20:46	INFO	pipeline.hif.heuristics.findrefant::pipeline.hif.heuristics.findrefant::	Antenna ea24 flagging score 26.8631207688 total score 37.5577306376
2020-03-06 04:20:46	INFO	pipeline.hif.heuristics.findrefant::pipeline.hif.heuristics.findrefant::	Antenna ea25 flagging score 26.7221963318 total score 41.5103426991
2020-03-06 04:20:46	INFO	pipeline.hif.heuristics.findrefant::pipeline.hif.heuristics.findrefant::	Antenna ea26 flagging score 26.9216470644 total score 40.4902904741
2020-03-06 04:20:46	INFO	pipeline.hif.heuristics.findrefant::pipeline.hif.heuristics.findrefant::	Antenna ea27 flagging score 26.691304838 total score 45.8853741318
2020-03-06 04:20:46	INFO	pipeline.hif.heuristics.findrefant::pipeline.hif.heuristics.findrefant::	Antenna ea28 flagging score 26.6045801338 total score 51.7853324209
2020-03-06 04:20:46	INFO	pipeline.hifv.tasks.fluxscale.fluxboot::pipeline.hifv.tasks.fluxscale.fluxboot::	The pipeline will use antenna(s) ea13,ea04,ea28,ea22,ea16,ea20,ea15,ea17,ea06,ea11,ea05,ea14,ea27,ea19,ea08,ea25,ea26,ea01,ea24,ea07,ea21,ea09,ea02,ea03,ea18,ea12,ea10 as the reference
2020-03-06 04:20:46	INFO	pipeline.infrastructure.jobrequest::pipeline.infrastructure.jobrequest::	Executing gaincal(vis='calibrators.ms', caltable='fluxphaseshortgaincal.g', selectdata=False, solint='3.0s', combine='scan', preavg=-1.0, refant='ea13,ea04,ea28,ea22,ea16,ea20,ea15,ea17,ea06,ea11,ea05,ea14,ea27,ea19,ea08,ea25,ea26,ea01,ea24,ea07,ea21,ea09,ea02,ea03,ea18,ea12,ea10', minblperant=4, minsnr=3.0, solnorm=False, gaintype='G', smodel=[], calmode='p', append=False, gaintable=[[]], gainfield=[''], interp=[''], spwmap=[], parang=True)
2020-03-06 04:20:47	INFO	gaincal::::	
2020-03-06 04:20:47	INFO	gaincal::::	##########################################
2020-03-06 04:20:47	INFO	gaincal::::	##### Begin Task: gaincal           #####
2020-03-06 04:20:47	INFO	gaincal::::	
2020-03-06 04:20:47	INFO	gaincal::calibrater::open	****Using NEW VI2-driven calibrater tool****
2020-03-06 04:20:47	INFO	gaincal::calibrater::open	Opening MS: calibrators.ms for calibration.
2020-03-06 04:20:47	INFO	gaincal::Calibrater::	Initializing nominal selection to the whole MS.
2020-03-06 04:20:47	INFO	gaincal::::	NB: gaincal automatically excludes auto-correlations.
2020-03-06 04:20:47	INFO	calibrater::setdata	Beginning selectvis--(MSSelection version)-------
2020-03-06 04:20:47	INFO	calibrater::reset	Reseting solve/apply state
2020-03-06 04:20:47	INFO	Calibrater::selectvis	Performing selection on MeasurementSet
2020-03-06 04:20:47	INFO	Calibrater::selectvis+	 Selecting with TaQL: 'ANTENNA1!=ANTENNA2'
2020-03-06 04:20:47	INFO	Calibrater::selectvis	Selection did not drop any rows
2020-03-06 04:20:47	INFO	Calibrater::selectvis	Frequency selection: Selecting all channels in all spws.
2020-03-06 04:20:47	INFO	calibrater::setdata	chanmode=none nchan=1 start=0 step=1 mStart='0km/s' mStep='0km/s' msSelect='ANTENNA1!=ANTENNA2'
2020-03-06 04:20:47	INFO	calibrater::setapply	Beginning setapply--(MSSelection version)-------
2020-03-06 04:20:47	INFO	Calibrater::setapply(type, applypar)	Arranging to APPLY:
2020-03-06 04:20:47	INFO	Calibrater::setapply(type, applypar)	.   P Jones <pre-computed>
2020-03-06 04:20:47	INFO	calibrater::setsolve	Beginning setsolve--(MSSelection version)-------
2020-03-06 04:20:47	INFO	Calibrater::setsolve	Arranging to SOLVE:
2020-03-06 04:20:47	INFO	Calibrater::setsolve	.   G Jones: table=fluxphaseshortgaincal.g append=false solint=3.0s refantmode='flex' refant='ea13,ea04,ea28,ea22,ea16,ea20,ea15,ea17,ea06,ea11,ea05,ea14,ea27,ea19,ea08,ea25,ea26,ea01,ea24,ea07,ea21,ea09,ea02,ea03,ea18,ea12,ea10' minsnr=3 apmode=P solnorm=false
2020-03-06 04:20:47	INFO	calibrater::solve	Beginning solve-----------------------------
2020-03-06 04:20:47	INFO	Calibrater::solve	The following calibration terms are arranged for apply:
2020-03-06 04:20:47	INFO	Calibrater::solve	.   P Jones <pre-computed>
2020-03-06 04:20:47	INFO	Calibrater::solve	The following calibration term is arranged for solve:
2020-03-06 04:20:47	INFO	Calibrater::solve	.   G Jones: table=fluxphaseshortgaincal.g append=false solint=3.0s refantmode='flex' refant='ea13,ea04,ea28,ea22,ea16,ea20,ea15,ea17,ea06,ea11,ea05,ea14,ea27,ea19,ea08,ea25,ea26,ea01,ea24,ea07,ea21,ea09,ea02,ea03,ea18,ea12,ea10' minsnr=3 apmode=P solnorm=false
2020-03-06 04:20:49	INFO	ChannelAverageTVI::parseConfiguration	Channel bin is [-1, -1, -1, -1, -1, -1, -1, -1, -1, -1, -1, -1, -1]
2020-03-06 04:20:50	INFO	Calibrater::solve	For solint = 3.0s, found 4532 solution intervals.
2020-03-06 04:29:50	INFO	Calibrater::solve	  Found good G Jones solutions in 4455 solution intervals.
2020-03-06 04:29:50	INFO		Applying refant: ea13 (ea04,ea28,ea22,ea16,ea20,ea15,ea17,ea06,ea11,ea05,ea14,ea27,ea19,ea08,ea25,ea26,ea01,ea24,ea07,ea21,ea09,ea02,ea03,ea18,ea12,ea10) refantmode = flex (hold alternate refants' phase constant) when refant flagged
2020-03-06 04:29:50	INFO		At 2014/11/26/08:39:19.5 (Spw=1, Fld=0), using refant ea04 (id=3) (alternate)
2020-03-06 04:29:50	INFO		At 2014/11/26/08:50:31.5 (Spw=1, Fld=1), using refant ea04 (id=3) (alternate)
2020-03-06 04:29:50	INFO		At 2014/11/26/08:39:19.5 (Spw=2, Fld=0), using refant ea04 (id=3) (alternate)
2020-03-06 04:29:51	INFO		At 2014/11/26/08:50:31.5 (Spw=2, Fld=1), using refant ea04 (id=3) (alternate)
2020-03-06 04:29:51	INFO		At 2014/11/26/08:39:19.5 (Spw=3, Fld=0), using refant ea04 (id=3) (alternate)
2020-03-06 04:29:52	INFO		At 2014/11/26/08:50:31.5 (Spw=3, Fld=1), using refant ea04 (id=3) (alternate)
2020-03-06 04:29:52	INFO		At 2014/11/26/08:39:19.5 (Spw=5, Fld=0), using refant ea04 (id=3) (alternate)
2020-03-06 04:29:53	INFO		At 2014/11/26/08:50:31.5 (Spw=5, Fld=1), using refant ea04 (id=3) (alternate)
2020-03-06 04:29:53	INFO		At 2014/11/26/08:39:19.5 (Spw=6, Fld=0), using refant ea04 (id=3) (alternate)
2020-03-06 04:29:53	INFO		At 2014/11/26/08:50:31.5 (Spw=6, Fld=1), using refant ea04 (id=3) (alternate)
2020-03-06 04:29:54	INFO		At 2014/11/26/08:39:19.5 (Spw=7, Fld=0), using refant ea04 (id=3) (alternate)
2020-03-06 04:29:54	INFO		At 2014/11/26/08:50:31.5 (Spw=7, Fld=1), using refant ea04 (id=3) (alternate)
2020-03-06 04:29:54	INFO		At 2014/11/26/08:39:19.5 (Spw=8, Fld=0), using refant ea04 (id=3) (alternate)
2020-03-06 04:29:55	INFO		At 2014/11/26/08:50:31.5 (Spw=8, Fld=1), using refant ea04 (id=3) (alternate)
2020-03-06 04:29:55	INFO		At 2014/11/26/08:39:19.5 (Spw=9, Fld=0), using refant ea04 (id=3) (alternate)
2020-03-06 04:29:56	INFO		At 2014/11/26/08:50:31.5 (Spw=9, Fld=1), using refant ea04 (id=3) (alternate)
2020-03-06 04:29:56	INFO		At 2014/11/26/08:39:19.5 (Spw=10, Fld=0), using refant ea04 (id=3) (alternate)
2020-03-06 04:29:57	INFO		At 2014/11/26/08:50:31.5 (Spw=10, Fld=1), using refant ea04 (id=3) (alternate)
2020-03-06 04:29:57	INFO		At 2014/11/26/08:39:19.5 (Spw=11, Fld=0), using refant ea04 (id=3) (alternate)
2020-03-06 04:29:57	INFO		At 2014/11/26/08:50:31.5 (Spw=11, Fld=1), using refant ea04 (id=3) (alternate)
2020-03-06 04:29:58	INFO		At 2014/11/26/08:39:19.5 (Spw=12, Fld=0), using refant ea04 (id=3) (alternate)
2020-03-06 04:29:58	INFO		At 2014/11/26/08:50:31.5 (Spw=12, Fld=1), using refant ea04 (id=3) (alternate)
2020-03-06 04:29:58	INFO		 NB: An alternate refant was used at least once to maintain
2020-03-06 04:29:58	INFO	+	  phase continuity where the user's preferred refant drops out.
2020-03-06 04:29:58	INFO	+	  Alternate refants are held constant in phase (_not_ zeroed)
2020-03-06 04:29:58	INFO	+	  during these periods, and the preferred refant may return at
2020-03-06 04:29:58	INFO	+	  a non-zero phase.  This is generally harmless.
2020-03-06 04:29:58	INFO		Enforcing apmode on solutions.
2020-03-06 04:32:47	INFO		Writing solutions to table: fluxphaseshortgaincal.g
2020-03-06 04:32:50	INFO	calibrater::solve	Finished solving.
2020-03-06 04:32:50	INFO	gaincal::::	Calibration solve statistics per spw:  (expected/attempted/succeeded):
2020-03-06 04:32:50	INFO	gaincal::::	  Spw 0: 0/0/0
2020-03-06 04:32:50	INFO	gaincal::::	  Spw 1: 412/412/405
2020-03-06 04:32:50	INFO	gaincal::::	  Spw 2: 412/412/405
2020-03-06 04:32:50	INFO	gaincal::::	  Spw 3: 412/412/405
2020-03-06 04:32:50	INFO	gaincal::::	  Spw 4: 0/0/0
2020-03-06 04:32:50	INFO	gaincal::::	  Spw 5: 412/412/405
2020-03-06 04:32:50	INFO	gaincal::::	  Spw 6: 412/412/405
2020-03-06 04:32:50	INFO	gaincal::::	  Spw 7: 412/412/405
2020-03-06 04:32:50	INFO	gaincal::::	  Spw 8: 412/412/405
2020-03-06 04:32:50	INFO	gaincal::::	  Spw 9: 412/412/405
2020-03-06 04:32:50	INFO	gaincal::::	  Spw 10: 412/412/405
2020-03-06 04:32:50	INFO	gaincal::::	  Spw 11: 412/412/405
2020-03-06 04:32:50	INFO	gaincal::::	  Spw 12: 412/412/405
2020-03-06 04:32:50	INFO	gaincal::::	
2020-03-06 04:32:50	INFO	gaincal::::	##### End Task: gaincal           #####
2020-03-06 04:32:50	INFO	gaincal::::	##########################################
2020-03-06 04:32:50	INFO	pipeline.infrastructure.jobrequest::pipeline.infrastructure.jobrequest::	Executing gaincal(vis='calibrators.ms', caltable='fluxgaincal.g', selectdata=False, solint='206.03999991s', combine='scan', preavg=-1.0, refant='ea13,ea04,ea28,ea22,ea16,ea20,ea15,ea17,ea06,ea11,ea05,ea14,ea27,ea19,ea08,ea25,ea26,ea01,ea24,ea07,ea21,ea09,ea02,ea03,ea18,ea12,ea10', minblperant=4, minsnr=5.0, solnorm=False, gaintype='G', smodel=[], calmode='ap', append=False, gaintable=['fluxphaseshortgaincal.g'], gainfield=[''], interp=[''], spwmap=[], parang=True)
2020-03-06 04:32:51	INFO	gaincal::::	
2020-03-06 04:32:51	INFO	gaincal::::	##########################################
2020-03-06 04:32:51	INFO	gaincal::::	##### Begin Task: gaincal           #####
2020-03-06 04:32:51	INFO	gaincal::::	
2020-03-06 04:32:51	INFO	gaincal::calibrater::open	****Using NEW VI2-driven calibrater tool****
2020-03-06 04:32:51	INFO	gaincal::calibrater::open	Opening MS: calibrators.ms for calibration.
2020-03-06 04:32:51	INFO	gaincal::Calibrater::	Initializing nominal selection to the whole MS.
2020-03-06 04:32:51	INFO	gaincal::::	NB: gaincal automatically excludes auto-correlations.
2020-03-06 04:32:51	INFO	calibrater::setdata	Beginning selectvis--(MSSelection version)-------
2020-03-06 04:32:51	INFO	calibrater::reset	Reseting solve/apply state
2020-03-06 04:32:51	INFO	Calibrater::selectvis	Performing selection on MeasurementSet
2020-03-06 04:32:51	INFO	Calibrater::selectvis+	 Selecting with TaQL: 'ANTENNA1!=ANTENNA2'
2020-03-06 04:32:51	INFO	Calibrater::selectvis	Selection did not drop any rows
2020-03-06 04:32:51	INFO	Calibrater::selectvis	Frequency selection: Selecting all channels in all spws.
2020-03-06 04:32:51	INFO	calibrater::setdata	chanmode=none nchan=1 start=0 step=1 mStart='0km/s' mStep='0km/s' msSelect='ANTENNA1!=ANTENNA2'
2020-03-06 04:32:51	INFO	calibrater::setapply	Beginning setapply--(MSSelection version)-------
2020-03-06 04:32:51	INFO	Calibrater::setapply(type, applypar)	Arranging to APPLY:
2020-03-06 04:32:52	INFO	Calibrater::setapply(type, applypar)	.   G Jones: table=fluxphaseshortgaincal.g select= interp=linear spwmap=[-1] calWt=true
2020-03-06 04:32:52	INFO	calibrater::setapply	Beginning setapply--(MSSelection version)-------
2020-03-06 04:32:52	INFO	Calibrater::setapply(type, applypar)	Arranging to APPLY:
2020-03-06 04:32:52	INFO	Calibrater::setapply(type, applypar)	.   P Jones <pre-computed>
2020-03-06 04:32:52	INFO	calibrater::setsolve	Beginning setsolve--(MSSelection version)-------
2020-03-06 04:32:52	INFO	Calibrater::setsolve	Arranging to SOLVE:
2020-03-06 04:32:52	INFO	Calibrater::setsolve	.   G Jones: table=fluxgaincal.g append=false solint=206.03999991s refantmode='flex' refant='ea13,ea04,ea28,ea22,ea16,ea20,ea15,ea17,ea06,ea11,ea05,ea14,ea27,ea19,ea08,ea25,ea26,ea01,ea24,ea07,ea21,ea09,ea02,ea03,ea18,ea12,ea10' minsnr=5 apmode=AP solnorm=false
2020-03-06 04:32:52	INFO	calibrater::solve	Beginning solve-----------------------------
2020-03-06 04:32:52	INFO	Calibrater::solve	The following calibration terms are arranged for apply:
2020-03-06 04:32:52	INFO	Calibrater::solve	.   G Jones: table=fluxphaseshortgaincal.g select= interp=linear spwmap=[-1] calWt=true
2020-03-06 04:32:52	INFO	Calibrater::solve	.   P Jones <pre-computed>
2020-03-06 04:32:52	INFO	Calibrater::solve	The following calibration term is arranged for solve:
2020-03-06 04:32:52	INFO	Calibrater::solve	.   G Jones: table=fluxgaincal.g append=false solint=206.03999991s refantmode='flex' refant='ea13,ea04,ea28,ea22,ea16,ea20,ea15,ea17,ea06,ea11,ea05,ea14,ea27,ea19,ea08,ea25,ea26,ea01,ea24,ea07,ea21,ea09,ea02,ea03,ea18,ea12,ea10' minsnr=5 apmode=AP solnorm=false
2020-03-06 04:32:55	INFO	ChannelAverageTVI::parseConfiguration	Channel bin is [-1, -1, -1, -1, -1, -1, -1, -1, -1, -1, -1, -1, -1]
2020-03-06 04:32:55	INFO	Calibrater::solve	For solint = 206.03999991s, found 88 solution intervals.
2020-03-06 04:41:19	INFO	Calibrater::solve	  Found good G Jones solutions in 88 solution intervals.
2020-03-06 04:41:19	INFO		Applying refant: ea13 (ea04,ea28,ea22,ea16,ea20,ea15,ea17,ea06,ea11,ea05,ea14,ea27,ea19,ea08,ea25,ea26,ea01,ea24,ea07,ea21,ea09,ea02,ea03,ea18,ea12,ea10) refantmode = flex (hold alternate refants' phase constant) when refant flagged
2020-03-06 04:41:19	INFO		Writing solutions to table: fluxgaincal.g
2020-03-06 04:41:20	INFO	calibrater::solve	Finished solving.
2020-03-06 04:41:20	INFO	gaincal::::	Calibration solve statistics per spw:  (expected/attempted/succeeded):
2020-03-06 04:41:20	INFO	gaincal::::	  Spw 0: 0/0/0
2020-03-06 04:41:20	INFO	gaincal::::	  Spw 1: 8/8/8
2020-03-06 04:41:20	INFO	gaincal::::	  Spw 2: 8/8/8
2020-03-06 04:41:20	INFO	gaincal::::	  Spw 3: 8/8/8
2020-03-06 04:41:20	INFO	gaincal::::	  Spw 4: 0/0/0
2020-03-06 04:41:20	INFO	gaincal::::	  Spw 5: 8/8/8
2020-03-06 04:41:20	INFO	gaincal::::	  Spw 6: 8/8/8
2020-03-06 04:41:20	INFO	gaincal::::	  Spw 7: 8/8/8
2020-03-06 04:41:20	INFO	gaincal::::	  Spw 8: 8/8/8
2020-03-06 04:41:20	INFO	gaincal::::	  Spw 9: 8/8/8
2020-03-06 04:41:20	INFO	gaincal::::	  Spw 10: 8/8/8
2020-03-06 04:41:20	INFO	gaincal::::	  Spw 11: 8/8/8
2020-03-06 04:41:20	INFO	gaincal::::	  Spw 12: 8/8/8
2020-03-06 04:41:20	INFO	gaincal::::	
2020-03-06 04:41:20	INFO	gaincal::::	##### End Task: gaincal           #####
2020-03-06 04:41:20	INFO	gaincal::::	##########################################
2020-03-06 04:41:21	INFO	pipeline.hifv.tasks.fluxscale.fluxboot::pipeline.hifv.tasks.fluxscale.fluxboot::	Gain table fluxgaincal.g is ready for flagging.
2020-03-06 04:41:21	INFO	pipeline.hifv.tasks.fluxscale.fluxboot::pipeline.hifv.tasks.fluxscale.fluxboot::	Doing flux density bootstrapping using caltable fluxgaincal.g
2020-03-06 04:41:21	INFO	pipeline.infrastructure.jobrequest::pipeline.infrastructure.jobrequest::	Executing fluxscale(vis='calibrators.ms', caltable='fluxgaincal.g', fluxtable='fluxgaincalFcal.g', reference=['0'], transfer=[''], append=False, refspwmap=[-1], display=False)
2020-03-06 04:41:21	INFO	fluxscale::::	
2020-03-06 04:41:21	INFO	fluxscale::::	##########################################
2020-03-06 04:41:21	INFO	fluxscale::::	##### Begin Task: fluxscale           #####
2020-03-06 04:41:21	INFO	fluxscale::::	
2020-03-06 04:41:21	INFO	fluxscale::calibrater::open	****Using NEW VI2-driven calibrater tool****
2020-03-06 04:41:21	INFO	fluxscale::calibrater::open	Opening MS: calibrators.ms for calibration.
2020-03-06 04:41:21	INFO	fluxscale::Calibrater::	Initializing nominal selection to the whole MS.
2020-03-06 04:41:21	INFO	fluxscale::calibrater::fluxscale	Beginning fluxscale--(MSSelection version)-------
2020-03-06 04:41:22	INFO	fluxscale::::	 Assuming all non-reference fields are transfer fields.
2020-03-06 04:41:22	INFO	fluxscale::::	 Found reference field(s): 0137+331=3C48
2020-03-06 04:41:22	INFO	fluxscale::::	 Found transfer field(s):  J0410+7656
2020-03-06 04:41:23	INFO	fluxscale::::	 Flux density for J0410+7656 in SpW=0 is:  INSUFFICIENT DATA 
2020-03-06 04:41:23	INFO	fluxscale::::	 Flux density for J0410+7656 in SpW=1 (freq=1.1795e+09 Hz) is: 6.06079 +/- 0.00180937 (SNR = 3349.66, N = 54)
2020-03-06 04:41:23	INFO	fluxscale::::	 Flux density for J0410+7656 in SpW=2 (freq=1.3075e+09 Hz) is: 5.75875 +/- 0.0019508 (SNR = 2952, N = 54)
2020-03-06 04:41:23	INFO	fluxscale::::	 Flux density for J0410+7656 in SpW=3 (freq=1.4355e+09 Hz) is: 5.53237 +/- 0.00203516 (SNR = 2718.4, N = 54)
2020-03-06 04:41:23	INFO	fluxscale::::	 Flux density for J0410+7656 in SpW=4 is:  INSUFFICIENT DATA 
2020-03-06 04:41:23	INFO	fluxscale::::	 Flux density for J0410+7656 in SpW=5 (freq=1.6915e+09 Hz) is: 5.10177 +/- 0.00160895 (SNR = 3170.86, N = 54)
2020-03-06 04:41:23	INFO	fluxscale::::	 Flux density for J0410+7656 in SpW=6 (freq=1.8195e+09 Hz) is: 4.92149 +/- 0.00156346 (SNR = 3147.83, N = 54)
2020-03-06 04:41:23	INFO	fluxscale::::	 Flux density for J0410+7656 in SpW=7 (freq=1.9475e+09 Hz) is: 4.75211 +/- 0.00169543 (SNR = 2802.89, N = 54)
2020-03-06 04:41:23	INFO	fluxscale::::	 Flux density for J0410+7656 in SpW=8 (freq=1.42021e+09 Hz) is: 5.55367 +/- 0.00228889 (SNR = 2426.36, N = 54)
2020-03-06 04:41:23	INFO	fluxscale::::	 Flux density for J0410+7656 in SpW=9 (freq=1.612e+09 Hz) is: 5.23901 +/- 0.0019398 (SNR = 2700.8, N = 54)
2020-03-06 04:41:23	INFO	fluxscale::::	 Flux density for J0410+7656 in SpW=10 (freq=1.66516e+09 Hz) is: 5.15225 +/- 0.00261512 (SNR = 1970.18, N = 54)
2020-03-06 04:41:23	INFO	fluxscale::::	 Flux density for J0410+7656 in SpW=11 (freq=1.66712e+09 Hz) is: 5.14329 +/- 0.00255654 (SNR = 2011.82, N = 54)
2020-03-06 04:41:23	INFO	fluxscale::::	 Flux density for J0410+7656 in SpW=12 (freq=1.72028e+09 Hz) is: 5.07045 +/- 0.00185064 (SNR = 2739.84, N = 54)
2020-03-06 04:41:23	INFO	fluxscale::::	 Fitted spectrum for J0410+7656 with fitorder=1: Flux density = 5.28465 +/- 0.00355809 (freq=1.5722 GHz) spidx=-0.479883 +/- 0.00429094
2020-03-06 04:41:23	INFO	fluxscale::Calibrater::fluxscale	Storing result in fluxgaincalFcal.g
2020-03-06 04:41:23	INFO	fluxscale::::	Writing solutions to table: fluxgaincalFcal.g
2020-03-06 04:41:25	INFO	fluxscale::::	CASA Version 5.4.1-31  
2020-03-06 04:41:25	INFO	fluxscale::::	
2020-03-06 04:41:26	INFO	fluxscale::::	
2020-03-06 04:41:26	INFO	fluxscale::::	##### End Task: fluxscale           #####
2020-03-06 04:41:26	INFO	fluxscale::::	##########################################
2020-03-06 04:41:26	INFO	pipeline.hifv.tasks.fluxscale.fluxboot::pipeline.hifv.tasks.fluxscale.fluxboot::	Fitting data with power law
2020-03-06 04:41:26	INFO	pipeline.hifv.tasks.fluxscale.fluxboot::msmetadata_cmpt.cc::open	Performing internal consistency checks on /data/scratch/idchiang/EveryTHINGS/blocks/IC342.01/14B-396.sb29809142.eb30014592.56987.35765355324.ms...
2020-03-06 04:41:27	INFO	pipeline.hifv.tasks.fluxscale.fluxboot::MSMetaData::_computeScanAndSubScanProperties 	Computing scan and subscan properties...
2020-03-06 04:41:29	INFO	pipeline.hifv.tasks.fluxscale.fluxboot::pipeline.hifv.tasks.fluxscale.fluxboot::	J0410+7656 L fitted spectral index & SNR = -0.480115576332 716676.174599
2020-03-06 04:41:29	INFO	pipeline.hifv.tasks.fluxscale.fluxboot::pipeline.hifv.tasks.fluxscale.fluxboot::	Frequency, data, error, and fitted data:
2020-03-06 04:41:29	INFO	pipeline.hifv.tasks.fluxscale.fluxboot::pipeline.hifv.tasks.fluxscale.fluxboot::	    1.18  6.06079316889  0.0018090471845  6.06590884095
2020-03-06 04:41:29	INFO	pipeline.hifv.tasks.fluxscale.fluxboot::pipeline.hifv.tasks.fluxscale.fluxboot::	    1.308  5.75875262974  0.00195044389221  5.7732764849
2020-03-06 04:41:29	INFO	pipeline.hifv.tasks.fluxscale.fluxboot::pipeline.hifv.tasks.fluxscale.fluxboot::	    1.420207966  5.55366775082  0.00228847900123  5.54959140958
2020-03-06 04:41:29	INFO	pipeline.hifv.tasks.fluxscale.fluxboot::pipeline.hifv.tasks.fluxscale.fluxboot::	    1.436  5.53236826813  0.00203479127674  5.5202056376
2020-03-06 04:41:29	INFO	pipeline.hifv.tasks.fluxscale.fluxboot::pipeline.hifv.tasks.fluxscale.fluxboot::	    1.612005503  5.23900617763  0.00193944659834  5.22212970556
2020-03-06 04:41:29	INFO	pipeline.hifv.tasks.fluxscale.fluxboot::pipeline.hifv.tasks.fluxscale.fluxboot::	    1.665168099  5.15225232257  0.0026146505652  5.14140808344
2020-03-06 04:41:29	INFO	pipeline.hifv.tasks.fluxscale.fluxboot::pipeline.hifv.tasks.fluxscale.fluxboot::	    1.667127827  5.14328722003  0.00255607703759  5.13850548116
2020-03-06 04:41:29	INFO	pipeline.hifv.tasks.fluxscale.fluxboot::pipeline.hifv.tasks.fluxscale.fluxboot::	    1.692  5.10177204341  0.00160866347589  5.1021001702
2020-03-06 04:41:29	INFO	pipeline.hifv.tasks.fluxscale.fluxboot::pipeline.hifv.tasks.fluxscale.fluxboot::	    1.720290423  5.07044579128  0.00185030492114  5.06164252803
2020-03-06 04:41:29	INFO	pipeline.hifv.tasks.fluxscale.fluxboot::pipeline.hifv.tasks.fluxscale.fluxboot::	    1.82  4.92149049332  0.00156317536537  4.9265537616
2020-03-06 04:41:29	INFO	pipeline.hifv.tasks.fluxscale.fluxboot::pipeline.hifv.tasks.fluxscale.fluxboot::	    1.948  4.75211271132  0.00169512679866  4.76838577717
2020-03-06 04:41:29	INFO	pipeline.hifv.tasks.fluxscale.fluxboot::pipeline.hifv.tasks.fluxscale.fluxboot::	Setting power-law fit in the model column
2020-03-06 04:41:29	INFO	pipeline.hifv.tasks.fluxscale.fluxboot::pipeline.hifv.tasks.fluxscale.fluxboot::	Running setjy on spw 11
2020-03-06 04:41:29	INFO	pipeline.hifv.tasks.fluxscale.fluxboot::pipeline.hifv.tasks.fluxscale.fluxboot::	Running setjy on spw 10
2020-03-06 04:41:29	INFO	pipeline.hifv.tasks.fluxscale.fluxboot::pipeline.hifv.tasks.fluxscale.fluxboot::	Running setjy on spw 12
2020-03-06 04:41:29	INFO	pipeline.hifv.tasks.fluxscale.fluxboot::pipeline.hifv.tasks.fluxscale.fluxboot::	Running setjy on spw 1
2020-03-06 04:41:29	INFO	pipeline.hifv.tasks.fluxscale.fluxboot::pipeline.hifv.tasks.fluxscale.fluxboot::	Running setjy on spw 3
2020-03-06 04:41:29	INFO	pipeline.hifv.tasks.fluxscale.fluxboot::pipeline.hifv.tasks.fluxscale.fluxboot::	Running setjy on spw 2
2020-03-06 04:41:29	INFO	pipeline.hifv.tasks.fluxscale.fluxboot::pipeline.hifv.tasks.fluxscale.fluxboot::	Running setjy on spw 5
2020-03-06 04:41:29	INFO	pipeline.hifv.tasks.fluxscale.fluxboot::pipeline.hifv.tasks.fluxscale.fluxboot::	Running setjy on spw 7
2020-03-06 04:41:29	INFO	pipeline.hifv.tasks.fluxscale.fluxboot::pipeline.hifv.tasks.fluxscale.fluxboot::	Running setjy on spw 6
2020-03-06 04:41:29	INFO	pipeline.hifv.tasks.fluxscale.fluxboot::pipeline.hifv.tasks.fluxscale.fluxboot::	Running setjy on spw 9
2020-03-06 04:41:29	INFO	pipeline.hifv.tasks.fluxscale.fluxboot::pipeline.hifv.tasks.fluxscale.fluxboot::	Running setjy on spw 8
2020-03-06 04:41:29	INFO	pipeline.hifv.tasks.fluxscale.fluxboot::pipeline.hifv.tasks.fluxscale.fluxboot::	Merging setjy jobs for calibrators.ms
2020-03-06 04:41:29	INFO	pipeline.infrastructure.jobrequest::pipeline.infrastructure.jobrequest::	Executing setjy(vis='calibrators.ms', field='J0410+7656', spw='11,10,12,1,3,2,5,7,6,9,8', selectdata=False, scalebychan=True, standard='manual', listmodels=False, fluxdensity=[5.1385054811577273, 0, 0, 0], spix=-0.48011557633182972, reffreq='1.667127827GHz', usescratch=True)
2020-03-06 04:41:30	INFO	setjy::::	
2020-03-06 04:41:30	INFO	setjy::::	##########################################
2020-03-06 04:41:30	INFO	setjy::::	##### Begin Task: setjy           #####
2020-03-06 04:41:30	INFO	setjy::::	
2020-03-06 04:41:30	INFO	setjy::::	{'field': 'J0410+7656', 'spw': '11,10,12,1,3,2,5,7,6,9,8'}
2020-03-06 04:41:30	INFO	Imager::open() 	Opening MeasurementSet /data/scratch/idchiang/EveryTHINGS/blocks/IC342.01/calibrators.ms
2020-03-06 04:41:30	INFO		Clearing all model records in MS header.
2020-03-06 04:41:32	INFO	setjy::::	CASA Version 5.4.1-31  
2020-03-06 04:41:32	INFO	setjy::::	
2020-03-06 04:41:33	INFO	imager::setjy()	Using channel dependent flux densities
2020-03-06 04:41:33	INFO		Clearing all model records in MS header.
2020-03-06 04:41:34	INFO	imager::data selection	Selected 778228 out of 1503103 rows.
2020-03-06 04:41:35	INFO		Clearing all model records in MS header.
2020-03-06 04:41:35	INFO	imager::data selection	Selected 70748 out of 1503103 rows.
2020-03-06 04:41:35	INFO	imager::ft() 	Fourier transforming: replacing MODEL_DATA column
2020-03-06 04:41:35	INFO	imager::createSkyEquation() 	Processing after subtracting componentlist /data/scratch/idchiang/EveryTHINGS/blocks/IC342.01/calibrators.ms_setjy_spw0_J0410+7656_1.66713GHz56987.4d.cl
2020-03-06 04:41:35	INFO	imager::createFTMachine() 	Performing interferometric gridding...
2020-03-06 04:41:52	INFO		Clearing all model records in MS header.
2020-03-06 04:41:53	INFO	imager::data selection	Selected 70748 out of 1503103 rows.
2020-03-06 04:41:53	INFO	imager::ft() 	Fourier transforming: replacing MODEL_DATA column
2020-03-06 04:41:53	INFO	imager::createSkyEquation() 	Processing after subtracting componentlist /data/scratch/idchiang/EveryTHINGS/blocks/IC342.01/calibrators.ms_setjy_spw1_J0410+7656_1.66713GHz56987.4d.cl
2020-03-06 04:41:53	INFO	imager::createFTMachine() 	Performing interferometric gridding...
2020-03-06 04:42:10	INFO		Clearing all model records in MS header.
2020-03-06 04:42:10	INFO	imager::data selection	Selected 70748 out of 1503103 rows.
2020-03-06 04:42:10	INFO	imager::ft() 	Fourier transforming: replacing MODEL_DATA column
2020-03-06 04:42:10	INFO	imager::createSkyEquation() 	Processing after subtracting componentlist /data/scratch/idchiang/EveryTHINGS/blocks/IC342.01/calibrators.ms_setjy_spw2_J0410+7656_1.66713GHz56987.4d.cl
2020-03-06 04:42:10	INFO	imager::createFTMachine() 	Performing interferometric gridding...
2020-03-06 04:42:29	INFO		Clearing all model records in MS header.
2020-03-06 04:42:29	INFO	imager::data selection	Selected 70748 out of 1503103 rows.
2020-03-06 04:42:29	INFO	imager::ft() 	Fourier transforming: replacing MODEL_DATA column
2020-03-06 04:42:29	INFO	imager::createSkyEquation() 	Processing after subtracting componentlist /data/scratch/idchiang/EveryTHINGS/blocks/IC342.01/calibrators.ms_setjy_spw3_J0410+7656_1.66713GHz56987.4d.cl
2020-03-06 04:42:29	INFO	imager::createFTMachine() 	Performing interferometric gridding...
2020-03-06 04:42:42	INFO		Clearing all model records in MS header.
2020-03-06 04:42:42	INFO	imager::data selection	Selected 70748 out of 1503103 rows.
2020-03-06 04:42:42	INFO	imager::ft() 	Fourier transforming: replacing MODEL_DATA column
2020-03-06 04:42:42	INFO	imager::createSkyEquation() 	Processing after subtracting componentlist /data/scratch/idchiang/EveryTHINGS/blocks/IC342.01/calibrators.ms_setjy_spw4_J0410+7656_1.66713GHz56987.4d.cl
2020-03-06 04:42:42	INFO	imager::createFTMachine() 	Performing interferometric gridding...
2020-03-06 04:42:54	INFO		Clearing all model records in MS header.
2020-03-06 04:42:54	INFO	imager::data selection	Selected 70748 out of 1503103 rows.
2020-03-06 04:42:54	INFO	imager::ft() 	Fourier transforming: replacing MODEL_DATA column
2020-03-06 04:42:54	INFO	imager::createSkyEquation() 	Processing after subtracting componentlist /data/scratch/idchiang/EveryTHINGS/blocks/IC342.01/calibrators.ms_setjy_spw5_J0410+7656_1.66713GHz56987.4d.cl
2020-03-06 04:42:54	INFO	imager::createFTMachine() 	Performing interferometric gridding...
2020-03-06 04:43:06	INFO		Clearing all model records in MS header.
2020-03-06 04:43:07	INFO	imager::data selection	Selected 70748 out of 1503103 rows.
2020-03-06 04:43:07	INFO	imager::ft() 	Fourier transforming: replacing MODEL_DATA column
2020-03-06 04:43:07	INFO	imager::createSkyEquation() 	Processing after subtracting componentlist /data/scratch/idchiang/EveryTHINGS/blocks/IC342.01/calibrators.ms_setjy_spw6_J0410+7656_1.66713GHz56987.4d.cl
2020-03-06 04:43:07	INFO	imager::createFTMachine() 	Performing interferometric gridding...
2020-03-06 04:43:19	INFO		Clearing all model records in MS header.
2020-03-06 04:43:19	INFO	imager::data selection	Selected 70748 out of 1503103 rows.
2020-03-06 04:43:19	INFO	imager::ft() 	Fourier transforming: replacing MODEL_DATA column
2020-03-06 04:43:19	INFO	imager::createSkyEquation() 	Processing after subtracting componentlist /data/scratch/idchiang/EveryTHINGS/blocks/IC342.01/calibrators.ms_setjy_spw7_J0410+7656_1.66713GHz56987.4d.cl
2020-03-06 04:43:19	INFO	imager::createFTMachine() 	Performing interferometric gridding...
2020-03-06 04:43:31	INFO		Clearing all model records in MS header.
2020-03-06 04:43:31	INFO	imager::data selection	Selected 70748 out of 1503103 rows.
2020-03-06 04:43:31	INFO	imager::ft() 	Fourier transforming: replacing MODEL_DATA column
2020-03-06 04:43:31	INFO	imager::createSkyEquation() 	Processing after subtracting componentlist /data/scratch/idchiang/EveryTHINGS/blocks/IC342.01/calibrators.ms_setjy_spw8_J0410+7656_1.66713GHz56987.4d.cl
2020-03-06 04:43:31	INFO	imager::createFTMachine() 	Performing interferometric gridding...
2020-03-06 04:43:42	INFO		Clearing all model records in MS header.
2020-03-06 04:43:42	INFO	imager::data selection	Selected 70748 out of 1503103 rows.
2020-03-06 04:43:42	INFO	imager::ft() 	Fourier transforming: replacing MODEL_DATA column
2020-03-06 04:43:42	INFO	imager::createSkyEquation() 	Processing after subtracting componentlist /data/scratch/idchiang/EveryTHINGS/blocks/IC342.01/calibrators.ms_setjy_spw9_J0410+7656_1.66713GHz56987.4d.cl
2020-03-06 04:43:42	INFO	imager::createFTMachine() 	Performing interferometric gridding...
2020-03-06 04:43:59	INFO		Clearing all model records in MS header.
2020-03-06 04:44:00	INFO	imager::data selection	Selected 70748 out of 1503103 rows.
2020-03-06 04:44:00	INFO	imager::ft() 	Fourier transforming: replacing MODEL_DATA column
2020-03-06 04:44:00	INFO	imager::createSkyEquation() 	Processing after subtracting componentlist /data/scratch/idchiang/EveryTHINGS/blocks/IC342.01/calibrators.ms_setjy_spw10_J0410+7656_1.66713GHz56987.4d.cl
2020-03-06 04:44:00	INFO	imager::createFTMachine() 	Performing interferometric gridding...
2020-03-06 04:45:45	INFO	imager::setjy()	Flux density as a function of frequency (channel 0 of each spw):
2020-03-06 04:45:45	INFO	imager::setjy()+	  Frequency (GHz)    Flux Density (Jy, Stokes I)
2020-03-06 04:45:45	INFO	imager::setjy()	     1.66313         5.14453
2020-03-06 04:45:45	INFO	imager::setjy()	     1.66117         5.14744
2020-03-06 04:45:45	INFO	imager::setjy()	     1.71629         5.06739
2020-03-06 04:45:45	INFO	imager::setjy()	     1.116         6.23061
2020-03-06 04:45:45	INFO	imager::setjy()	     1.372         5.64247
2020-03-06 04:45:45	INFO	imager::setjy()	     1.244         5.91412
2020-03-06 04:45:45	INFO	imager::setjy()	     1.628         5.19752
2020-03-06 04:45:45	INFO	imager::setjy()	     1.884         4.84557
2020-03-06 04:45:45	INFO	imager::setjy()	     1.756         5.01205
2020-03-06 04:45:45	INFO	imager::setjy()	     1.60801         5.22845
2020-03-06 04:45:45	INFO	imager::setjy()	     1.41621         5.55721
2020-03-06 04:45:45	INFO	setjy::::	
2020-03-06 04:45:45	INFO	setjy::::	##### End Task: setjy           #####
2020-03-06 04:45:45	INFO	setjy::::	##########################################
2020-03-06 04:45:46	INFO	pipeline.hifv.tasks.fluxscale.fluxboot::pipeline.hifv.tasks.fluxscale.fluxboot::	Merging setjy jobs for /data/scratch/idchiang/EveryTHINGS/blocks/IC342.01/14B-396.sb29809142.eb30014592.56987.35765355324.ms
2020-03-06 04:45:46	INFO	pipeline.infrastructure.jobrequest::pipeline.infrastructure.jobrequest::	Executing setjy(vis='14B-396.sb29809142.eb30014592.56987.35765355324.ms', field='J0410+7656', spw='11,10,12,1,3,2,5,7,6,9,8', selectdata=False, scalebychan=True, standard='manual', listmodels=False, fluxdensity=[5.1385054811577273, 0, 0, 0], spix=-0.48011557633182972, reffreq='1.667127827GHz', usescratch=True)
2020-03-06 04:45:46	INFO	setjy::::	
2020-03-06 04:45:46	INFO	setjy::::	##########################################
2020-03-06 04:45:46	INFO	setjy::::	##### Begin Task: setjy           #####
2020-03-06 04:45:46	INFO	setjy::::	
2020-03-06 04:45:46	INFO	setjy::::	{'field': 'J0410+7656', 'spw': '11,10,12,1,3,2,5,7,6,9,8'}
2020-03-06 04:45:47	INFO	Imager::open() 	Opening MeasurementSet /data/scratch/idchiang/EveryTHINGS/blocks/IC342.01/14B-396.sb29809142.eb30014592.56987.35765355324.ms
2020-03-06 04:45:47	INFO		Clearing all model records in MS header.
2020-03-06 04:45:58	INFO	setjy::::	CASA Version 5.4.1-31  
2020-03-06 04:45:58	INFO	setjy::::	
2020-03-06 04:46:00	INFO	imager::setjy()	Using channel dependent flux densities
2020-03-06 04:46:01	INFO		Clearing all model records in MS header.
2020-03-06 04:46:02	INFO	imager::data selection	Selected 1057914 out of 10823436 rows.
2020-03-06 04:46:06	INFO		Clearing all model records in MS header.
2020-03-06 04:46:06	INFO	imager::data selection	Selected 96174 out of 10823436 rows.
2020-03-06 04:46:06	INFO	imager::ft() 	Fourier transforming: replacing MODEL_DATA column
2020-03-06 04:46:06	INFO	imager::createSkyEquation() 	Processing after subtracting componentlist /data/scratch/idchiang/EveryTHINGS/blocks/IC342.01/14B-396.sb29809142.eb30014592.56987.35765355324.ms_setjy_spw0_J0410+7656_1.66713GHz56987.4d.cl
2020-03-06 04:46:06	INFO	imager::createFTMachine() 	Performing interferometric gridding...
2020-03-06 04:46:30	INFO		Clearing all model records in MS header.
2020-03-06 04:46:30	INFO	imager::data selection	Selected 96174 out of 10823436 rows.
2020-03-06 04:46:30	INFO	imager::ft() 	Fourier transforming: replacing MODEL_DATA column
2020-03-06 04:46:30	INFO	imager::createSkyEquation() 	Processing after subtracting componentlist /data/scratch/idchiang/EveryTHINGS/blocks/IC342.01/14B-396.sb29809142.eb30014592.56987.35765355324.ms_setjy_spw1_J0410+7656_1.66713GHz56987.4d.cl
2020-03-06 04:46:30	INFO	imager::createFTMachine() 	Performing interferometric gridding...
2020-03-06 04:46:55	INFO		Clearing all model records in MS header.
2020-03-06 04:46:55	INFO	imager::data selection	Selected 96174 out of 10823436 rows.
2020-03-06 04:46:55	INFO	imager::ft() 	Fourier transforming: replacing MODEL_DATA column
2020-03-06 04:46:55	INFO	imager::createSkyEquation() 	Processing after subtracting componentlist /data/scratch/idchiang/EveryTHINGS/blocks/IC342.01/14B-396.sb29809142.eb30014592.56987.35765355324.ms_setjy_spw2_J0410+7656_1.66713GHz56987.4d.cl
2020-03-06 04:46:55	INFO	imager::createFTMachine() 	Performing interferometric gridding...
2020-03-06 04:47:22	INFO		Clearing all model records in MS header.
2020-03-06 04:47:22	INFO	imager::data selection	Selected 96174 out of 10823436 rows.
2020-03-06 04:47:22	INFO	imager::ft() 	Fourier transforming: replacing MODEL_DATA column
2020-03-06 04:47:22	INFO	imager::createSkyEquation() 	Processing after subtracting componentlist /data/scratch/idchiang/EveryTHINGS/blocks/IC342.01/14B-396.sb29809142.eb30014592.56987.35765355324.ms_setjy_spw3_J0410+7656_1.66713GHz56987.4d.cl
2020-03-06 04:47:22	INFO	imager::createFTMachine() 	Performing interferometric gridding...
2020-03-06 04:47:39	INFO		Clearing all model records in MS header.
2020-03-06 04:47:40	INFO	imager::data selection	Selected 96174 out of 10823436 rows.
2020-03-06 04:47:40	INFO	imager::ft() 	Fourier transforming: replacing MODEL_DATA column
2020-03-06 04:47:40	INFO	imager::createSkyEquation() 	Processing after subtracting componentlist /data/scratch/idchiang/EveryTHINGS/blocks/IC342.01/14B-396.sb29809142.eb30014592.56987.35765355324.ms_setjy_spw4_J0410+7656_1.66713GHz56987.4d.cl
2020-03-06 04:47:40	INFO	imager::createFTMachine() 	Performing interferometric gridding...
2020-03-06 04:47:56	INFO		Clearing all model records in MS header.
2020-03-06 04:47:57	INFO	imager::data selection	Selected 96174 out of 10823436 rows.
2020-03-06 04:47:57	INFO	imager::ft() 	Fourier transforming: replacing MODEL_DATA column
2020-03-06 04:47:57	INFO	imager::createSkyEquation() 	Processing after subtracting componentlist /data/scratch/idchiang/EveryTHINGS/blocks/IC342.01/14B-396.sb29809142.eb30014592.56987.35765355324.ms_setjy_spw5_J0410+7656_1.66713GHz56987.4d.cl
2020-03-06 04:47:57	INFO	imager::createFTMachine() 	Performing interferometric gridding...
2020-03-06 04:48:14	INFO		Clearing all model records in MS header.
2020-03-06 04:48:14	INFO	imager::data selection	Selected 96174 out of 10823436 rows.
2020-03-06 04:48:14	INFO	imager::ft() 	Fourier transforming: replacing MODEL_DATA column
2020-03-06 04:48:14	INFO	imager::createSkyEquation() 	Processing after subtracting componentlist /data/scratch/idchiang/EveryTHINGS/blocks/IC342.01/14B-396.sb29809142.eb30014592.56987.35765355324.ms_setjy_spw6_J0410+7656_1.66713GHz56987.4d.cl
2020-03-06 04:48:14	INFO	imager::createFTMachine() 	Performing interferometric gridding...
2020-03-06 04:48:31	INFO		Clearing all model records in MS header.
2020-03-06 04:48:31	INFO	imager::data selection	Selected 96174 out of 10823436 rows.
2020-03-06 04:48:31	INFO	imager::ft() 	Fourier transforming: replacing MODEL_DATA column
2020-03-06 04:48:31	INFO	imager::createSkyEquation() 	Processing after subtracting componentlist /data/scratch/idchiang/EveryTHINGS/blocks/IC342.01/14B-396.sb29809142.eb30014592.56987.35765355324.ms_setjy_spw7_J0410+7656_1.66713GHz56987.4d.cl
2020-03-06 04:48:31	INFO	imager::createFTMachine() 	Performing interferometric gridding...
2020-03-06 04:48:49	INFO		Clearing all model records in MS header.
2020-03-06 04:48:49	INFO	imager::data selection	Selected 96174 out of 10823436 rows.
2020-03-06 04:48:49	INFO	imager::ft() 	Fourier transforming: replacing MODEL_DATA column
2020-03-06 04:48:49	INFO	imager::createSkyEquation() 	Processing after subtracting componentlist /data/scratch/idchiang/EveryTHINGS/blocks/IC342.01/14B-396.sb29809142.eb30014592.56987.35765355324.ms_setjy_spw8_J0410+7656_1.66713GHz56987.4d.cl
2020-03-06 04:48:49	INFO	imager::createFTMachine() 	Performing interferometric gridding...
2020-03-06 04:49:06	INFO		Clearing all model records in MS header.
2020-03-06 04:49:07	INFO	imager::data selection	Selected 96174 out of 10823436 rows.
2020-03-06 04:49:07	INFO	imager::ft() 	Fourier transforming: replacing MODEL_DATA column
2020-03-06 04:49:07	INFO	imager::createSkyEquation() 	Processing after subtracting componentlist /data/scratch/idchiang/EveryTHINGS/blocks/IC342.01/14B-396.sb29809142.eb30014592.56987.35765355324.ms_setjy_spw9_J0410+7656_1.66713GHz56987.4d.cl
2020-03-06 04:49:07	INFO	imager::createFTMachine() 	Performing interferometric gridding...
2020-03-06 04:49:32	INFO		Clearing all model records in MS header.
2020-03-06 04:49:32	INFO	imager::data selection	Selected 96174 out of 10823436 rows.
2020-03-06 04:49:32	INFO	imager::ft() 	Fourier transforming: replacing MODEL_DATA column
2020-03-06 04:49:32	INFO	imager::createSkyEquation() 	Processing after subtracting componentlist /data/scratch/idchiang/EveryTHINGS/blocks/IC342.01/14B-396.sb29809142.eb30014592.56987.35765355324.ms_setjy_spw10_J0410+7656_1.66713GHz56987.4d.cl
2020-03-06 04:49:32	INFO	imager::createFTMachine() 	Performing interferometric gridding...
2020-03-06 04:52:05	INFO	imager::setjy()	Flux density as a function of frequency (channel 0 of each spw):
2020-03-06 04:52:05	INFO	imager::setjy()+	  Frequency (GHz)    Flux Density (Jy, Stokes I)
2020-03-06 04:52:05	INFO	imager::setjy()	     1.66313         5.14453
2020-03-06 04:52:05	INFO	imager::setjy()	     1.66117         5.14744
2020-03-06 04:52:05	INFO	imager::setjy()	     1.71629         5.06739
2020-03-06 04:52:05	INFO	imager::setjy()	     1.116         6.23061
2020-03-06 04:52:05	INFO	imager::setjy()	     1.372         5.64247
2020-03-06 04:52:05	INFO	imager::setjy()	     1.244         5.91412
2020-03-06 04:52:05	INFO	imager::setjy()	     1.628         5.19752
2020-03-06 04:52:05	INFO	imager::setjy()	     1.884         4.84557
2020-03-06 04:52:05	INFO	imager::setjy()	     1.756         5.01205
2020-03-06 04:52:05	INFO	imager::setjy()	     1.60801         5.22845
2020-03-06 04:52:05	INFO	imager::setjy()	     1.41621         5.55721
2020-03-06 04:52:05	INFO	setjy::::	
2020-03-06 04:52:05	INFO	setjy::::	##### End Task: setjy           #####
2020-03-06 04:52:05	INFO	setjy::::	##########################################
2020-03-06 04:52:05	INFO	pipeline.hifv.tasks.fluxscale.fluxboot::pipeline.hifv.tasks.fluxscale.fluxboot::	Flux density bootstrapping finished
