2020-03-05 18:42:25	INFO	hifv_vlasetjy::pipeline.infrastructure.basetask::	Starting execution for stage 4
2020-03-05 18:42:25	INFO	hifv_vlasetjy::pipeline.infrastructure.basetask::	Equivalent CASA call: hifv_vlasetjy(fluxdensity=-1, scalebychan=True, spix=0, reffreq='1GHz')
2020-03-05 18:42:26	INFO	pipeline.infrastructure.basetask::msmetadata_cmpt.cc::open	Performing internal consistency checks on /data/scratch/idchiang/EveryTHINGS/blocks/IC342.01/14B-396.sb29809142.eb30014592.56987.35765355324.ms...
2020-03-05 18:42:26	INFO	pipeline.infrastructure.basetask::MSMetaData::_computeScanAndSubScanProperties 	Computing scan and subscan properties...
2020-03-05 18:42:28	INFO	hifv_vlasetjy::pipeline.hifv.tasks.setmodel.vlasetjy::	Center freq for spw 0 = 1052000000.0, observing band = L
2020-03-05 18:42:28	INFO	hifv_vlasetjy::pipeline.hifv.tasks.setmodel.vlasetjy::	Setting model for field 0 spw 0 using 3C48_L.im
2020-03-05 18:42:28	INFO	hifv_vlasetjy::pipeline.hifv.tasks.setmodel.vlasetjy::	Center freq for spw 1 = 1180000000.0, observing band = L
2020-03-05 18:42:28	INFO	hifv_vlasetjy::pipeline.hifv.tasks.setmodel.vlasetjy::	Setting model for field 0 spw 1 using 3C48_L.im
2020-03-05 18:42:28	INFO	hifv_vlasetjy::pipeline.hifv.tasks.setmodel.vlasetjy::	Center freq for spw 2 = 1308000000.0, observing band = L
2020-03-05 18:42:28	INFO	hifv_vlasetjy::pipeline.hifv.tasks.setmodel.vlasetjy::	Setting model for field 0 spw 2 using 3C48_L.im
2020-03-05 18:42:28	INFO	hifv_vlasetjy::pipeline.hifv.tasks.setmodel.vlasetjy::	Center freq for spw 3 = 1436000000.0, observing band = L
2020-03-05 18:42:28	INFO	hifv_vlasetjy::pipeline.hifv.tasks.setmodel.vlasetjy::	Setting model for field 0 spw 3 using 3C48_L.im
2020-03-05 18:42:29	INFO	hifv_vlasetjy::pipeline.hifv.tasks.setmodel.vlasetjy::	Center freq for spw 4 = 1564000000.0, observing band = L
2020-03-05 18:42:29	INFO	hifv_vlasetjy::pipeline.hifv.tasks.setmodel.vlasetjy::	Setting model for field 0 spw 4 using 3C48_L.im
2020-03-05 18:42:29	INFO	hifv_vlasetjy::pipeline.hifv.tasks.setmodel.vlasetjy::	Center freq for spw 5 = 1692000000.0, observing band = L
2020-03-05 18:42:29	INFO	hifv_vlasetjy::pipeline.hifv.tasks.setmodel.vlasetjy::	Setting model for field 0 spw 5 using 3C48_L.im
2020-03-05 18:42:29	INFO	hifv_vlasetjy::pipeline.hifv.tasks.setmodel.vlasetjy::	Center freq for spw 6 = 1820000000.0, observing band = L
2020-03-05 18:42:29	INFO	hifv_vlasetjy::pipeline.hifv.tasks.setmodel.vlasetjy::	Setting model for field 0 spw 6 using 3C48_L.im
2020-03-05 18:42:29	INFO	hifv_vlasetjy::pipeline.hifv.tasks.setmodel.vlasetjy::	Center freq for spw 7 = 1948000000.0, observing band = L
2020-03-05 18:42:29	INFO	hifv_vlasetjy::pipeline.hifv.tasks.setmodel.vlasetjy::	Setting model for field 0 spw 7 using 3C48_L.im
2020-03-05 18:42:29	INFO	hifv_vlasetjy::pipeline.hifv.tasks.setmodel.vlasetjy::	Center freq for spw 8 = 1420207966.0, observing band = L
2020-03-05 18:42:29	INFO	hifv_vlasetjy::pipeline.hifv.tasks.setmodel.vlasetjy::	Setting model for field 0 spw 8 using 3C48_L.im
2020-03-05 18:42:29	INFO	hifv_vlasetjy::pipeline.hifv.tasks.setmodel.vlasetjy::	Center freq for spw 9 = 1612005503.0, observing band = L
2020-03-05 18:42:29	INFO	hifv_vlasetjy::pipeline.hifv.tasks.setmodel.vlasetjy::	Setting model for field 0 spw 9 using 3C48_L.im
2020-03-05 18:42:29	INFO	hifv_vlasetjy::pipeline.hifv.tasks.setmodel.vlasetjy::	Center freq for spw 10 = 1665168099.0, observing band = L
2020-03-05 18:42:29	INFO	hifv_vlasetjy::pipeline.hifv.tasks.setmodel.vlasetjy::	Setting model for field 0 spw 10 using 3C48_L.im
2020-03-05 18:42:29	INFO	hifv_vlasetjy::pipeline.hifv.tasks.setmodel.vlasetjy::	Center freq for spw 11 = 1667127827.0, observing band = L
2020-03-05 18:42:29	INFO	hifv_vlasetjy::pipeline.hifv.tasks.setmodel.vlasetjy::	Setting model for field 0 spw 11 using 3C48_L.im
2020-03-05 18:42:29	INFO	hifv_vlasetjy::pipeline.hifv.tasks.setmodel.vlasetjy::	Center freq for spw 12 = 1720290423.0, observing band = L
2020-03-05 18:42:29	INFO	hifv_vlasetjy::pipeline.hifv.tasks.setmodel.vlasetjy::	Setting model for field 0 spw 12 using 3C48_L.im
2020-03-05 18:42:29	INFO	hifv_vlasetjy::pipeline.infrastructure.jobrequest::	Executing setjy(vis='14B-396.sb29809142.eb30014592.56987.35765355324.ms', field='0', spw='0,1,2,3,4,5,6,7,8,9,10,11,12', selectdata=False, scalebychan=True, standard='Perley-Butler 2017', model='3C48_L.im', listmodels=False, fluxdensity=-1, usescratch=True)
2020-03-05 18:42:30	INFO	setjy::::	
2020-03-05 18:42:30	INFO	setjy::::	##########################################
2020-03-05 18:42:30	INFO	setjy::::	##### Begin Task: setjy           #####
2020-03-05 18:42:30	INFO	setjy::::	
2020-03-05 18:42:30	INFO	setjy::::	{'field': '0', 'spw': '0,1,2,3,4,5,6,7,8,9,10,11,12'}
2020-03-05 18:42:31	INFO	Imager::open() 	Opening MeasurementSet /data/scratch/idchiang/EveryTHINGS/blocks/IC342.01/14B-396.sb29809142.eb30014592.56987.35765355324.ms
2020-03-05 18:42:31	INFO		Clearing all model records in MS header.
2020-03-05 18:42:32	INFO	VisSetUtil::addScrCols	Adding MODEL_DATA column(s).
2020-03-05 18:45:09	INFO	VisSetUtil::initScrCols	Initializing MODEL_DATA to (unity).
2020-03-05 18:55:22	INFO	VisSetUtil::initScrCols	Initialized 10823436 rows.
2020-03-05 18:55:22	INFO		Clearing all model records in MS header.
2020-03-05 18:55:32	INFO	setjy::::	Using /home/idchiang/bin/casa-release-5.4.1-31.el7/data/nrao/VLA/CalModels/3C48_L.im for modimage.
2020-03-05 18:55:32	INFO	setjy::::	CASA Version 5.4.1-31  
2020-03-05 18:55:32	INFO	setjy::::	
2020-03-05 18:55:32	INFO	imager::setjy()	Using channel dependent flux densities
2020-03-05 18:55:33	INFO		Clearing all model records in MS header.
2020-03-05 18:55:34	INFO	imager::data selection	Selected 1263951 out of 10823436 rows.
2020-03-05 18:55:36	INFO	imager::setjy()	0137+331=3C48 (fld ind 0) spw 0  [I=21.698, Q=0, U=0, V=0] Jy @ 9.88e+08Hz, (Perley-Butler 2017)
2020-03-05 18:55:36	INFO	imager::setjy()	0137+331=3C48 (fld ind 0) spw 1  [I=19.738, Q=0, U=0, V=0] Jy @ 1.116e+09Hz, (Perley-Butler 2017)
2020-03-05 18:55:37	INFO	imager::setjy()	0137+331=3C48 (fld ind 0) spw 2  [I=18.104, Q=0, U=0, V=0] Jy @ 1.244e+09Hz, (Perley-Butler 2017)
2020-03-05 18:55:37	INFO	imager::setjy()	0137+331=3C48 (fld ind 0) spw 3  [I=16.72, Q=0, U=0, V=0] Jy @ 1.372e+09Hz, (Perley-Butler 2017)
2020-03-05 18:55:37	INFO	imager::setjy()	0137+331=3C48 (fld ind 0) spw 4  [I=15.533, Q=0, U=0, V=0] Jy @ 1.5e+09Hz, (Perley-Butler 2017)
2020-03-05 18:55:37	INFO	imager::setjy()	0137+331=3C48 (fld ind 0) spw 5  [I=14.503, Q=0, U=0, V=0] Jy @ 1.628e+09Hz, (Perley-Butler 2017)
2020-03-05 18:55:37	INFO	imager::setjy()	0137+331=3C48 (fld ind 0) spw 6  [I=13.601, Q=0, U=0, V=0] Jy @ 1.756e+09Hz, (Perley-Butler 2017)
2020-03-05 18:55:37	INFO	imager::setjy()	0137+331=3C48 (fld ind 0) spw 7  [I=12.804, Q=0, U=0, V=0] Jy @ 1.884e+09Hz, (Perley-Butler 2017)
2020-03-05 18:55:37	INFO	imager::setjy()	0137+331=3C48 (fld ind 0) spw 8  [I=16.29, Q=0, U=0, V=0] Jy @ 1.4162e+09Hz, (Perley-Butler 2017)
2020-03-05 18:55:37	INFO	imager::setjy()	0137+331=3C48 (fld ind 0) spw 9  [I=14.655, Q=0, U=0, V=0] Jy @ 1.608e+09Hz, (Perley-Butler 2017)
2020-03-05 18:55:37	INFO	imager::setjy()	0137+331=3C48 (fld ind 0) spw 10  [I=14.258, Q=0, U=0, V=0] Jy @ 1.6612e+09Hz, (Perley-Butler 2017)
2020-03-05 18:55:37	INFO	imager::setjy()	0137+331=3C48 (fld ind 0) spw 11  [I=14.244, Q=0, U=0, V=0] Jy @ 1.6631e+09Hz, (Perley-Butler 2017)
2020-03-05 18:55:37	INFO	imager::setjy()	0137+331=3C48 (fld ind 0) spw 12  [I=13.869, Q=0, U=0, V=0] Jy @ 1.7163e+09Hz, (Perley-Butler 2017)
2020-03-05 19:31:09	INFO	imager::setjy()	Using model image /home/idchiang/bin/casa-release-5.4.1-31.el7/data/nrao/VLA/CalModels/3C48_L.im
2020-03-05 19:31:09	INFO	imager::setjy()	Scaling spw(s) [0, 1, 2, 3, 4, 5, 6, 7, 8, 9, 10, 11, 12]'s model image by channel to  I = 21.706, 15.5369, 12.0965 Jy @(9.87547e+08, 1.49957e+09, 2.0116e+09)Hz (LSRK) for visibility prediction (a few representative values are shown).
2020-03-05 19:31:09	INFO	imager::setjy()	The model image's reference pixel is 0.00132543 arcsec from 0137+331=3C48's phase center.
2020-03-05 19:31:10	INFO		Clearing all model records in MS header.
2020-03-05 19:31:10	INFO	imager::data selection	Selected 97227 out of 10823436 rows.
2020-03-05 19:31:17	INFO		Clearing all model records in MS header.
2020-03-05 19:31:17	INFO	imager::data selection	Selected 97227 out of 10823436 rows.
2020-03-05 19:31:24	INFO		Clearing all model records in MS header.
2020-03-05 19:31:24	INFO	imager::data selection	Selected 97227 out of 10823436 rows.
2020-03-05 19:31:31	INFO		Clearing all model records in MS header.
2020-03-05 19:31:31	INFO	imager::data selection	Selected 97227 out of 10823436 rows.
2020-03-05 19:31:38	INFO		Clearing all model records in MS header.
2020-03-05 19:31:38	INFO	imager::data selection	Selected 97227 out of 10823436 rows.
2020-03-05 19:31:46	INFO		Clearing all model records in MS header.
2020-03-05 19:31:46	INFO	imager::data selection	Selected 97227 out of 10823436 rows.
2020-03-05 19:31:53	INFO		Clearing all model records in MS header.
2020-03-05 19:31:53	INFO	imager::data selection	Selected 97227 out of 10823436 rows.
2020-03-05 19:32:00	INFO		Clearing all model records in MS header.
2020-03-05 19:32:00	INFO	imager::data selection	Selected 97227 out of 10823436 rows.
2020-03-05 19:32:06	INFO		Clearing all model records in MS header.
2020-03-05 19:32:07	INFO	imager::data selection	Selected 97227 out of 10823436 rows.
2020-03-05 19:34:36	INFO		Clearing all model records in MS header.
2020-03-05 19:34:36	INFO	imager::data selection	Selected 97227 out of 10823436 rows.
2020-03-05 19:35:01	INFO		Clearing all model records in MS header.
2020-03-05 19:35:01	INFO	imager::data selection	Selected 97227 out of 10823436 rows.
2020-03-05 19:35:24	INFO		Clearing all model records in MS header.
2020-03-05 19:35:25	INFO	imager::data selection	Selected 97227 out of 10823436 rows.
2020-03-05 19:35:45	INFO		Clearing all model records in MS header.
2020-03-05 19:35:45	INFO	imager::data selection	Selected 97227 out of 10823436 rows.
2020-03-05 19:36:05	INFO	setjy::::	
2020-03-05 19:36:05	INFO	setjy::::	##### End Task: setjy           #####
2020-03-05 19:36:05	INFO	setjy::::	##########################################
