2020-03-05 16:47:52	INFO	hifv_hanning::pipeline.infrastructure.basetask::	Starting execution for stage 2
2020-03-05 16:47:52	INFO	hifv_hanning::pipeline.infrastructure.basetask::	Equivalent CASA call: hifv_hanning(pipelinemode="automatic")
2020-03-05 16:47:52	INFO	hifv_hanning::pipeline.infrastructure.jobrequest::	Executing hanningsmooth(vis='14B-396.sb29809142.eb30014592.56987.35765355324.ms', outputvis='temphanning.ms', datacolumn='data')
2020-03-05 16:47:52	INFO	hanningsmooth::::	
2020-03-05 16:47:52	INFO	hanningsmooth::::+	##########################################
2020-03-05 16:47:52	INFO	hanningsmooth::::+	##### Begin Task: hanningsmooth      #####
2020-03-05 16:47:52	INFO	hanningsmooth::::	hanningsmooth(vis="/data/scratch/idchiang/EveryTHINGS/blocks/IC342.01/14B-396.sb29809142.eb30014592.56987.35765355324.ms",outputvis="temphanning.ms",keepmms=True,field="",spw="",
2020-03-05 16:47:52	INFO	hanningsmooth::::+	        scan="",antenna="",correlation="",timerange="",intent="",
2020-03-05 16:47:52	INFO	hanningsmooth::::+	        array="",uvrange="",observation="",feed="",datacolumn="data")
2020-03-05 16:47:52	INFO	MSTransformManager::parseMsSpecParams	Input file name is /data/scratch/idchiang/EveryTHINGS/blocks/IC342.01/14B-396.sb29809142.eb30014592.56987.35765355324.ms
2020-03-05 16:47:52	INFO	MSTransformManager::parseMsSpecParams	Data column is DATA
2020-03-05 16:47:52	INFO	MSTransformManager::parseMsSpecParams	Output file name is temphanning.ms
2020-03-05 16:47:52	INFO	MSTransformManager::parseFreqTransParams	Hanning Smooth is activated
2020-03-05 16:47:52	INFO	MSTransformManager::colCheckInfo	Adding DATA column to output MS from input DATA column
2020-03-05 16:47:52	INFO	MSTransformManager::open	Select data
2020-03-05 16:47:52	INFO	MSTransformManager::createOutputMSStructure	Create output MS structure
2020-03-05 16:48:19	INFO	hanningsmooth::::	Apply Hanning smoothing on data
2020-03-05 17:23:21	INFO	hanningsmooth::::	CASA Version 5.4.1-31  
2020-03-05 17:23:21	INFO	hanningsmooth::::	
2020-03-05 17:23:22	INFO	hanningsmooth::::	##### End Task: hanningsmooth        #####
2020-03-05 17:23:22	INFO	hanningsmooth::::+	##########################################
2020-03-05 17:23:22	INFO	pipeline.hifv.tasks.hanning.hanning::pipeline.hifv.tasks.hanning.hanning::	Removing original VIS /data/scratch/idchiang/EveryTHINGS/blocks/IC342.01/14B-396.sb29809142.eb30014592.56987.35765355324.ms
2020-03-05 17:23:23	INFO	pipeline.hifv.tasks.hanning.hanning::pipeline.hifv.tasks.hanning.hanning::	Renaming temphanning.ms to /data/scratch/idchiang/EveryTHINGS/blocks/IC342.01/14B-396.sb29809142.eb30014592.56987.35765355324.ms
