raise Error('The casa commands log is not executable!')

# This file contains CASA commands run by the pipeline. Although all commands
# required to calibrate the data are included here, this file cannot be
# executed, nor does it contain heuristic and flagging calculations performed
# by pipeline code. This file is useful to understand which CASA commands are
# being run by each pipeline task. If one wishes to re-run the pipeline, one
# should use the pipeline script linked on the front page or By Task page of
# the weblog. Some stages may not have any commands listed here, e.g.
# hifa_importdata if conversion from ASDM to MS is not required.

# hifv_importdata(vis=['14B-396.sb29809142.eb30014592.56987.35765355324'], createmms='automatic', asis='Receiver CalAtmosphere', ocorr_mode='co', nocopy=False, overwrite=False)
#
# If required, ASDMs are converted to MeasurementSets.
#
importasdm(asdm='14B-396.sb29809142.eb30014592.56987.35765355324',
           vis='14B-396.sb29809142.eb30014592.56987.35765355324.ms',
           createmms=False, ocorr_mode='co', lazy=False, asis='Receiver
           CalAtmosphere', process_caldevice=True, process_pointing=True,
           savecmds=True,
           outfile='14B-396.sb29809142.eb30014592.56987.35765355324.flagonline.txt',
           overwrite=False, bdfflags=False, with_pointing_correction=True)

# hifv_hanning(pipelinemode="automatic")
#
# No comment registered for hifv_hanning
#
hanningsmooth(vis='14B-396.sb29809142.eb30014592.56987.35765355324.ms',
              outputvis='temphanning.ms', datacolumn='data')

# hifv_flagdata(tbuff=0.0, flagbackup=False, scan=True, fracspw=0.05, intents='*POINTING*,*FOCUS*,*ATMOSPHERE*,*SIDEBAND_RATIO*,*UNKNOWN*,*SYSTEM_CONFIGURATION*,*UNSPECIFIED#UNSPECIFIED*', clip=True, baseband=True, shadow=True, quack=True, edgespw=True, autocorr=True, hm_tbuff='1.5int', template=True, online=True)
#
# No comment registered for hifv_flagdata
#
flagdata(vis='14B-396.sb29809142.eb30014592.56987.35765355324.ms',
         mode='summary', name='before')
flagdata(vis='14B-396.sb29809142.eb30014592.56987.35765355324.ms', mode='list',
         inpfile='14B-396.sb29809142.eb30014592.56987.35765355324.flagcmds.txt',
         tbuff=[4.5], action='apply', flagbackup=False, savepars=False)

# hifv_vlasetjy(fluxdensity=-1, scalebychan=True, spix=0, reffreq='1GHz')
#
# No comment registered for hifv_vlasetjy
#
setjy(vis='14B-396.sb29809142.eb30014592.56987.35765355324.ms', field='0',
      spw='0,1,2,3,4,5,6,7,8,9,10,11,12', selectdata=False, scalebychan=True,
      standard='Perley-Butler 2017', model='3C48_L.im', listmodels=False,
      fluxdensity=-1, usescratch=True)

# hifv_priorcals(tecmaps=False)
#
# No comment registered for hifv_priorcals
#
gencal(vis='14B-396.sb29809142.eb30014592.56987.35765355324.ms',
       caltable='14B-396.sb29809142.eb30014592.56987.35765355324.ms.hifv_priorcals.s5_2.gc.tbl',
       caltype='gc', parameter=[])
plotweather(vis='14B-396.sb29809142.eb30014592.56987.35765355324.ms',
            seasonal_weight=0.5, doPlot=True)
gencal(vis='14B-396.sb29809142.eb30014592.56987.35765355324.ms',
       caltable='14B-396.sb29809142.eb30014592.56987.35765355324.ms.hifv_priorcals.s5_3.opac.tbl',
       caltype='opac', spw='0,1,2,3,4,5,6,7,8,9,10,11,12',
       parameter=[0.0051055473227870109, 0.0052367366113529046,
       0.0053163693212051394, 0.0053921027940118018, 0.0054413505472415752,
       0.0054896253527931859, 0.0055238463913315885, 0.0055574995301977534,
       0.0054095278410112189, 0.0054823690931481081, 0.0054984929058722841,
       0.005499016842805197, 0.0055132299619186148])
gencal(vis='14B-396.sb29809142.eb30014592.56987.35765355324.ms',
       caltable='14B-396.sb29809142.eb30014592.56987.35765355324.ms.hifv_priorcals.s5_4.rq.tbl',
       caltype='rq', parameter=[])
gencal(vis='14B-396.sb29809142.eb30014592.56987.35765355324.ms',
       caltable='14B-396.sb29809142.eb30014592.56987.35765355324.ms.hifv_priorcals.s5_5.swpow.tbl',
       caltype='swpow', parameter=[])
gencal(vis='14B-396.sb29809142.eb30014592.56987.35765355324.ms',
       caltable='14B-396.sb29809142.eb30014592.56987.35765355324.ms.hifv_priorcals.s5_6.ants.tbl',
       caltype='antpos', parameter=[])

# hifv_testBPdcals(weakbp=False)
#
# No comment registered for hifv_testBPdcals
#
gaincal(vis='14B-396.sb29809142.eb30014592.56987.35765355324.ms',
        caltable='14B-396.sb29809142.eb30014592.56987.35765355324.ms.hifv_testBPdcals.s6_1.testdelayinitialgain.tbl',
        field='0',
        spw='0:42~86,1:42~86,2:42~86,3:42~86,4:42~86,5:42~86,6:42~86,7:42~86,8:1365~2731,9:170~342,10:170~342,11:170~342,12:170~342',
        selectdata=True, scan='2,3', solint='int', combine='scan', preavg=-1.0,
        refant='ea13,ea04,ea28,ea22,ea16,ea20,ea15,ea17,ea06,ea11,ea05,ea14,ea27,ea19,ea08,ea25,ea26,ea01,ea24,ea07,ea21,ea09,ea02,ea03,ea18,ea12,ea10',
        minblperant=4, minsnr=3.0, solnorm=False, gaintype='G', smodel=[],
        calmode='p', append=False, docallib=False,
        gaintable=['14B-396.sb29809142.eb30014592.56987.35765355324.ms.hifv_priorcals.s5_2.gc.tbl',
        '14B-396.sb29809142.eb30014592.56987.35765355324.ms.hifv_priorcals.s5_3.opac.tbl',
        '14B-396.sb29809142.eb30014592.56987.35765355324.ms.hifv_priorcals.s5_4.rq.tbl',
        '14B-396.sb29809142.eb30014592.56987.35765355324.ms.hifv_priorcals.s5_6.ants.tbl'],
        gainfield=[''], interp=['linear'], spwmap=[], parang=True)
gaincal(vis='14B-396.sb29809142.eb30014592.56987.35765355324.ms',
        caltable='14B-396.sb29809142.eb30014592.56987.35765355324.ms.hifv_testBPdcals.s6_2.testdelay.tbl',
        field='0', selectdata=True, scan='2,3', solint='inf', combine='scan',
        preavg=-1.0,
        refant='ea13,ea04,ea28,ea22,ea16,ea20,ea15,ea17,ea06,ea11,ea05,ea14,ea27,ea19,ea08,ea25,ea26,ea01,ea24,ea07,ea21,ea09,ea02,ea03,ea18,ea12,ea10',
        minblperant=4, minsnr=3.0, solnorm=False, gaintype='K', smodel=[],
        calmode='p', append=False, docallib=False,
        gaintable=['14B-396.sb29809142.eb30014592.56987.35765355324.ms.hifv_priorcals.s5_2.gc.tbl',
        '14B-396.sb29809142.eb30014592.56987.35765355324.ms.hifv_priorcals.s5_3.opac.tbl',
        '14B-396.sb29809142.eb30014592.56987.35765355324.ms.hifv_priorcals.s5_4.rq.tbl',
        '14B-396.sb29809142.eb30014592.56987.35765355324.ms.hifv_priorcals.s5_6.ants.tbl',
        '14B-396.sb29809142.eb30014592.56987.35765355324.ms.hifv_testBPdcals.s6_1.testdelayinitialgain.tbl'],
        gainfield=[''], interp=['linear'], spwmap=[], parang=True)
gaincal(vis='14B-396.sb29809142.eb30014592.56987.35765355324.ms',
        caltable='14B-396.sb29809142.eb30014592.56987.35765355324.ms.hifv_testBPdcals.s6_3.testBPdinitialgain.tbl',
        spw='0:42~86,1:42~86,2:42~86,3:42~86,4:42~86,5:42~86,6:42~86,7:42~86,8:1365~2731,9:170~342,10:170~342,11:170~342,12:170~342',
        selectdata=True, scan='2,3', solint='int', combine='scan', preavg=-1.0,
        refant='ea13,ea04,ea28,ea22,ea16,ea20,ea15,ea17,ea06,ea11,ea05,ea14,ea27,ea19,ea08,ea25,ea26,ea01,ea24,ea07,ea21,ea09,ea02,ea03,ea18,ea12,ea10',
        minblperant=4, minsnr=5.0, solnorm=False, gaintype='G', smodel=[],
        calmode='ap', append=False, docallib=False,
        gaintable=['14B-396.sb29809142.eb30014592.56987.35765355324.ms.hifv_priorcals.s5_2.gc.tbl',
        '14B-396.sb29809142.eb30014592.56987.35765355324.ms.hifv_priorcals.s5_3.opac.tbl',
        '14B-396.sb29809142.eb30014592.56987.35765355324.ms.hifv_priorcals.s5_4.rq.tbl',
        '14B-396.sb29809142.eb30014592.56987.35765355324.ms.hifv_priorcals.s5_6.ants.tbl',
        '14B-396.sb29809142.eb30014592.56987.35765355324.ms.hifv_testBPdcals.s6_2.testdelay.tbl'],
        gainfield=[''], interp=['linear'], spwmap=[], parang=True)
bandpass(vis='14B-396.sb29809142.eb30014592.56987.35765355324.ms',
         caltable='14B-396.sb29809142.eb30014592.56987.35765355324.ms.hifv_testBPdcals.s6_4.testBPcal.tbl',
         field='0', selectdata=True, scan='2,3', solint='inf', combine='scan',
         refant='ea13,ea04,ea28,ea22,ea16,ea20,ea15,ea17,ea06,ea11,ea05,ea14,ea27,ea19,ea08,ea25,ea26,ea01,ea24,ea07,ea21,ea09,ea02,ea03,ea18,ea12,ea10',
         minblperant=4, minsnr=5.0, solnorm=False, bandtype='B', smodel=[],
         append=False, fillgaps=0, docallib=False,
         gaintable=['14B-396.sb29809142.eb30014592.56987.35765355324.ms.hifv_priorcals.s5_2.gc.tbl',
         '14B-396.sb29809142.eb30014592.56987.35765355324.ms.hifv_priorcals.s5_3.opac.tbl',
         '14B-396.sb29809142.eb30014592.56987.35765355324.ms.hifv_priorcals.s5_4.rq.tbl',
         '14B-396.sb29809142.eb30014592.56987.35765355324.ms.hifv_priorcals.s5_6.ants.tbl',
         '14B-396.sb29809142.eb30014592.56987.35765355324.ms.hifv_testBPdcals.s6_2.testdelay.tbl',
         '14B-396.sb29809142.eb30014592.56987.35765355324.ms.hifv_testBPdcals.s6_3.testBPdinitialgain.tbl'],
         gainfield=[''], interp=['linear'], spwmap=[], parang=True)
flagdata(vis='14B-396.sb29809142.eb30014592.56987.35765355324.ms.hifv_testBPdcals.s6_4.testBPcal.tbl',
         mode='clip', correlation='ABS_ALL', clipminmax=[0.0, 2.0],
         datacolumn='CPARAM', clipoutside=True, action='apply',
         flagbackup=False, savepars=False)
applycal(vis='14B-396.sb29809142.eb30014592.56987.35765355324.ms',
         selectdata=True, scan='2,3', docallib=False,
         gaintable=['14B-396.sb29809142.eb30014592.56987.35765355324.ms.hifv_priorcals.s5_2.gc.tbl',
         '14B-396.sb29809142.eb30014592.56987.35765355324.ms.hifv_priorcals.s5_3.opac.tbl',
         '14B-396.sb29809142.eb30014592.56987.35765355324.ms.hifv_priorcals.s5_4.rq.tbl',
         '14B-396.sb29809142.eb30014592.56987.35765355324.ms.hifv_priorcals.s5_6.ants.tbl',
         '14B-396.sb29809142.eb30014592.56987.35765355324.ms.hifv_testBPdcals.s6_2.testdelay.tbl',
         '14B-396.sb29809142.eb30014592.56987.35765355324.ms.hifv_testBPdcals.s6_3.testBPdinitialgain.tbl',
         '14B-396.sb29809142.eb30014592.56987.35765355324.ms.hifv_testBPdcals.s6_4.testBPcal.tbl'],
         gainfield=[''], interp=['linear', 'linear', 'linear', 'linear',
         'linear', 'linear', 'linear,linearflag'], spwmap=[], calwt=[False,
         False, False, False, False, False, False], parang=True,
         applymode='calflagstrict', flagbackup=True)

# hifv_flagbaddef(doflagundernspwlimit=True)
#
# No comment registered for hifv_flagbaddef
#
flagdata(vis='14B-396.sb29809142.eb30014592.56987.35765355324.ms', mode='list',
         inpfile=["mode='manual' antenna='ea01' spw='0'", "mode='manual'
         antenna='ea02' spw='0'", "mode='manual' antenna='ea04' spw='0,4'",
         "mode='manual' antenna='ea05' spw='0'", "mode='manual' antenna='ea07'
         spw='0'", "mode='manual' antenna='ea08' spw='0'", "mode='manual'
         antenna='ea09' spw='0'", "mode='manual' antenna='ea10' spw='0'",
         "mode='manual' antenna='ea11' spw='0'", "mode='manual' antenna='ea13'
         spw='0,4'", "mode='manual' antenna='ea14' spw='0'", "mode='manual'
         antenna='ea15' spw='0'", "mode='manual' antenna='ea16' spw='0'",
         "mode='manual' antenna='ea17' spw='0'", "mode='manual' antenna='ea19'
         spw='0'", "mode='manual' antenna='ea20' spw='0,4'", "mode='manual'
         antenna='ea22' spw='0,4'", "mode='manual' antenna='ea24' spw='0'",
         "mode='manual' antenna='ea25' spw='0'", "mode='manual' antenna='ea26'
         spw='0'", "mode='manual' antenna='ea27' spw='0,4'", "mode='manual'
         antenna='ea28' spw='0'"], action='apply', flagbackup=True,
         savepars=True)
flagdata(vis='14B-396.sb29809142.eb30014592.56987.35765355324.ms', mode='list',
         inpfile=["mode='manual' antenna='ea04' spw='4'", "mode='manual'
         antenna='ea06' spw='4'", "mode='manual' antenna='ea11' spw='4'",
         "mode='manual' antenna='ea16' spw='4'", "mode='manual' antenna='ea20'
         spw='4'", "mode='manual' antenna='ea22' spw='4'", "mode='manual'
         antenna='ea24' spw='4'", "mode='manual' antenna='ea27' spw='4'",
         "mode='manual' antenna='ea28' spw='4'"], action='apply',
         flagbackup=True, savepars=True)

# hifv_checkflag(pipelinemode="automatic")
#
# No comment registered for hifv_checkflag
#
flagdata(vis='14B-396.sb29809142.eb30014592.56987.35765355324.ms',
         mode='summary')
flagdata(vis='14B-396.sb29809142.eb30014592.56987.35765355324.ms', mode='rflag',
         field='0', correlation='ABS_LL,RR', scan='2,3', datacolumn='corrected',
         ntime='scan', combinescans=False, extendflags=False, winsize=3,
         timedevscale=4.0, freqdevscale=4.0, action='apply', flagbackup=False,
         savepars=True)
flagdata(vis='14B-396.sb29809142.eb30014592.56987.35765355324.ms',
         mode='summary')

# hifv_semiFinalBPdcals(weakbp=False)
#
# No comment registered for hifv_semiFinalBPdcals
#
gaincal(vis='14B-396.sb29809142.eb30014592.56987.35765355324.ms',
        caltable='14B-396.sb29809142.eb30014592.56987.35765355324.ms.hifv_semiFinalBPdcals.s9_1.semiFinaldelayinitialgain.tbl',
        field='0',
        spw='0:42~86,1:42~86,2:42~86,3:42~86,4:42~86,5:42~86,6:42~86,7:42~86,8:1365~2731,9:170~342,10:170~342,11:170~342,12:170~342',
        selectdata=True, scan='2,3', solint='int', combine='scan', preavg=-1.0,
        refant='ea13,ea04,ea28,ea22,ea16,ea20,ea15,ea17,ea06,ea11,ea05,ea14,ea27,ea19,ea08,ea25,ea26,ea01,ea24,ea07,ea21,ea09,ea02,ea03,ea18,ea12,ea10',
        minblperant=4, minsnr=3.0, solnorm=False, gaintype='G', smodel=[],
        calmode='p', append=False, docallib=False,
        gaintable=['14B-396.sb29809142.eb30014592.56987.35765355324.ms.hifv_priorcals.s5_2.gc.tbl',
        '14B-396.sb29809142.eb30014592.56987.35765355324.ms.hifv_priorcals.s5_3.opac.tbl',
        '14B-396.sb29809142.eb30014592.56987.35765355324.ms.hifv_priorcals.s5_4.rq.tbl',
        '14B-396.sb29809142.eb30014592.56987.35765355324.ms.hifv_priorcals.s5_6.ants.tbl'],
        gainfield=[''], interp=['linear'], spwmap=[], parang=True)
gaincal(vis='14B-396.sb29809142.eb30014592.56987.35765355324.ms',
        caltable='14B-396.sb29809142.eb30014592.56987.35765355324.ms.hifv_semiFinalBPdcals.s9_2.delay.tbl',
        field='0', selectdata=True, scan='2,3', solint='inf', combine='scan',
        preavg=-1.0,
        refant='ea13,ea04,ea28,ea22,ea16,ea20,ea15,ea17,ea06,ea11,ea05,ea14,ea27,ea19,ea08,ea25,ea26,ea01,ea24,ea07,ea21,ea09,ea02,ea03,ea18,ea12,ea10',
        minblperant=4, minsnr=3.0, solnorm=False, gaintype='K', smodel=[],
        calmode='p', append=False, docallib=False,
        gaintable=['14B-396.sb29809142.eb30014592.56987.35765355324.ms.hifv_priorcals.s5_2.gc.tbl',
        '14B-396.sb29809142.eb30014592.56987.35765355324.ms.hifv_priorcals.s5_3.opac.tbl',
        '14B-396.sb29809142.eb30014592.56987.35765355324.ms.hifv_priorcals.s5_4.rq.tbl',
        '14B-396.sb29809142.eb30014592.56987.35765355324.ms.hifv_priorcals.s5_6.ants.tbl',
        '14B-396.sb29809142.eb30014592.56987.35765355324.ms.hifv_semiFinalBPdcals.s9_1.semiFinaldelayinitialgain.tbl'],
        gainfield=[''], interp=['linear'], spwmap=[], parang=True)
gaincal(vis='14B-396.sb29809142.eb30014592.56987.35765355324.ms',
        caltable='14B-396.sb29809142.eb30014592.56987.35765355324.ms.hifv_semiFinalBPdcals.s9_3.BPinitialgain.tbl',
        spw='0:42~86,1:42~86,2:42~86,3:42~86,4:42~86,5:42~86,6:42~86,7:42~86,8:1365~2731,9:170~342,10:170~342,11:170~342,12:170~342',
        selectdata=True, scan='2,3', solint='int', combine='scan', preavg=-1.0,
        refant='ea13,ea04,ea28,ea22,ea16,ea20,ea15,ea17,ea06,ea11,ea05,ea14,ea27,ea19,ea08,ea25,ea26,ea01,ea24,ea07,ea21,ea09,ea02,ea03,ea18,ea12,ea10',
        minblperant=4, minsnr=3.0, solnorm=False, gaintype='G', smodel=[],
        calmode='p', append=False, docallib=False,
        gaintable=['14B-396.sb29809142.eb30014592.56987.35765355324.ms.hifv_priorcals.s5_2.gc.tbl',
        '14B-396.sb29809142.eb30014592.56987.35765355324.ms.hifv_priorcals.s5_3.opac.tbl',
        '14B-396.sb29809142.eb30014592.56987.35765355324.ms.hifv_priorcals.s5_4.rq.tbl',
        '14B-396.sb29809142.eb30014592.56987.35765355324.ms.hifv_priorcals.s5_6.ants.tbl',
        '14B-396.sb29809142.eb30014592.56987.35765355324.ms.hifv_semiFinalBPdcals.s9_2.delay.tbl'],
        gainfield=[''], interp=['linear'], spwmap=[], parang=True)
bandpass(vis='14B-396.sb29809142.eb30014592.56987.35765355324.ms',
         caltable='14B-396.sb29809142.eb30014592.56987.35765355324.ms.hifv_semiFinalBPdcals.s9_4.BPcal.tbl',
         field='0', selectdata=True, scan='2,3', solint='inf', combine='scan',
         refant='ea13,ea04,ea28,ea22,ea16,ea20,ea15,ea17,ea06,ea11,ea05,ea14,ea27,ea19,ea08,ea25,ea26,ea01,ea24,ea07,ea21,ea09,ea02,ea03,ea18,ea12,ea10',
         minblperant=4, minsnr=5.0, solnorm=False, bandtype='B', smodel=[],
         append=False, fillgaps=0, docallib=False,
         gaintable=['14B-396.sb29809142.eb30014592.56987.35765355324.ms.hifv_priorcals.s5_2.gc.tbl',
         '14B-396.sb29809142.eb30014592.56987.35765355324.ms.hifv_priorcals.s5_3.opac.tbl',
         '14B-396.sb29809142.eb30014592.56987.35765355324.ms.hifv_priorcals.s5_4.rq.tbl',
         '14B-396.sb29809142.eb30014592.56987.35765355324.ms.hifv_priorcals.s5_6.ants.tbl',
         '14B-396.sb29809142.eb30014592.56987.35765355324.ms.hifv_semiFinalBPdcals.s9_2.delay.tbl',
         '14B-396.sb29809142.eb30014592.56987.35765355324.ms.hifv_semiFinalBPdcals.s9_3.BPinitialgain.tbl'],
         gainfield=[''], interp=['linear'], spwmap=[], parang=True)
applycal(vis='14B-396.sb29809142.eb30014592.56987.35765355324.ms',
         selectdata=True, scan='2,3,4,8,13,17,22', docallib=False,
         gaintable=['14B-396.sb29809142.eb30014592.56987.35765355324.ms.hifv_priorcals.s5_2.gc.tbl',
         '14B-396.sb29809142.eb30014592.56987.35765355324.ms.hifv_priorcals.s5_3.opac.tbl',
         '14B-396.sb29809142.eb30014592.56987.35765355324.ms.hifv_priorcals.s5_4.rq.tbl',
         '14B-396.sb29809142.eb30014592.56987.35765355324.ms.hifv_priorcals.s5_6.ants.tbl',
         '14B-396.sb29809142.eb30014592.56987.35765355324.ms.hifv_semiFinalBPdcals.s9_2.delay.tbl',
         '14B-396.sb29809142.eb30014592.56987.35765355324.ms.hifv_semiFinalBPdcals.s9_4.BPcal.tbl'],
         gainfield=[''], interp=['linear', 'linear', 'linear', 'linear',
         'linear', 'linear,linearflag'], spwmap=[], calwt=[False, False, False,
         False, False, False], parang=True, applymode='calflagstrict',
         flagbackup=True)

# hifv_checkflag(checkflagmode='semi')
#
# No comment registered for hifv_checkflag
#
flagdata(vis='14B-396.sb29809142.eb30014592.56987.35765355324.ms',
         mode='summary')
flagdata(vis='14B-396.sb29809142.eb30014592.56987.35765355324.ms', mode='rflag',
         field='0,1', correlation='ABS_LL,RR', scan='2,3,4,8,13,17,22',
         datacolumn='corrected', ntime='scan', combinescans=False,
         extendflags=False, winsize=3, timedevscale=4.0, freqdevscale=4.0,
         action='apply', flagbackup=False, savepars=True)
flagdata(vis='14B-396.sb29809142.eb30014592.56987.35765355324.ms',
         mode='summary')

# hifv_semiFinalBPdcals(weakbp=False)
#
# No comment registered for hifv_semiFinalBPdcals
#
gaincal(vis='14B-396.sb29809142.eb30014592.56987.35765355324.ms',
        caltable='14B-396.sb29809142.eb30014592.56987.35765355324.ms.hifv_semiFinalBPdcals.s11_1.semiFinaldelayinitialgain.tbl',
        field='0',
        spw='0:42~86,1:42~86,2:42~86,3:42~86,4:42~86,5:42~86,6:42~86,7:42~86,8:1365~2731,9:170~342,10:170~342,11:170~342,12:170~342',
        selectdata=True, scan='2,3', solint='int', combine='scan', preavg=-1.0,
        refant='ea13,ea04,ea28,ea22,ea16,ea20,ea15,ea17,ea06,ea11,ea05,ea14,ea27,ea19,ea08,ea25,ea26,ea01,ea24,ea07,ea21,ea09,ea02,ea03,ea18,ea12,ea10',
        minblperant=4, minsnr=3.0, solnorm=False, gaintype='G', smodel=[],
        calmode='p', append=False, docallib=False,
        gaintable=['14B-396.sb29809142.eb30014592.56987.35765355324.ms.hifv_priorcals.s5_2.gc.tbl',
        '14B-396.sb29809142.eb30014592.56987.35765355324.ms.hifv_priorcals.s5_3.opac.tbl',
        '14B-396.sb29809142.eb30014592.56987.35765355324.ms.hifv_priorcals.s5_4.rq.tbl',
        '14B-396.sb29809142.eb30014592.56987.35765355324.ms.hifv_priorcals.s5_6.ants.tbl'],
        gainfield=[''], interp=['linear'], spwmap=[], parang=True)
gaincal(vis='14B-396.sb29809142.eb30014592.56987.35765355324.ms',
        caltable='14B-396.sb29809142.eb30014592.56987.35765355324.ms.hifv_semiFinalBPdcals.s11_2.delay.tbl',
        field='0', selectdata=True, scan='2,3', solint='inf', combine='scan',
        preavg=-1.0,
        refant='ea13,ea04,ea28,ea22,ea16,ea20,ea15,ea17,ea06,ea11,ea05,ea14,ea27,ea19,ea08,ea25,ea26,ea01,ea24,ea07,ea21,ea09,ea02,ea03,ea18,ea12,ea10',
        minblperant=4, minsnr=3.0, solnorm=False, gaintype='K', smodel=[],
        calmode='p', append=False, docallib=False,
        gaintable=['14B-396.sb29809142.eb30014592.56987.35765355324.ms.hifv_priorcals.s5_2.gc.tbl',
        '14B-396.sb29809142.eb30014592.56987.35765355324.ms.hifv_priorcals.s5_3.opac.tbl',
        '14B-396.sb29809142.eb30014592.56987.35765355324.ms.hifv_priorcals.s5_4.rq.tbl',
        '14B-396.sb29809142.eb30014592.56987.35765355324.ms.hifv_priorcals.s5_6.ants.tbl',
        '14B-396.sb29809142.eb30014592.56987.35765355324.ms.hifv_semiFinalBPdcals.s11_1.semiFinaldelayinitialgain.tbl'],
        gainfield=[''], interp=['linear'], spwmap=[], parang=True)
gaincal(vis='14B-396.sb29809142.eb30014592.56987.35765355324.ms',
        caltable='14B-396.sb29809142.eb30014592.56987.35765355324.ms.hifv_semiFinalBPdcals.s11_3.BPinitialgain.tbl',
        spw='0:42~86,1:42~86,2:42~86,3:42~86,4:42~86,5:42~86,6:42~86,7:42~86,8:1365~2731,9:170~342,10:170~342,11:170~342,12:170~342',
        selectdata=True, scan='2,3', solint='int', combine='scan', preavg=-1.0,
        refant='ea13,ea04,ea28,ea22,ea16,ea20,ea15,ea17,ea06,ea11,ea05,ea14,ea27,ea19,ea08,ea25,ea26,ea01,ea24,ea07,ea21,ea09,ea02,ea03,ea18,ea12,ea10',
        minblperant=4, minsnr=3.0, solnorm=False, gaintype='G', smodel=[],
        calmode='p', append=False, docallib=False,
        gaintable=['14B-396.sb29809142.eb30014592.56987.35765355324.ms.hifv_priorcals.s5_2.gc.tbl',
        '14B-396.sb29809142.eb30014592.56987.35765355324.ms.hifv_priorcals.s5_3.opac.tbl',
        '14B-396.sb29809142.eb30014592.56987.35765355324.ms.hifv_priorcals.s5_4.rq.tbl',
        '14B-396.sb29809142.eb30014592.56987.35765355324.ms.hifv_priorcals.s5_6.ants.tbl',
        '14B-396.sb29809142.eb30014592.56987.35765355324.ms.hifv_semiFinalBPdcals.s11_2.delay.tbl'],
        gainfield=[''], interp=['linear'], spwmap=[], parang=True)
bandpass(vis='14B-396.sb29809142.eb30014592.56987.35765355324.ms',
         caltable='14B-396.sb29809142.eb30014592.56987.35765355324.ms.hifv_semiFinalBPdcals.s11_4.BPcal.tbl',
         field='0', selectdata=True, scan='2,3', solint='inf', combine='scan',
         refant='ea13,ea04,ea28,ea22,ea16,ea20,ea15,ea17,ea06,ea11,ea05,ea14,ea27,ea19,ea08,ea25,ea26,ea01,ea24,ea07,ea21,ea09,ea02,ea03,ea18,ea12,ea10',
         minblperant=4, minsnr=5.0, solnorm=False, bandtype='B', smodel=[],
         append=False, fillgaps=0, docallib=False,
         gaintable=['14B-396.sb29809142.eb30014592.56987.35765355324.ms.hifv_priorcals.s5_2.gc.tbl',
         '14B-396.sb29809142.eb30014592.56987.35765355324.ms.hifv_priorcals.s5_3.opac.tbl',
         '14B-396.sb29809142.eb30014592.56987.35765355324.ms.hifv_priorcals.s5_4.rq.tbl',
         '14B-396.sb29809142.eb30014592.56987.35765355324.ms.hifv_priorcals.s5_6.ants.tbl',
         '14B-396.sb29809142.eb30014592.56987.35765355324.ms.hifv_semiFinalBPdcals.s11_2.delay.tbl',
         '14B-396.sb29809142.eb30014592.56987.35765355324.ms.hifv_semiFinalBPdcals.s11_3.BPinitialgain.tbl'],
         gainfield=[''], interp=['linear'], spwmap=[], parang=True)
applycal(vis='14B-396.sb29809142.eb30014592.56987.35765355324.ms',
         selectdata=True, scan='2,3,4,8,13,17,22', docallib=False,
         gaintable=['14B-396.sb29809142.eb30014592.56987.35765355324.ms.hifv_priorcals.s5_2.gc.tbl',
         '14B-396.sb29809142.eb30014592.56987.35765355324.ms.hifv_priorcals.s5_3.opac.tbl',
         '14B-396.sb29809142.eb30014592.56987.35765355324.ms.hifv_priorcals.s5_4.rq.tbl',
         '14B-396.sb29809142.eb30014592.56987.35765355324.ms.hifv_priorcals.s5_6.ants.tbl',
         '14B-396.sb29809142.eb30014592.56987.35765355324.ms.hifv_semiFinalBPdcals.s11_2.delay.tbl',
         '14B-396.sb29809142.eb30014592.56987.35765355324.ms.hifv_semiFinalBPdcals.s11_4.BPcal.tbl'],
         gainfield=[''], interp=['linear', 'linear', 'linear', 'linear',
         'linear', 'linear,linearflag'], spwmap=[], calwt=[False, False, False,
         False, False, False], parang=True, applymode='calflagstrict',
         flagbackup=True)

# hifv_solint(pipelinemode="automatic")
#
# No comment registered for hifv_solint
#
split(vis='14B-396.sb29809142.eb30014592.56987.35765355324.ms',
      outputvis='calibrators.ms', keepmms=True, scan='2,3,4,8,13,17,22',
      datacolumn='corrected', keepflags=False, width=1, timebin='0s')
gaincal(vis='calibrators.ms',
        caltable='14B-396.sb29809142.eb30014592.56987.35765355324.ms.hifv_solint.s12_1.testgaincal.tbl',
        selectdata=True, scan='2,3,4,8,13,17,22', solint='int', combine='scan',
        preavg=-1.0,
        refant='ea13,ea04,ea28,ea22,ea16,ea20,ea15,ea17,ea06,ea11,ea05,ea14,ea27,ea19,ea08,ea25,ea26,ea01,ea24,ea07,ea21,ea09,ea02,ea03,ea18,ea12,ea10',
        minblperant=4, minsnr=5.0, solnorm=False, gaintype='G', smodel=[],
        calmode='ap', append=False, gaintable=[[]], gainfield=[''], interp=[''],
        spwmap=[], parang=True)

# hifv_fluxboot(pipelinemode="automatic")
#
# No comment registered for hifv_fluxboot
#
setjy(vis='calibrators.ms', field='0', spw='0,1,2,3,4,5,6,7,8,9,10,11,12',
      selectdata=False, scalebychan=True, standard='Perley-Butler 2017',
      model='3C48_L.im', listmodels=False, fluxdensity=-1, usescratch=True)
gaincal(vis='calibrators.ms', caltable='fluxphaseshortgaincal.g',
        selectdata=False, solint='3.0s', combine='scan', preavg=-1.0,
        refant='ea13,ea04,ea28,ea22,ea16,ea20,ea15,ea17,ea06,ea11,ea05,ea14,ea27,ea19,ea08,ea25,ea26,ea01,ea24,ea07,ea21,ea09,ea02,ea03,ea18,ea12,ea10',
        minblperant=4, minsnr=3.0, solnorm=False, gaintype='G', smodel=[],
        calmode='p', append=False, gaintable=[[]], gainfield=[''], interp=[''],
        spwmap=[], parang=True)
gaincal(vis='calibrators.ms', caltable='fluxgaincal.g', selectdata=False,
        solint='206.03999991s', combine='scan', preavg=-1.0,
        refant='ea13,ea04,ea28,ea22,ea16,ea20,ea15,ea17,ea06,ea11,ea05,ea14,ea27,ea19,ea08,ea25,ea26,ea01,ea24,ea07,ea21,ea09,ea02,ea03,ea18,ea12,ea10',
        minblperant=4, minsnr=5.0, solnorm=False, gaintype='G', smodel=[],
        calmode='ap', append=False, gaintable=['fluxphaseshortgaincal.g'],
        gainfield=[''], interp=['linear'], spwmap=[], parang=True)
fluxscale(vis='calibrators.ms', caltable='fluxgaincal.g',
          fluxtable='fluxgaincalFcal.g', reference=['0'], transfer=[''],
          append=False, refspwmap=[-1], display=False)
setjy(vis='calibrators.ms', field='J0410+7656', spw='11,10,12,1,3,2,5,7,6,9,8',
      selectdata=False, scalebychan=True, standard='manual', listmodels=False,
      fluxdensity=[5.1385054811577273, 0, 0, 0], spix=-0.48011557633182972,
      reffreq='1.667127827GHz', usescratch=True)
setjy(vis='14B-396.sb29809142.eb30014592.56987.35765355324.ms',
      field='J0410+7656', spw='11,10,12,1,3,2,5,7,6,9,8', selectdata=False,
      scalebychan=True, standard='manual', listmodels=False,
      fluxdensity=[5.1385054811577273, 0, 0, 0], spix=-0.48011557633182972,
      reffreq='1.667127827GHz', usescratch=True)

# hifv_finalcals(weakbp=False)
#
# No comment registered for hifv_finalcals
#
gaincal(vis='14B-396.sb29809142.eb30014592.56987.35765355324.ms',
        caltable='14B-396.sb29809142.eb30014592.56987.35765355324.ms.hifv_finalcals.s14_1.finaldelayinitialgain.tbl',
        field='0',
        spw='0:42~86,1:42~86,2:42~86,3:42~86,4:42~86,5:42~86,6:42~86,7:42~86,8:1365~2731,9:170~342,10:170~342,11:170~342,12:170~342',
        selectdata=True, scan='2,3', solint='int', combine='scan', preavg=-1.0,
        refant='ea13,ea04,ea28,ea22,ea16,ea20,ea15,ea17,ea06,ea11,ea05,ea14,ea27,ea19,ea08,ea25,ea26,ea01,ea24,ea07,ea21,ea09,ea02,ea03,ea18,ea12,ea10',
        minblperant=4, minsnr=3.0, solnorm=False, gaintype='G', smodel=[],
        calmode='p', append=False, docallib=False,
        gaintable=['14B-396.sb29809142.eb30014592.56987.35765355324.ms.hifv_priorcals.s5_2.gc.tbl',
        '14B-396.sb29809142.eb30014592.56987.35765355324.ms.hifv_priorcals.s5_3.opac.tbl',
        '14B-396.sb29809142.eb30014592.56987.35765355324.ms.hifv_priorcals.s5_4.rq.tbl',
        '14B-396.sb29809142.eb30014592.56987.35765355324.ms.hifv_priorcals.s5_6.ants.tbl'],
        gainfield=[''], interp=['linear'], spwmap=[], parang=True)
gaincal(vis='14B-396.sb29809142.eb30014592.56987.35765355324.ms',
        caltable='14B-396.sb29809142.eb30014592.56987.35765355324.ms.hifv_finalcals.s14_2.finaldelay.tbl',
        field='0', selectdata=True, scan='2,3', solint='inf', combine='scan',
        preavg=-1.0,
        refant='ea13,ea04,ea28,ea22,ea16,ea20,ea15,ea17,ea06,ea11,ea05,ea14,ea27,ea19,ea08,ea25,ea26,ea01,ea24,ea07,ea21,ea09,ea02,ea03,ea18,ea12,ea10',
        minblperant=4, minsnr=3.0, solnorm=False, gaintype='K', smodel=[],
        calmode='p', append=False, docallib=False,
        gaintable=['14B-396.sb29809142.eb30014592.56987.35765355324.ms.hifv_priorcals.s5_2.gc.tbl',
        '14B-396.sb29809142.eb30014592.56987.35765355324.ms.hifv_priorcals.s5_3.opac.tbl',
        '14B-396.sb29809142.eb30014592.56987.35765355324.ms.hifv_priorcals.s5_4.rq.tbl',
        '14B-396.sb29809142.eb30014592.56987.35765355324.ms.hifv_priorcals.s5_6.ants.tbl',
        '14B-396.sb29809142.eb30014592.56987.35765355324.ms.hifv_finalcals.s14_1.finaldelayinitialgain.tbl'],
        gainfield=[''], interp=['linear'], spwmap=[], parang=True)
gaincal(vis='14B-396.sb29809142.eb30014592.56987.35765355324.ms',
        caltable='14B-396.sb29809142.eb30014592.56987.35765355324.ms.hifv_finalcals.s14_3.finalBPinitialgain.tbl',
        spw='0:42~86,1:42~86,2:42~86,3:42~86,4:42~86,5:42~86,6:42~86,7:42~86,8:1365~2731,9:170~342,10:170~342,11:170~342,12:170~342',
        selectdata=True, scan='2,3', solint='int', combine='scan', preavg=-1.0,
        refant='ea13,ea04,ea28,ea22,ea16,ea20,ea15,ea17,ea06,ea11,ea05,ea14,ea27,ea19,ea08,ea25,ea26,ea01,ea24,ea07,ea21,ea09,ea02,ea03,ea18,ea12,ea10',
        minblperant=4, minsnr=3.0, solnorm=False, gaintype='G', smodel=[],
        calmode='p', append=False, docallib=False,
        gaintable=['14B-396.sb29809142.eb30014592.56987.35765355324.ms.hifv_priorcals.s5_2.gc.tbl',
        '14B-396.sb29809142.eb30014592.56987.35765355324.ms.hifv_priorcals.s5_3.opac.tbl',
        '14B-396.sb29809142.eb30014592.56987.35765355324.ms.hifv_priorcals.s5_4.rq.tbl',
        '14B-396.sb29809142.eb30014592.56987.35765355324.ms.hifv_priorcals.s5_6.ants.tbl',
        '14B-396.sb29809142.eb30014592.56987.35765355324.ms.hifv_finalcals.s14_2.finaldelay.tbl'],
        gainfield=[''], interp=['linear'], spwmap=[], parang=True)
bandpass(vis='14B-396.sb29809142.eb30014592.56987.35765355324.ms',
         caltable='14B-396.sb29809142.eb30014592.56987.35765355324.ms.hifv_finalcals.s14_4.finalBPcal.tbl',
         field='0', selectdata=True, scan='2,3', solint='inf', combine='scan',
         refant='ea13,ea04,ea28,ea22,ea16,ea20,ea15,ea17,ea06,ea11,ea05,ea14,ea27,ea19,ea08,ea25,ea26,ea01,ea24,ea07,ea21,ea09,ea02,ea03,ea18,ea12,ea10',
         minblperant=4, minsnr=5.0, solnorm=False, bandtype='B', smodel=[],
         append=False, fillgaps=0, docallib=False,
         gaintable=['14B-396.sb29809142.eb30014592.56987.35765355324.ms.hifv_priorcals.s5_2.gc.tbl',
         '14B-396.sb29809142.eb30014592.56987.35765355324.ms.hifv_priorcals.s5_3.opac.tbl',
         '14B-396.sb29809142.eb30014592.56987.35765355324.ms.hifv_priorcals.s5_4.rq.tbl',
         '14B-396.sb29809142.eb30014592.56987.35765355324.ms.hifv_priorcals.s5_6.ants.tbl',
         '14B-396.sb29809142.eb30014592.56987.35765355324.ms.hifv_finalcals.s14_2.finaldelay.tbl',
         '14B-396.sb29809142.eb30014592.56987.35765355324.ms.hifv_finalcals.s14_3.finalBPinitialgain.tbl'],
         gainfield=[''], interp=['linear'], spwmap=[], parang=True)
gaincal(vis='14B-396.sb29809142.eb30014592.56987.35765355324.ms',
        caltable='14B-396.sb29809142.eb30014592.56987.35765355324.ms.hifv_finalcals.s14_5.averagephasegain.tbl',
        field='0', selectdata=True, scan='2,3', solint='inf', combine='scan',
        preavg=-1.0,
        refant='ea13,ea04,ea28,ea22,ea16,ea20,ea15,ea17,ea06,ea11,ea05,ea14,ea27,ea19,ea08,ea25,ea26,ea01,ea24,ea07,ea21,ea09,ea02,ea03,ea18,ea12,ea10',
        refantmode='flex', minblperant=4, minsnr=1.0, solnorm=False,
        gaintype='G', smodel=[], calmode='p', append=False, docallib=False,
        gaintable=['14B-396.sb29809142.eb30014592.56987.35765355324.ms.hifv_priorcals.s5_2.gc.tbl',
        '14B-396.sb29809142.eb30014592.56987.35765355324.ms.hifv_priorcals.s5_3.opac.tbl',
        '14B-396.sb29809142.eb30014592.56987.35765355324.ms.hifv_priorcals.s5_4.rq.tbl',
        '14B-396.sb29809142.eb30014592.56987.35765355324.ms.hifv_priorcals.s5_6.ants.tbl',
        '14B-396.sb29809142.eb30014592.56987.35765355324.ms.hifv_finalcals.s14_2.finaldelay.tbl',
        '14B-396.sb29809142.eb30014592.56987.35765355324.ms.hifv_finalcals.s14_4.finalBPcal.tbl'],
        gainfield=[''], interp=['linear'], spwmap=[], parang=True)
flagdata(vis='14B-396.sb29809142.eb30014592.56987.35765355324.ms.hifv_finalcals.s14_5.averagephasegain.tbl',
         mode='unflag', action='apply', flagbackup=False, savepars=False)
applycal(vis='14B-396.sb29809142.eb30014592.56987.35765355324.ms',
         selectdata=True, scan='2,3,4,8,13,17,22', docallib=False,
         gaintable=['14B-396.sb29809142.eb30014592.56987.35765355324.ms.hifv_priorcals.s5_2.gc.tbl',
         '14B-396.sb29809142.eb30014592.56987.35765355324.ms.hifv_priorcals.s5_3.opac.tbl',
         '14B-396.sb29809142.eb30014592.56987.35765355324.ms.hifv_priorcals.s5_4.rq.tbl',
         '14B-396.sb29809142.eb30014592.56987.35765355324.ms.hifv_priorcals.s5_6.ants.tbl',
         '14B-396.sb29809142.eb30014592.56987.35765355324.ms.hifv_finalcals.s14_2.finaldelay.tbl',
         '14B-396.sb29809142.eb30014592.56987.35765355324.ms.hifv_finalcals.s14_4.finalBPcal.tbl',
         '14B-396.sb29809142.eb30014592.56987.35765355324.ms.hifv_finalcals.s14_5.averagephasegain.tbl'],
         gainfield=[''], interp=['linear'], spwmap=[], calwt=[False, False,
         False, False, False, False, False], parang=True,
         applymode='calflagstrict', flagbackup=True)
split(vis='14B-396.sb29809142.eb30014592.56987.35765355324.ms',
      outputvis='finalcalibrators.ms', keepmms=True, scan='2,3,4,8,13,17,22',
      datacolumn='corrected', keepflags=False, width=1, timebin='0s')
setjy(vis='finalcalibrators.ms', field='0', spw='0,1,2,3,4,5,6,7,8,9,10,11,12',
      selectdata=False, scalebychan=True, standard='Perley-Butler 2017',
      model='3C48_L.im', listmodels=False, fluxdensity=-1, usescratch=True)
setjy(vis='finalcalibrators.ms', field='J0410+7656',
      spw='11,10,12,1,3,2,5,7,6,9,8', selectdata=False, scalebychan=True,
      standard='manual', listmodels=False, fluxdensity=[5.284650981278565, 0, 0,
      0], spix=-0.47988305933317282, reffreq='1.57219915317GHz',
      usescratch=True)
gaincal(vis='finalcalibrators.ms',
        caltable='14B-396.sb29809142.eb30014592.56987.35765355324.ms.hifv_finalcals.s14_6.phaseshortgaincal.tbl',
        selectdata=False, solint='3.0s', combine='scan', preavg=-1.0,
        refant='ea13,ea04,ea28,ea22,ea16,ea20,ea15,ea17,ea06,ea11,ea05,ea14,ea27,ea19,ea08,ea25,ea26,ea01,ea24,ea07,ea21,ea09,ea02,ea03,ea18,ea12,ea10',
        refantmode='flex', minblperant=4, minsnr=3.0, solnorm=False,
        gaintype='G', smodel=[], calmode='p', append=False, gaintable=[[]],
        gainfield=[''], interp=[''], spwmap=[], parang=True)
gaincal(vis='finalcalibrators.ms',
        caltable='14B-396.sb29809142.eb30014592.56987.35765355324.ms.hifv_finalcals.s14_7.finalampgaincal.tbl',
        selectdata=False, solint='206.03999991s', combine='scan', preavg=-1.0,
        refant='ea13,ea04,ea28,ea22,ea16,ea20,ea15,ea17,ea06,ea11,ea05,ea14,ea27,ea19,ea08,ea25,ea26,ea01,ea24,ea07,ea21,ea09,ea02,ea03,ea18,ea12,ea10',
        refantmode='flex', minblperant=4, minsnr=5.0, solnorm=False,
        gaintype='G', smodel=[], calmode='ap', append=False,
        gaintable=['14B-396.sb29809142.eb30014592.56987.35765355324.ms.hifv_finalcals.s14_6.phaseshortgaincal.tbl'],
        gainfield=[''], interp=['linear'], spwmap=[], parang=True)
gaincal(vis='finalcalibrators.ms',
        caltable='14B-396.sb29809142.eb30014592.56987.35765355324.ms.hifv_finalcals.s14_8.finalphasegaincal.tbl',
        selectdata=False, solint='206.03999991s', combine='scan', preavg=-1.0,
        refant='ea13,ea04,ea28,ea22,ea16,ea20,ea15,ea17,ea06,ea11,ea05,ea14,ea27,ea19,ea08,ea25,ea26,ea01,ea24,ea07,ea21,ea09,ea02,ea03,ea18,ea12,ea10',
        refantmode='flex', minblperant=4, minsnr=3.0, solnorm=False,
        gaintype='G', smodel=[], calmode='p', append=False,
        gaintable=['14B-396.sb29809142.eb30014592.56987.35765355324.ms.hifv_finalcals.s14_7.finalampgaincal.tbl'],
        gainfield=[''], interp=['linear'], spwmap=[], parang=True)

# hifv_applycals(flagdetailedsum=True, gainmap=False, flagbackup=True, flagsum=True)
#
# No comment registered for hifv_applycals
#
flagdata(vis='14B-396.sb29809142.eb30014592.56987.35765355324.ms',
         mode='summary')
applycal(vis='14B-396.sb29809142.eb30014592.56987.35765355324.ms',
         antenna='*&*',
         gaintable=['14B-396.sb29809142.eb30014592.56987.35765355324.ms.hifv_priorcals.s5_2.gc.tbl',
         '14B-396.sb29809142.eb30014592.56987.35765355324.ms.hifv_priorcals.s5_3.opac.tbl',
         '14B-396.sb29809142.eb30014592.56987.35765355324.ms.hifv_priorcals.s5_4.rq.tbl',
         '14B-396.sb29809142.eb30014592.56987.35765355324.ms.hifv_priorcals.s5_6.ants.tbl',
         '14B-396.sb29809142.eb30014592.56987.35765355324.ms.hifv_finalcals.s14_2.finaldelay.tbl',
         '14B-396.sb29809142.eb30014592.56987.35765355324.ms.hifv_finalcals.s14_4.finalBPcal.tbl',
         '14B-396.sb29809142.eb30014592.56987.35765355324.ms.hifv_finalcals.s14_5.averagephasegain.tbl',
         '14B-396.sb29809142.eb30014592.56987.35765355324.ms.hifv_finalcals.s14_7.finalampgaincal.tbl',
         '14B-396.sb29809142.eb30014592.56987.35765355324.ms.hifv_finalcals.s14_8.finalphasegaincal.tbl'],
         gainfield=['', '', '', '', '', '', '', '', ''], interp=['linear',
         'linear', 'linear', 'linear', 'linear', 'linear,linearflag', 'linear',
         'linear', 'linear'], spwmap=[[], [], [], [], [], [], [], [], []],
         calwt=[False, False, False, False, False, False, False, False, False],
         parang=True, applymode='calflagstrict', flagbackup=True)
flagdata(vis='14B-396.sb29809142.eb30014592.56987.35765355324.ms',
         mode='summary')
flagdata(vis='14B-396.sb29809142.eb30014592.56987.35765355324.ms', mode='list',
         inpfile=["spw='0' fieldcnt=True mode='summary' name='AntSpw000",
         "spw='1' fieldcnt=True mode='summary' name='AntSpw001", "spw='2'
         fieldcnt=True mode='summary' name='AntSpw002", "spw='3' fieldcnt=True
         mode='summary' name='AntSpw003", "spw='4' fieldcnt=True mode='summary'
         name='AntSpw004", "spw='5' fieldcnt=True mode='summary'
         name='AntSpw005", "spw='6' fieldcnt=True mode='summary'
         name='AntSpw006", "spw='7' fieldcnt=True mode='summary'
         name='AntSpw007", "spw='8' fieldcnt=True mode='summary'
         name='AntSpw008", "spw='9' fieldcnt=True mode='summary'
         name='AntSpw009", "spw='10' fieldcnt=True mode='summary'
         name='AntSpw010", "spw='11' fieldcnt=True mode='summary'
         name='AntSpw011", "spw='12' fieldcnt=True mode='summary'
         name='AntSpw012"], flagbackup=False)

# hifv_targetflag(intents='*CALIBRATE*')
#
# No comment registered for hifv_targetflag
#
flagdata(vis='14B-396.sb29809142.eb30014592.56987.35765355324.ms',
         mode='summary')
flagdata(vis='14B-396.sb29809142.eb30014592.56987.35765355324.ms', mode='rflag',
         correlation='ABS_LL,RR', intent='*CALIBRATE*', datacolumn='corrected',
         ntime='scan', combinescans=False, extendflags=False, winsize=3,
         timedevscale=4.0, freqdevscale=4.0, action='apply', flagbackup=True,
         savepars=True)
flagdata(vis='14B-396.sb29809142.eb30014592.56987.35765355324.ms',
         mode='summary')

# hifv_statwt(pipelinemode="automatic")
#
# No comment registered for hifv_statwt
#
flagdata(vis='14B-396.sb29809142.eb30014592.56987.35765355324.ms',
         mode='summary', name='before')
statwt(vis='14B-396.sb29809142.eb30014592.56987.35765355324.ms', minsamp=8,
       datacolumn='corrected')
flagdata(vis='14B-396.sb29809142.eb30014592.56987.35765355324.ms',
         mode='summary', name='statwt')

# hifv_plotsummary(pipelinemode="automatic")
#
# No comment registered for hifv_plotsummary
#

# hif_makeimlist(nchan=-1, calcsb=False, spw='8', intent='PHASE,BANDPASS', robust=-999.0, per_eb=False, calmaxpix=300, specmode='cont', clearlist=True)
#
# A list of target sources to be imaged is constructed.
#

# hif_makeimages(tlimit=2.0, hm_minbeamfrac=-999.0, hm_dogrowprune=True, hm_negativethreshold=-999.0, calcsb=False, target_list={}, hm_noisethreshold=-999.0, hm_masking='none', hm_minpercentchange=-999.0, parallel='automatic', masklimit=4, maxncleans=1, hm_lownoisethreshold=-999.0, hm_growiterations=-999, cleancontranges=False, hm_sidelobethreshold=-999.0)
#
# A list of target sources is cleaned.
#
rmtree(path='oussid.s20_0._0137+331_3C48__bp.L_band.cont*.iter*',
       ignore_errors=True)
tclean(vis=['14B-396.sb29809142.eb30014592.56987.35765355324.ms'],
       field='"0137+331=3C48"', spw=['8'],
       antenna=['0,1,2,3,4,5,6,7,8,9,10,11,12,13,14,15,16,17,18,19,20,21,22,23,24,25,26'],
       scan=['2,3'], intent='CALIBRATE_BANDPASS#UNSPECIFIED',
       datacolumn='corrected',
       imagename='oussid.s20_0._0137+331_3C48__bp.L_band.cont.I.iter0',
       imsize=[300, 300], cell=['2.5arcsec'], phasecenter='ICRS 01:37:41.2985
       +033.09.35.151', stokes='I', specmode='mfs', nchan=-1, outframe='LSRK',
       gridder='standard', chanchunks=-1, usepointing=False, mosweight=False,
       pblimit=0.2, deconvolver='hogbom', restoration=False,
       restoringbeam='common', pbcor=False, weighting='briggs', robust=0.5,
       niter=0, threshold='0.0mJy', interactive=0, savemodel='none',
       parallel=False)
copytree(src='oussid.s20_0._0137+331_3C48__bp.L_band.cont.I.iter0.pb',
         dst='oussid.s20_0._0137+331_3C48__bp.L_band.cont.I.iter1.pb')
copytree(src='oussid.s20_0._0137+331_3C48__bp.L_band.cont.I.iter0.psf',
         dst='oussid.s20_0._0137+331_3C48__bp.L_band.cont.I.iter1.psf')
copytree(src='oussid.s20_0._0137+331_3C48__bp.L_band.cont.I.iter0.residual',
         dst='oussid.s20_0._0137+331_3C48__bp.L_band.cont.I.iter1.residual')
copytree(src='oussid.s20_0._0137+331_3C48__bp.L_band.cont.I.iter0.sumwt',
         dst='oussid.s20_0._0137+331_3C48__bp.L_band.cont.I.iter1.sumwt')
tclean(vis=['14B-396.sb29809142.eb30014592.56987.35765355324.ms'],
       field='"0137+331=3C48"', spw=['8'],
       antenna=['0,1,2,3,4,5,6,7,8,9,10,11,12,13,14,15,16,17,18,19,20,21,22,23,24,25,26'],
       scan=['2,3'], intent='CALIBRATE_BANDPASS#UNSPECIFIED',
       datacolumn='corrected',
       imagename='oussid.s20_0._0137+331_3C48__bp.L_band.cont.I.iter1',
       imsize=[300, 300], cell=['2.5arcsec'], phasecenter='ICRS 01:37:41.2985
       +033.09.35.151', stokes='I', specmode='mfs', nchan=-1, outframe='LSRK',
       gridder='standard', chanchunks=-1, usepointing=False, mosweight=False,
       pblimit=0.2, deconvolver='hogbom', restoration=True,
       restoringbeam='common', pbcor=True, weighting='briggs', robust=0.5,
       niter=5000, threshold='5.37e-05Jy', interactive=0, restart=True,
       savemodel='none', calcres=False, calcpsf=False, parallel=False)
move(src='summaryplot_1.png',
     dst='oussid.s20_0._0137+331_3C48__bp.L_band.cont.I.iter1.summaryplot.png')
rmtree(path='oussid.s20_0.J0410+7656_ph.L_band.cont*.iter*', ignore_errors=True)
tclean(vis=['14B-396.sb29809142.eb30014592.56987.35765355324.ms'],
       field='J0410+7656', spw=['8'],
       antenna=['0,1,2,3,4,5,6,7,8,9,10,11,12,13,14,15,16,17,18,19,20,21,22,23,24,25,26'],
       scan=['4,8,13,17,22'],
       intent='CALIBRATE_AMPLI#UNSPECIFIED,CALIBRATE_PHASE#UNSPECIFIED',
       datacolumn='corrected',
       imagename='oussid.s20_0.J0410+7656_ph.L_band.cont.I.iter0', imsize=[300,
       300], cell=['2.5arcsec'], phasecenter='ICRS 04:10:45.6081
       +076.56.45.315', stokes='I', specmode='mfs', nchan=-1, outframe='LSRK',
       gridder='standard', chanchunks=-1, usepointing=False, mosweight=False,
       pblimit=0.2, deconvolver='hogbom', restoration=False,
       restoringbeam='common', pbcor=False, weighting='briggs', robust=0.5,
       niter=0, threshold='0.0mJy', interactive=0, savemodel='none',
       parallel=False)
copytree(src='oussid.s20_0.J0410+7656_ph.L_band.cont.I.iter0.pb',
         dst='oussid.s20_0.J0410+7656_ph.L_band.cont.I.iter1.pb')
copytree(src='oussid.s20_0.J0410+7656_ph.L_band.cont.I.iter0.psf',
         dst='oussid.s20_0.J0410+7656_ph.L_band.cont.I.iter1.psf')
copytree(src='oussid.s20_0.J0410+7656_ph.L_band.cont.I.iter0.residual',
         dst='oussid.s20_0.J0410+7656_ph.L_band.cont.I.iter1.residual')
copytree(src='oussid.s20_0.J0410+7656_ph.L_band.cont.I.iter0.sumwt',
         dst='oussid.s20_0.J0410+7656_ph.L_band.cont.I.iter1.sumwt')
tclean(vis=['14B-396.sb29809142.eb30014592.56987.35765355324.ms'],
       field='J0410+7656', spw=['8'],
       antenna=['0,1,2,3,4,5,6,7,8,9,10,11,12,13,14,15,16,17,18,19,20,21,22,23,24,25,26'],
       scan=['4,8,13,17,22'],
       intent='CALIBRATE_AMPLI#UNSPECIFIED,CALIBRATE_PHASE#UNSPECIFIED',
       datacolumn='corrected',
       imagename='oussid.s20_0.J0410+7656_ph.L_band.cont.I.iter1', imsize=[300,
       300], cell=['2.5arcsec'], phasecenter='ICRS 04:10:45.6081
       +076.56.45.315', stokes='I', specmode='mfs', nchan=-1, outframe='LSRK',
       gridder='standard', chanchunks=-1, usepointing=False, mosweight=False,
       pblimit=0.2, deconvolver='hogbom', restoration=True,
       restoringbeam='common', pbcor=True, weighting='briggs', robust=0.5,
       niter=5000, threshold='4.93e-05Jy', interactive=0, restart=True,
       savemodel='none', calcres=False, calcpsf=False, parallel=False)
move(src='summaryplot_1.png',
     dst='oussid.s20_0.J0410+7656_ph.L_band.cont.I.iter1.summaryplot.png')

# hifv_exportdata(gainmap=False, products_dir='products/', exportmses=False)
#
# No comment registered for hifv_exportdata
#
flagmanager(vis='14B-396.sb29809142.eb30014592.56987.35765355324.ms',
            mode='save', versionname='Pipeline_Final')
exportfits(imagename='oussid.s20_0._0137+331_3C48__bp.L_band.cont.I.iter1.image.pbcor',
           fitsimage='oussid._0137+331_3C48__bp.L_band.cont.I.pbcor.fits',
           velocity=False, optical=False, bitpix=-32, minpix=0, maxpix=-1,
           overwrite=True, dropstokes=False, stokeslast=True)
exportfits(imagename='oussid.s20_0._0137+331_3C48__bp.L_band.cont.I.iter1.pb',
           fitsimage='oussid._0137+331_3C48__bp.L_band.cont.I.pb.fits',
           velocity=False, optical=False, bitpix=-32, minpix=0, maxpix=-1,
           overwrite=True, dropstokes=False, stokeslast=True)
exportfits(imagename='oussid.s20_0._0137+331_3C48__bp.L_band.cont.I.iter1.mask',
           fitsimage='oussid._0137+331_3C48__bp.L_band.cont.I.mask.fits',
           velocity=False, optical=False, bitpix=-32, minpix=0, maxpix=-1,
           overwrite=True, dropstokes=False, stokeslast=True)
exportfits(imagename='oussid.s20_0.J0410+7656_ph.L_band.cont.I.iter1.image.pbcor',
           fitsimage='oussid.J0410+7656_ph.L_band.cont.I.pbcor.fits',
           velocity=False, optical=False, bitpix=-32, minpix=0, maxpix=-1,
           overwrite=True, dropstokes=False, stokeslast=True)
exportfits(imagename='oussid.s20_0.J0410+7656_ph.L_band.cont.I.iter1.pb',
           fitsimage='oussid.J0410+7656_ph.L_band.cont.I.pb.fits',
           velocity=False, optical=False, bitpix=-32, minpix=0, maxpix=-1,
           overwrite=True, dropstokes=False, stokeslast=True)
exportfits(imagename='oussid.s20_0.J0410+7656_ph.L_band.cont.I.iter1.mask',
           fitsimage='oussid.J0410+7656_ph.L_band.cont.I.mask.fits',
           velocity=False, optical=False, bitpix=-32, minpix=0, maxpix=-1,
           overwrite=True, dropstokes=False, stokeslast=True)
