2020-03-06 12:26:56	INFO	hif_makeimlist::pipeline.infrastructure.basetask::	Starting execution for stage 19
2020-03-06 12:26:56	INFO	hif_makeimlist::pipeline.infrastructure.basetask::	Equivalent CASA call: hif_makeimlist(spw='8', per_eb=False, calcsb=False, specmode='cont', robust=-999.0, nchan=-1, calmaxpix=300, intent='PHASE,BANDPASS', clearlist=True)
2020-03-06 12:26:56	INFO	pipeline.infrastructure.basetask::imager::setDataOnThisMS()	Performing selection on MeasurementSet : /data/scratch/idchiang/EveryTHINGS/blocks/IC342.01/14B-396.sb29809142.eb30014592.56987.35765355324.ms
2020-03-06 12:26:56	INFO	pipeline.infrastructure.basetask::imager::setDataOnThisMS()	Selecting on fields : "0137+331=3C48"
2020-03-06 12:26:56	INFO	pipeline.infrastructure.basetask::imager::setDataOnThisMS()	Selecting on spectral windows expression :8
2020-03-06 12:26:56	INFO	pipeline.infrastructure.basetask::imager::setDataOnThisMS()	Selecting on scan : 2,3
2020-03-06 12:26:56	INFO	pipeline.infrastructure.basetask::imager::setDataOnThisMS()	Selecting via TaQL : ANTENNA1==0||ANTENNA1==1||ANTENNA1==2||ANTENNA1==3||ANTENNA1==4||ANTENNA1==5||ANTENNA1==6||ANTENNA1==7||ANTENNA1==8||ANTENNA1==9||ANTENNA1==10||ANTENNA1==11||ANTENNA1==12||ANTENNA1==13||ANTENNA1==14||ANTENNA1==15||ANTENNA1==16||ANTENNA1==17||ANTENNA1==18||ANTENNA1==19||ANTENNA1==20||ANTENNA1==21||ANTENNA1==22||ANTENNA1==23||ANTENNA1==24||ANTENNA1==25||ANTENNA1==26
2020-03-06 12:26:57	INFO	pipeline.infrastructure.basetask::imager::setDataOnThisMS()	Selected 90558 out of  10823436 rows.
2020-03-06 12:26:57	INFO	pipeline.infrastructure.basetask::imager::setDataOnThisMS()	Selected : [4096 chans in spw 8]
2020-03-06 12:26:57	INFO	pipeline.infrastructure.basetask::imager::advise() 	Advising image properties
2020-03-06 12:27:25	INFO	pipeline.infrastructure.basetask::imager::advise() 	Maximum uv distance = 14594.6 wavelengths
2020-03-06 12:27:25	INFO	pipeline.infrastructure.basetask::imager::advise() +	Recommended cell size < 7.06649 arcsec
2020-03-06 12:27:25	INFO	pipeline.infrastructure.basetask::imager::advise() 	Recommended number of pixels = 640
2020-03-06 12:27:25	INFO	pipeline.infrastructure.basetask::imager::advise() +	Dispersion in uv, w distance = 5831.67, 4366.48 wavelengths
2020-03-06 12:27:25	INFO	pipeline.infrastructure.basetask::imager::advise() +	Best fitting plane is w = -1.21549 * u + -0.444245 * v
2020-03-06 12:27:25	INFO	pipeline.infrastructure.basetask::imager::advise() +	Dispersion in fitted w = 88.8426 wavelengths
2020-03-06 12:27:25	INFO	pipeline.infrastructure.basetask::imager::advise() +	Wide field cleaning is not necessary
2020-03-06 12:27:25	INFO	pipeline.infrastructure.basetask::imager::setDataOnThisMS()	Performing selection on MeasurementSet : /data/scratch/idchiang/EveryTHINGS/blocks/IC342.01/14B-396.sb29809142.eb30014592.56987.35765355324.ms
2020-03-06 12:27:25	INFO	pipeline.infrastructure.basetask::imager::setDataOnThisMS()	Selecting on fields : J0410+7656
2020-03-06 12:27:25	INFO	pipeline.infrastructure.basetask::imager::setDataOnThisMS()	Selecting on spectral windows expression :8
2020-03-06 12:27:25	INFO	pipeline.infrastructure.basetask::imager::setDataOnThisMS()	Selecting on scan : 4,8,13,17,22
2020-03-06 12:27:25	INFO	pipeline.infrastructure.basetask::imager::setDataOnThisMS()	Selecting via TaQL : ANTENNA1==0||ANTENNA1==1||ANTENNA1==2||ANTENNA1==3||ANTENNA1==4||ANTENNA1==5||ANTENNA1==6||ANTENNA1==7||ANTENNA1==8||ANTENNA1==9||ANTENNA1==10||ANTENNA1==11||ANTENNA1==12||ANTENNA1==13||ANTENNA1==14||ANTENNA1==15||ANTENNA1==16||ANTENNA1==17||ANTENNA1==18||ANTENNA1==19||ANTENNA1==20||ANTENNA1==21||ANTENNA1==22||ANTENNA1==23||ANTENNA1==24||ANTENNA1==25||ANTENNA1==26
2020-03-06 12:27:26	INFO	pipeline.infrastructure.basetask::imager::setDataOnThisMS()	Selected 96174 out of  10823436 rows.
2020-03-06 12:27:26	INFO	pipeline.infrastructure.basetask::imager::setDataOnThisMS()	Selected : [4096 chans in spw 8]
2020-03-06 12:27:27	INFO	pipeline.infrastructure.basetask::imager::advise() 	Advising image properties
2020-03-06 12:28:00	INFO	pipeline.infrastructure.basetask::imager::advise() 	Maximum uv distance = 13920.1 wavelengths
2020-03-06 12:28:00	INFO	pipeline.infrastructure.basetask::imager::advise() +	Recommended cell size < 7.40889 arcsec
2020-03-06 12:28:00	INFO	pipeline.infrastructure.basetask::imager::advise() 	Recommended number of pixels = 576
2020-03-06 12:28:00	INFO	pipeline.infrastructure.basetask::imager::advise() +	Dispersion in uv, w distance = 6435.69, 3549.77 wavelengths
2020-03-06 12:28:00	INFO	pipeline.infrastructure.basetask::imager::advise() +	Best fitting plane is w = -0.696642 * u + 0.673469 * v
2020-03-06 12:28:00	INFO	pipeline.infrastructure.basetask::imager::advise() +	Dispersion in fitted w = 1055.13 wavelengths
2020-03-06 12:28:00	INFO	pipeline.infrastructure.basetask::imager::advise() +	Wide field cleaning is not necessary
2020-03-06 12:28:00	INFO	pipeline.infrastructure.basetask::imager::setDataOnThisMS()	Performing selection on MeasurementSet : /data/scratch/idchiang/EveryTHINGS/blocks/IC342.01/14B-396.sb29809142.eb30014592.56987.35765355324.ms
2020-03-06 12:28:00	INFO	pipeline.infrastructure.basetask::imager::setDataOnThisMS()	Selecting on fields : "0137+331=3C48"
2020-03-06 12:28:00	INFO	pipeline.infrastructure.basetask::imager::setDataOnThisMS()	Selecting on spectral windows expression :8
2020-03-06 12:28:00	INFO	pipeline.infrastructure.basetask::imager::setDataOnThisMS()	Selecting on scan : 2,3
2020-03-06 12:28:00	INFO	pipeline.infrastructure.basetask::imager::setDataOnThisMS()	Selecting via TaQL : ANTENNA1==0||ANTENNA1==1||ANTENNA1==2||ANTENNA1==3||ANTENNA1==4||ANTENNA1==5||ANTENNA1==6||ANTENNA1==7||ANTENNA1==8||ANTENNA1==9||ANTENNA1==10||ANTENNA1==11||ANTENNA1==12||ANTENNA1==13||ANTENNA1==14||ANTENNA1==15||ANTENNA1==16||ANTENNA1==17||ANTENNA1==18||ANTENNA1==19||ANTENNA1==20||ANTENNA1==21||ANTENNA1==22||ANTENNA1==23||ANTENNA1==24||ANTENNA1==25||ANTENNA1==26
2020-03-06 12:28:01	INFO	pipeline.infrastructure.basetask::imager::setDataOnThisMS()	Selected 90558 out of  10823436 rows.
2020-03-06 12:28:01	INFO	pipeline.infrastructure.basetask::imager::setDataOnThisMS()	Selected : [4096 chans in spw 8]
2020-03-06 12:28:01	INFO	pipeline.infrastructure.basetask::imager::advise() 	Advising image properties
2020-03-06 12:28:38	INFO	pipeline.infrastructure.basetask::imager::advise() 	Maximum uv distance = 14594.6 wavelengths
2020-03-06 12:28:38	INFO	pipeline.infrastructure.basetask::imager::advise() +	Recommended cell size < 7.06649 arcsec
2020-03-06 12:28:38	INFO	pipeline.infrastructure.basetask::imager::advise() 	Recommended number of pixels = 640
2020-03-06 12:28:38	INFO	pipeline.infrastructure.basetask::imager::advise() +	Dispersion in uv, w distance = 5831.67, 4366.48 wavelengths
2020-03-06 12:28:38	INFO	pipeline.infrastructure.basetask::imager::advise() +	Best fitting plane is w = -1.21549 * u + -0.444245 * v
2020-03-06 12:28:38	INFO	pipeline.infrastructure.basetask::imager::advise() +	Dispersion in fitted w = 88.8426 wavelengths
2020-03-06 12:28:38	INFO	pipeline.infrastructure.basetask::imager::advise() +	Wide field cleaning is not necessary
2020-03-06 12:28:38	INFO	hif_makeimlist::::	Verifying Input Parameters
2020-03-06 12:28:38	INFO	SynthesisImagerVi2::selectData 	MS : /data/scratch/idchiang/EveryTHINGS/blocks/IC342.01/14B-396.sb29809142.eb30014592.56987.35765355324.ms | Selecting on fields : "0137+331=3C48" | Selecting on spw :8 | Selecting on antenna names : 0,1,2,3,4,5,6,7,8,9,10,11,12,13,14,15,16,17,18,19,20,21,22,23,24,25,26 | [Opened in readonly mode]
2020-03-06 12:28:39	INFO	SynthesisImagerVi2::selectData 	  NRows selected : 97227
2020-03-06 12:28:40	INFO	SynthesisImagerVi2::defineImage 	Define image coordinates for [0ba9cb6f-46ec-4280-b687-094fdc054680] : 
2020-03-06 12:28:40	INFO	SynthesisImagerVi2::defineImage 	Impars : start 
2020-03-06 12:28:40	INFO	SynthesisImagerVi2::defineImage 	Shape : [1512, 1512, 1, 1]Spectral : [1.42028e+09] at [0] with increment [8.00044e+06]
2020-03-06 12:28:40	INFO	SynthesisImagerVi2::defineImage 	Set Gridding options for [0ba9cb6f-46ec-4280-b687-094fdc054680] with ftmachine : gridft
2020-03-06 12:28:40	INFO	SynthesisImagerVi2::weight() 	Set imaging weights : Briggs weighting: sidelobes will be suppressed over full image
2020-03-06 12:29:38	INFO	VisSetUtil::VisImagingWeight() 	Normal robustness, robust = 0.5
2020-03-06 12:29:38	INFO	SynthesisImager::makePSF 	----------------------------------------------------------- Make PSF ---------------------------------------------
2020-03-06 12:32:39	INFO	SIImageStore::calcSensitivity 	[0ba9cb6f-46ec-4280-b687-094fdc054680] Theoretical sensitivity (Jy/bm):1.7621e-05 
2020-03-06 12:32:39	INFO	SIImageStore::printBeamSet 	Beam : 20.5771 arcsec, 13.7809 arcsec, 80.7784 deg
2020-03-06 12:32:40	INFO	imager::setDataOnThisMS()	Performing selection on MeasurementSet : /data/scratch/idchiang/EveryTHINGS/blocks/IC342.01/14B-396.sb29809142.eb30014592.56987.35765355324.ms
2020-03-06 12:32:40	INFO	imager::setDataOnThisMS()	Selecting on fields : J0410+7656
2020-03-06 12:32:40	INFO	imager::setDataOnThisMS()	Selecting on spectral windows expression :8
2020-03-06 12:32:40	INFO	imager::setDataOnThisMS()	Selecting on scan : 4,8,13,17,22
2020-03-06 12:32:40	INFO	imager::setDataOnThisMS()	Selecting via TaQL : ANTENNA1==0||ANTENNA1==1||ANTENNA1==2||ANTENNA1==3||ANTENNA1==4||ANTENNA1==5||ANTENNA1==6||ANTENNA1==7||ANTENNA1==8||ANTENNA1==9||ANTENNA1==10||ANTENNA1==11||ANTENNA1==12||ANTENNA1==13||ANTENNA1==14||ANTENNA1==15||ANTENNA1==16||ANTENNA1==17||ANTENNA1==18||ANTENNA1==19||ANTENNA1==20||ANTENNA1==21||ANTENNA1==22||ANTENNA1==23||ANTENNA1==24||ANTENNA1==25||ANTENNA1==26
2020-03-06 12:32:41	INFO	imager::setDataOnThisMS()	Selected 96174 out of  10823436 rows.
2020-03-06 12:32:41	INFO	imager::setDataOnThisMS()	Selected : [4096 chans in spw 8]
2020-03-06 12:32:41	INFO	imager::advise() 	Advising image properties
2020-03-06 12:33:14	INFO	imager::advise() 	Maximum uv distance = 13920.1 wavelengths
2020-03-06 12:33:14	INFO	imager::advise() +	Recommended cell size < 7.40889 arcsec
2020-03-06 12:33:14	INFO	imager::advise() 	Recommended number of pixels = 576
2020-03-06 12:33:14	INFO	imager::advise() +	Dispersion in uv, w distance = 6435.69, 3549.77 wavelengths
2020-03-06 12:33:14	INFO	imager::advise() +	Best fitting plane is w = -0.696642 * u + 0.673469 * v
2020-03-06 12:33:14	INFO	imager::advise() +	Dispersion in fitted w = 1055.13 wavelengths
2020-03-06 12:33:14	INFO	imager::advise() +	Wide field cleaning is not necessary
2020-03-06 12:33:14	INFO	hif_makeimlist::::	Verifying Input Parameters
2020-03-06 12:33:14	INFO	SynthesisImagerVi2::selectData 	MS : /data/scratch/idchiang/EveryTHINGS/blocks/IC342.01/14B-396.sb29809142.eb30014592.56987.35765355324.ms | Selecting on fields : J0410+7656 | Selecting on spw :8 | Selecting on antenna names : 0,1,2,3,4,5,6,7,8,9,10,11,12,13,14,15,16,17,18,19,20,21,22,23,24,25,26 | [Opened in readonly mode]
2020-03-06 12:33:15	INFO	SynthesisImagerVi2::selectData 	  NRows selected : 96174
2020-03-06 12:33:16	INFO	SynthesisImagerVi2::defineImage 	Define image coordinates for [02188f3b-8c6d-4380-bc99-ef62a82c40d4] : 
2020-03-06 12:33:16	INFO	SynthesisImagerVi2::defineImage 	Impars : start 
2020-03-06 12:33:16	INFO	SynthesisImagerVi2::defineImage 	Shape : [1440, 1440, 1, 1]Spectral : [1.42016e+09] at [0] with increment [7.99996e+06]
2020-03-06 12:33:16	INFO	SynthesisImagerVi2::defineImage 	Set Gridding options for [02188f3b-8c6d-4380-bc99-ef62a82c40d4] with ftmachine : gridft
2020-03-06 12:33:16	INFO	SynthesisImagerVi2::weight() 	Set imaging weights : Briggs weighting: sidelobes will be suppressed over full image
2020-03-06 12:34:11	INFO	VisSetUtil::VisImagingWeight() 	Normal robustness, robust = 0.5
2020-03-06 12:34:11	INFO	SynthesisImager::makePSF 	----------------------------------------------------------- Make PSF ---------------------------------------------
2020-03-06 12:37:02	INFO	SIImageStore::calcSensitivity 	[02188f3b-8c6d-4380-bc99-ef62a82c40d4] Theoretical sensitivity (Jy/bm):1.71791e-05 
2020-03-06 12:37:02	INFO	SIImageStore::printBeamSet 	Beam : 20.6404 arcsec, 12.537 arcsec, -42.0429 deg
