2018-12-01 00:57:29	INFO		Starting EVLA_pipe_flagall.py
2018-12-01 00:57:29	INFO		Deterministic flagging
2018-12-01 00:57:29	INFO		Determine fraction of time on-source (may not be correct for pipeline re-runs on datasets already flagged)
2018-12-01 01:07:34	INFO		Initial flags summary
2018-12-01 01:07:34	INFO		Initial flagged fraction = 0.136593591906
2018-12-01 01:09:35	INFO		Online flags applied
2018-12-01 01:19:20	INFO		Initial on-source fraction = 0.829507838361
2018-12-01 01:35:03	INFO		Zero flags carried out
2018-12-01 01:44:29	INFO		Zero flags summary
2018-12-01 01:44:29	INFO		After ZERO flagged fraction = 0.170492161639
2018-12-01 01:44:29	INFO		Delta ZERO flagged fraction = 0.0338985697333
2018-12-01 01:44:52	INFO		Shadow flags carried out
2018-12-01 01:54:15	INFO		Shadow flags summary
2018-12-01 01:54:15	INFO		After SHADOW flagged fraction = 0.170492161639
2018-12-01 01:54:15	INFO		Delta SHADOW flagged fraction = 0.0
2018-12-01 01:54:15	INFO		Flag setup scans
2018-12-01 01:54:15	INFO		Flag setup scans
2018-12-01 01:54:15	INFO		Quack the data
2018-12-01 01:54:15	INFO		Flag end 5 percent of each spw or minimum of 3 channels
2018-12-01 01:54:15	INFO		Applying all flags to data
2018-12-01 01:56:08	INFO		Flagging completed 
2018-12-01 01:56:08	INFO		Flag commands saved in file flagging_commands1.txt
2018-12-01 01:56:08	INFO		Saving flags
2018-12-01 01:57:02	INFO		Flag column saved to allflags1
2018-12-01 02:06:52	INFO		Fraction of on-source data flagged = 0.099609375
2018-12-01 02:06:53	INFO		Finished EVLA_pipe_flagall.py
2018-12-01 02:06:53	INFO		QA2 score: Pass
