2018-12-01 02:56:08	INFO		Starting EVLA_pipe_flag_baddeformatters.py
2018-12-01 02:56:08	INFO		Will test on quantity: amp
2018-12-01 02:56:08	INFO		Will test using statistic: rat
2018-12-01 02:56:08	INFO		Will flag values under limit = 0.15
2018-12-01 02:56:08	INFO		Will identify basebands with more than 4 bad spw
2018-12-01 02:56:08	INFO		Will identify individual spw when less than 4 bad spw
2018-12-01 02:56:08	INFO		Will use flag REASON = bad_deformatters_amp or RFI
2018-12-01 02:56:08	INFO		Will flag data based on what we found
2018-12-01 02:56:23	INFO		 Ant 0 (ea01) EVLA_L B0D0 processing spws=[0]
2018-12-01 02:56:23	INFO		 Ant 1 (ea02) EVLA_L B0D0 processing spws=[0]
2018-12-01 02:56:23	INFO		 Ant 2 (ea03) EVLA_L B0D0 processing spws=[0]
2018-12-01 02:56:23	INFO		 Ant 3 (ea04) EVLA_L B0D0 processing spws=[0]
2018-12-01 02:56:23	INFO		 Ant 4 (ea05) EVLA_L B0D0 processing spws=[0]
2018-12-01 02:56:23	INFO		 Ant 5 (ea06) EVLA_L B0D0 processing spws=[0]
2018-12-01 02:56:23	INFO		 Ant 6 (ea07) EVLA_L B0D0 processing spws=[0]
2018-12-01 02:56:23	INFO		 Ant 7 (ea08) EVLA_L B0D0 processing spws=[0]
2018-12-01 02:56:23	INFO		 Ant 8 (ea09) EVLA_L B0D0 processing spws=[0]
2018-12-01 02:56:23	INFO		 Ant 9 (ea10) EVLA_L B0D0 processing spws=[0]
2018-12-01 02:56:23	INFO		 Ant 10 (ea11) EVLA_L B0D0 processing spws=[0]
2018-12-01 02:56:23	INFO		 Ant 11 (ea12) EVLA_L B0D0 processing spws=[0]
2018-12-01 02:56:23	INFO		 Ant 12 (ea13) EVLA_L B0D0 processing spws=[0]
2018-12-01 02:56:23	INFO		 Ant 13 (ea14) EVLA_L B0D0 processing spws=[0]
2018-12-01 02:56:23	INFO		 Ant 14 (ea15) EVLA_L B0D0 processing spws=[0]
2018-12-01 02:56:23	INFO		 Ant 15 (ea16) EVLA_L B0D0 processing spws=[0]
2018-12-01 02:56:23	INFO		 Ant 16 (ea17) EVLA_L B0D0 processing spws=[0]
2018-12-01 02:56:23	INFO		 Ant 17 (ea18) EVLA_L B0D0 processing spws=[0]
2018-12-01 02:56:23	INFO		 Ant 18 (ea19) EVLA_L B0D0 processing spws=[0]
2018-12-01 02:56:23	INFO		 Ant 19 (ea20) EVLA_L B0D0 processing spws=[0]
2018-12-01 02:56:23	INFO		 Ant 20 (ea21) EVLA_L B0D0 processing spws=[0]
2018-12-01 02:56:23	INFO		 Ant 21 (ea22) EVLA_L B0D0 processing spws=[0]
2018-12-01 02:56:23	INFO		 Ant 22 (ea24) EVLA_L B0D0 processing spws=[0]
2018-12-01 02:56:23	INFO		 Ant 23 (ea25) EVLA_L B0D0 processing spws=[0]
2018-12-01 02:56:23	INFO		 Ant 24 (ea26) EVLA_L B0D0 processing spws=[0]
2018-12-01 02:56:23	INFO		 Ant 25 (ea27) EVLA_L B0D0 processing spws=[0]
2018-12-01 02:56:23	INFO		 Ant 26 (ea28) EVLA_L B0D0 processing spws=[0]
2018-12-01 02:56:23	INFO		No bad basebands/spws found
2018-12-01 02:56:23	INFO		QA2 score: Pass
2018-12-01 02:56:23	INFO		Finished EVLA_pipe_flag_baddeformatters.py
