2018-12-01 00:49:48	INFO		Starting EVLA_pipe_msinfo.py
2018-12-01 00:49:48	INFO		Listing ms contents
2018-12-01 00:49:52	INFO		unique band string = L
2018-12-01 00:50:10	INFO		Maximum integration time is 3.0s
2018-12-01 00:50:10	INFO		Bottom ends of baseband filters are spws: []
2018-12-01 00:50:10	INFO		Top ends of baseband filters are spws: []
2018-12-01 00:50:10	INFO		Flux density calibrator(s) scans are 2,3
2018-12-01 00:50:10	INFO		Flux density calibrator(s) are fields 0
2018-12-01 00:50:11	INFO		Bandpass calibrator(s) scans are 2,3
2018-12-01 00:50:11	INFO		Bandpass calibrator(s) are fields 0
2018-12-01 00:50:11	INFO		No delay calibration scans defined, using bandpass calibrator
2018-12-01 00:50:11	INFO		Delay calibrator(s) scans are 2,3
2018-12-01 00:50:11	INFO		Delay calibrator(s) are fields 0
2018-12-01 00:50:11	INFO		No polarization calibration scans defined, no polarization calibration possible
2018-12-01 00:50:11	INFO		Phase calibrator(s) scans are 4,8,13,17,22
2018-12-01 00:50:11	INFO		Phase calibrator(s) are fields 1
2018-12-01 00:50:11	INFO		Amplitude calibrator(s) scans are 4,8,13,17,22
2018-12-01 00:50:11	INFO		Amplitude calibrator(s) are fields 1
2018-12-01 00:50:18	INFO		Zenith opacities based on weather data are: [0.0051055473227870109, 0.0052367366113529046, 0.0053163693212051394, 0.0053921027940118018, 0.0054413505472415752, 0.0054896253527931859, 0.0055238463913315885, 0.0055574995301977534, 0.0054095278410112189, 0.0054823690931481081, 0.0054984929058722841, 0.005499016842805197, 0.0055132299619186148]
2018-12-01 00:50:40	INFO		Correlations shown in plotms will be LL,RR
2018-12-01 00:50:40	INFO		Bands/basebands/spws are:
2018-12-01 00:50:40	INFO		L   A0C0   [0,1,2,3,4,5,6,7]   [0,1,2,3,4,5,6,7]
2018-12-01 00:50:40	INFO		L   B0D0   [8,9,10,11,12]   [8,9,10,11,12]
2018-12-01 00:50:40	INFO		No missing scans found.
2018-12-01 00:50:40	INFO		Plotting online flags
2018-12-01 00:50:41	INFO		Online flags plot onlineFlags.png
2018-12-01 00:50:41	INFO		Plotting antenna positions
2018-12-01 00:50:42	INFO		Antenna positions plot plotants.png
2018-12-01 00:50:42	INFO		Plotting elevation vs. time for all fields
2018-12-01 00:51:12	INFO		Elevation vs. time plot el_vs_time.png
2018-12-01 00:51:12	INFO		Finished EVLA_pipe_msinfo.py
2018-12-01 00:51:12	INFO		QA2 score: Pass
2018-12-01 02:17:15	INFO		Starting EVLA_pipe_msinfo.py
2018-12-01 02:17:15	INFO		Listing ms contents
2018-12-01 02:17:16	INFO		unique band string = L
2018-12-01 02:17:17	INFO		Maximum integration time is 3.0s
2018-12-01 02:17:17	INFO		Bottom ends of baseband filters are spws: []
2018-12-01 02:17:17	INFO		Top ends of baseband filters are spws: []
2018-12-01 02:17:17	INFO		Flux density calibrator(s) scans are 2,3
2018-12-01 02:17:17	INFO		Flux density calibrator(s) are fields 0
2018-12-01 02:17:17	INFO		Bandpass calibrator(s) scans are 2,3
2018-12-01 02:17:17	INFO		Bandpass calibrator(s) are fields 0
2018-12-01 02:17:17	INFO		No delay calibration scans defined, using bandpass calibrator
2018-12-01 02:17:17	INFO		Delay calibrator(s) scans are 2,3
2018-12-01 02:17:17	INFO		Delay calibrator(s) are fields 0
2018-12-01 02:17:17	INFO		No polarization calibration scans defined, no polarization calibration possible
2018-12-01 02:17:17	INFO		Phase calibrator(s) scans are 4,8,13,17,22
2018-12-01 02:17:17	INFO		Phase calibrator(s) are fields 1
2018-12-01 02:17:17	INFO		Amplitude calibrator(s) scans are 4,8,13,17,22
2018-12-01 02:17:17	INFO		Amplitude calibrator(s) are fields 1
2018-12-01 02:17:23	INFO		Zenith opacities based on weather data are: [0.0054095278410112189]
2018-12-01 02:17:25	INFO		Correlations shown in plotms will be LL,RR
2018-12-01 02:17:25	INFO		Bands/basebands/spws are:
2018-12-01 02:17:25	INFO		L   B0D0   [8]   [0]
2018-12-01 02:17:25	INFO		No missing scans found.
2018-12-01 02:17:25	INFO		Elevation vs. time plot el_vs_time.png
2018-12-01 02:17:25	INFO		Finished EVLA_pipe_msinfo.py
2018-12-01 02:17:25	INFO		QA2 score: Pass
