2018-12-01 03:03:57	INFO		Starting EVLA_pipe_semiFinalBPdcals1.py
2018-12-01 03:03:57	INFO		Finding a reference antenna for semi-final delay and BP calibrations
2018-12-01 03:04:20	INFO		The pipeline will use antenna ea13 as the reference
2018-12-01 03:10:28	INFO		Fraction of flagged solutions = 0.0
2018-12-01 03:10:28	INFO		Median fraction of flagged solutions per antenna = 0.0
2018-12-01 03:10:28	INFO		Delay calibration complete
2018-12-01 03:10:28	INFO		Plotting delays
2018-12-01 03:12:08	INFO		Initial gain calibration on BP calibrator complete
2018-12-01 03:12:08	INFO		Plotting initial phase gain calibration on BP calibrator
2018-12-01 03:16:31	INFO		Bandpass calibration complete
2018-12-01 03:16:31	INFO		Fraction of flagged solutions = 0.099609375
2018-12-01 03:16:31	INFO		Median fraction of flagged solutions per antenna = 0.099609375
2018-12-01 03:16:31	INFO		Plotting bandpass solutions
2018-12-01 03:26:49	INFO		Plotting complete
2018-12-01 03:26:49	INFO		Applying semi-final delay and BP calibrations to all calibrators
2018-12-01 03:33:47	INFO		Plot calibrated calibrators to check for further flagging/RFI
2018-12-01 03:36:47	INFO		QA2_delay: Pass
2018-12-01 03:36:47	INFO		QA2_BP: Pass
2018-12-01 03:36:47	INFO		QA2 score: Pass
2018-12-01 03:36:47	INFO		Finished EVLA_pipe_semiFinalBPdcals1.py
